<?xml version="1.0" encoding="utf-8"?>
<test-run id="0" testcasecount="175" total="175" passed="174" failed="0" inconclusive="0" skipped="1" asserts="757" result="Passed" portable-engine-version="3.3.0.0" start-time="2017-01-13 16:18:32Z" end-time="2017-01-13 16:18:33Z" duration="1.269839">
  <test-run id="0" testcasecount="175" total="175" passed="174" failed="0" inconclusive="0" skipped="1" asserts="757" result="Passed" portable-engine-version="3.3.0.0" start-time="2017-01-13 16:18:32Z" end-time="2017-01-13 16:18:33Z" duration="1.109537">
    <test-suite type="Assembly" id="1209" name="DateTimeExtensions.Tests.dll" fullname="c:/JMS/Repository/DateTimeExtensions/tests/DateTimeExtensions.Tests/bin/Debug/netcoreapp1.0/DateTimeExtensions.Tests.dll" runstate="Runnable" testcasecount="175" result="Skipped" label="Ignored" start-time="2017-01-13 16:18:32Z" end-time="2017-01-13 16:18:33Z" duration="1.044323" total="175" passed="174" failed="0" warnings="0" inconclusive="0" skipped="1" asserts="757">
      <environment framework-version="3.6.0.0" clr-version=".NET Core 4.6.24628.01" os-version="Microsoft Windows 10.0.14393 " cwd="c:\JMS\Repository\DateTimeExtensions\tests\DateTimeExtensions.Tests" machine-name="JMS-MINDBUS" culture="pt-PT" uiculture="es-ES" os-architecture="X64" />
      <settings>
        <setting name="WorkDirectory" value="c:\JMS\Repository\DateTimeExtensions\tests\DateTimeExtensions.Tests" />
      </settings>
      <reason>
        <message><![CDATA[One or more child tests were ignored]]></message>
      </reason>
      <test-suite type="TestSuite" id="1210" name="DateTimeExtensions" fullname="DateTimeExtensions" runstate="Runnable" testcasecount="175" result="Skipped" label="Ignored" start-time="2017-01-13 16:18:32Z" end-time="2017-01-13 16:18:33Z" duration="1.035357" total="175" passed="174" failed="0" warnings="0" inconclusive="0" skipped="1" asserts="757">
        <reason>
          <message><![CDATA[One or more child tests were ignored]]></message>
        </reason>
        <test-suite type="TestSuite" id="1211" name="Tests" fullname="DateTimeExtensions.Tests" runstate="Runnable" testcasecount="175" result="Skipped" label="Ignored" start-time="2017-01-13 16:18:32Z" end-time="2017-01-13 16:18:33Z" duration="1.034727" total="175" passed="174" failed="0" warnings="0" inconclusive="0" skipped="1" asserts="757">
          <reason>
            <message><![CDATA[One or more child tests were ignored]]></message>
          </reason>
          <test-suite type="TestFixture" id="1000" name="ARSAWorkingDays" fullname="DateTimeExtensions.Tests.ARSAWorkingDays" classname="DateTimeExtensions.Tests.ARSAWorkingDays" runstate="Runnable" testcasecount="4" result="Passed" start-time="2017-01-13 16:18:32Z" end-time="2017-01-13 16:18:32Z" duration="0.133807" total="4" passed="4" failed="0" warnings="0" inconclusive="0" skipped="0" asserts="37">
            <test-case id="1002" name="are_working_days_on_friday_and_saturday" fullname="DateTimeExtensions.Tests.ARSAWorkingDays.are_working_days_on_friday_and_saturday" methodname="are_working_days_on_friday_and_saturday" classname="DateTimeExtensions.Tests.ARSAWorkingDays" runstate="Runnable" seed="719767642" result="Passed" start-time="2017-01-13 16:18:32Z" end-time="2017-01-13 16:18:32Z" duration="0.017134" asserts="2" />
            <test-case id="1004" name="can_generate_holidays" fullname="DateTimeExtensions.Tests.ARSAWorkingDays.can_generate_holidays" methodname="can_generate_holidays" classname="DateTimeExtensions.Tests.ARSAWorkingDays" runstate="Runnable" seed="1201583302" result="Passed" start-time="2017-01-13 16:18:32Z" end-time="2017-01-13 16:18:32Z" duration="0.036940" asserts="20" />
            <test-case id="1001" name="can_get_strateryies" fullname="DateTimeExtensions.Tests.ARSAWorkingDays.can_get_strateryies" methodname="can_get_strateryies" classname="DateTimeExtensions.Tests.ARSAWorkingDays" runstate="Runnable" seed="708564097" result="Passed" start-time="2017-01-13 16:18:32Z" end-time="2017-01-13 16:18:32Z" duration="0.018076" asserts="2" />
            <test-case id="1003" name="holiday_days_span" fullname="DateTimeExtensions.Tests.ARSAWorkingDays.holiday_days_span" methodname="holiday_days_span" classname="DateTimeExtensions.Tests.ARSAWorkingDays" runstate="Runnable" seed="822597511" result="Passed" start-time="2017-01-13 16:18:32Z" end-time="2017-01-13 16:18:32Z" duration="0.002886" asserts="13" />
          </test-suite>
          <test-suite type="TestFixture" id="1005" name="ChineseHolidaysTests" fullname="DateTimeExtensions.Tests.ChineseHolidaysTests" classname="DateTimeExtensions.Tests.ChineseHolidaysTests" runstate="Runnable" testcasecount="2" result="Passed" start-time="2017-01-13 16:18:32Z" end-time="2017-01-13 16:18:32Z" duration="0.012393" total="2" passed="2" failed="0" warnings="0" inconclusive="0" skipped="0" asserts="6">
            <test-case id="1006" name="SpringFetivalTests" fullname="DateTimeExtensions.Tests.ChineseHolidaysTests.SpringFetivalTests" methodname="SpringFetivalTests" classname="DateTimeExtensions.Tests.ChineseHolidaysTests" runstate="Runnable" seed="733425936" result="Passed" start-time="2017-01-13 16:18:32Z" end-time="2017-01-13 16:18:32Z" duration="0.006207" asserts="3" />
            <test-case id="1007" name="TombSweepingDayTests" fullname="DateTimeExtensions.Tests.ChineseHolidaysTests.TombSweepingDayTests" methodname="TombSweepingDayTests" classname="DateTimeExtensions.Tests.ChineseHolidaysTests" runstate="Runnable" seed="763367694" result="Passed" start-time="2017-01-13 16:18:32Z" end-time="2017-01-13 16:18:32Z" duration="0.002211" asserts="3" />
          </test-suite>
          <test-suite type="TestFixture" id="1008" name="ChristianHolidaysTests" fullname="DateTimeExtensions.Tests.ChristianHolidaysTests" classname="DateTimeExtensions.Tests.ChristianHolidaysTests" runstate="Runnable" testcasecount="5" result="Passed" start-time="2017-01-13 16:18:32Z" end-time="2017-01-13 16:18:32Z" duration="0.036291" total="5" passed="5" failed="0" warnings="0" inconclusive="0" skipped="0" asserts="135">
            <test-case id="1011" name="ascencion_is_39_days_after_easter" fullname="DateTimeExtensions.Tests.ChristianHolidaysTests.ascencion_is_39_days_after_easter" methodname="ascencion_is_39_days_after_easter" classname="DateTimeExtensions.Tests.ChristianHolidaysTests" runstate="Runnable" seed="132593683" result="Passed" start-time="2017-01-13 16:18:32Z" end-time="2017-01-13 16:18:32Z" duration="0.005610" asserts="27" />
            <test-case id="1009" name="can_calculate_easter" fullname="DateTimeExtensions.Tests.ChristianHolidaysTests.can_calculate_easter" methodname="can_calculate_easter" classname="DateTimeExtensions.Tests.ChristianHolidaysTests" runstate="Runnable" seed="1625231653" result="Passed" start-time="2017-01-13 16:18:32Z" end-time="2017-01-13 16:18:32Z" duration="0.000993" asserts="27" />
            <test-case id="1013" name="carnival_is_47_days_before_easter" fullname="DateTimeExtensions.Tests.ChristianHolidaysTests.carnival_is_47_days_before_easter" methodname="carnival_is_47_days_before_easter" classname="DateTimeExtensions.Tests.ChristianHolidaysTests" runstate="Runnable" seed="1721370924" result="Passed" start-time="2017-01-13 16:18:32Z" end-time="2017-01-13 16:18:32Z" duration="0.001558" asserts="27" />
            <test-case id="1012" name="palmSunday_is_7_days_before_easter" fullname="DateTimeExtensions.Tests.ChristianHolidaysTests.palmSunday_is_7_days_before_easter" methodname="palmSunday_is_7_days_before_easter" classname="DateTimeExtensions.Tests.ChristianHolidaysTests" runstate="Runnable" seed="1552266185" result="Passed" start-time="2017-01-13 16:18:32Z" end-time="2017-01-13 16:18:32Z" duration="0.013096" asserts="27" />
            <test-case id="1010" name="pentecost_is_49_days_after_easter" fullname="DateTimeExtensions.Tests.ChristianHolidaysTests.pentecost_is_49_days_after_easter" methodname="pentecost_is_49_days_after_easter" classname="DateTimeExtensions.Tests.ChristianHolidaysTests" runstate="Runnable" seed="1066576341" result="Passed" start-time="2017-01-13 16:18:32Z" end-time="2017-01-13 16:18:32Z" duration="0.001854" asserts="27" />
          </test-suite>
          <test-suite type="TestFixture" id="1196" name="DefaultNamesTest" fullname="DateTimeExtensions.Tests.DefaultNamesTest" classname="DateTimeExtensions.Tests.DefaultNamesTest" runstate="Runnable" testcasecount="1" result="Passed" start-time="2017-01-13 16:18:32Z" end-time="2017-01-13 16:18:32Z" duration="0.008119" total="1" passed="1" failed="0" warnings="0" inconclusive="0" skipped="0" asserts="13">
            <test-case id="1197" name="AssertDefaultGlobalHolidaysAreTranslated" fullname="DateTimeExtensions.Tests.DefaultNamesTest.AssertDefaultGlobalHolidaysAreTranslated" methodname="AssertDefaultGlobalHolidaysAreTranslated" classname="DateTimeExtensions.Tests.DefaultNamesTest" runstate="Runnable" seed="765454143" result="Passed" start-time="2017-01-13 16:18:32Z" end-time="2017-01-13 16:18:32Z" duration="0.005388" asserts="13" />
          </test-suite>
          <test-suite type="TestFixture" id="1014" name="en_NZCalendarTest" fullname="DateTimeExtensions.Tests.en_NZCalendarTest" classname="DateTimeExtensions.Tests.en_NZCalendarTest" runstate="Runnable" testcasecount="4" result="Passed" start-time="2017-01-13 16:18:32Z" end-time="2017-01-13 16:18:32Z" duration="0.017059" total="4" passed="4" failed="0" warnings="0" inconclusive="0" skipped="0" asserts="32">
            <test-case id="1018" name="BoxingDay" fullname="DateTimeExtensions.Tests.en_NZCalendarTest.BoxingDay" methodname="BoxingDay" classname="DateTimeExtensions.Tests.en_NZCalendarTest" runstate="Runnable" seed="1400159481" result="Passed" start-time="2017-01-13 16:18:32Z" end-time="2017-01-13 16:18:32Z" duration="0.007764" asserts="8" />
            <test-case id="1017" name="Christmas" fullname="DateTimeExtensions.Tests.en_NZCalendarTest.Christmas" methodname="Christmas" classname="DateTimeExtensions.Tests.en_NZCalendarTest" runstate="Runnable" seed="1568390066" result="Passed" start-time="2017-01-13 16:18:32Z" end-time="2017-01-13 16:18:32Z" duration="0.001229" asserts="8" />
            <test-case id="1016" name="DayAfterNewYearsDay" fullname="DateTimeExtensions.Tests.en_NZCalendarTest.DayAfterNewYearsDay" methodname="DayAfterNewYearsDay" classname="DateTimeExtensions.Tests.en_NZCalendarTest" runstate="Runnable" seed="1891385909" result="Passed" start-time="2017-01-13 16:18:32Z" end-time="2017-01-13 16:18:32Z" duration="0.001179" asserts="8" />
            <test-case id="1015" name="NewYearsDay" fullname="DateTimeExtensions.Tests.en_NZCalendarTest.NewYearsDay" methodname="NewYearsDay" classname="DateTimeExtensions.Tests.en_NZCalendarTest" runstate="Runnable" seed="1508556739" result="Passed" start-time="2017-01-13 16:18:32Z" end-time="2017-01-13 16:18:32Z" duration="0.000587" asserts="8" />
          </test-suite>
          <test-suite type="TestFixture" id="1019" name="ExampleTests" fullname="DateTimeExtensions.Tests.ExampleTests" classname="DateTimeExtensions.Tests.ExampleTests" runstate="Runnable" testcasecount="12" result="Skipped" label="Ignored" start-time="2017-01-13 16:18:32Z" end-time="2017-01-13 16:18:32Z" duration="0.100303" total="12" passed="11" failed="0" warnings="0" inconclusive="0" skipped="1" asserts="56">
            <reason>
              <message><![CDATA[One or more child tests were ignored]]></message>
            </reason>
            <test-case id="1024" name="check_working_day" fullname="DateTimeExtensions.Tests.ExampleTests.check_working_day" methodname="check_working_day" classname="DateTimeExtensions.Tests.ExampleTests" runstate="Runnable" seed="860389710" result="Passed" start-time="2017-01-13 16:18:32Z" end-time="2017-01-13 16:18:32Z" duration="0.023218" asserts="4" />
            <test-case id="1031" name="get_first_and_last_tuesday_of_august" fullname="DateTimeExtensions.Tests.ExampleTests.get_first_and_last_tuesday_of_august" methodname="get_first_and_last_tuesday_of_august" classname="DateTimeExtensions.Tests.ExampleTests" runstate="Runnable" seed="2112378463" result="Passed" start-time="2017-01-13 16:18:32Z" end-time="2017-01-13 16:18:32Z" duration="0.000680" asserts="2" />
            <test-case id="1030" name="get_next_and_last_tuesday" fullname="DateTimeExtensions.Tests.ExampleTests.get_next_and_last_tuesday" methodname="get_next_and_last_tuesday" classname="DateTimeExtensions.Tests.ExampleTests" runstate="Runnable" seed="2131140459" result="Passed" start-time="2017-01-13 16:18:32Z" end-time="2017-01-13 16:18:32Z" duration="0.000340" asserts="2" />
            <test-case id="1029" name="get_us_holidays_in_2015_passes" fullname="DateTimeExtensions.Tests.ExampleTests.get_us_holidays_in_2015_passes" methodname="get_us_holidays_in_2015_passes" classname="DateTimeExtensions.Tests.ExampleTests" runstate="Runnable" seed="2100453426" result="Passed" start-time="2017-01-13 16:18:32Z" end-time="2017-01-13 16:18:32Z" duration="0.046389" asserts="11" />
            <test-case id="1028" name="get_year_prior_2013_holidays_in_portugal" fullname="DateTimeExtensions.Tests.ExampleTests.get_year_prior_2013_holidays_in_portugal" methodname="get_year_prior_2013_holidays_in_portugal" classname="DateTimeExtensions.Tests.ExampleTests" runstate="Runnable" seed="1470449320" result="Passed" start-time="2017-01-13 16:18:32Z" end-time="2017-01-13 16:18:32Z" duration="0.001167" asserts="14" />
            <test-case id="1027" name="get_year_since_2013_holidays_in_portugal" fullname="DateTimeExtensions.Tests.ExampleTests.get_year_since_2013_holidays_in_portugal" methodname="get_year_since_2013_holidays_in_portugal" classname="DateTimeExtensions.Tests.ExampleTests" runstate="Runnable" seed="1563264297" result="Passed" start-time="2017-01-13 16:18:32Z" end-time="2017-01-13 16:18:32Z" duration="0.001108" asserts="10" />
            <test-case id="1022" name="globally_recomended_calculation" fullname="DateTimeExtensions.Tests.ExampleTests.globally_recomended_calculation" methodname="globally_recomended_calculation" classname="DateTimeExtensions.Tests.ExampleTests" runstate="Runnable" seed="642188218" result="Passed" start-time="2017-01-13 16:18:32Z" end-time="2017-01-13 16:18:32Z" duration="0.001212" asserts="2" />
            <test-case id="1023" name="holidays" fullname="DateTimeExtensions.Tests.ExampleTests.holidays" methodname="holidays" classname="DateTimeExtensions.Tests.ExampleTests" runstate="Runnable" seed="579063465" result="Passed" start-time="2017-01-13 16:18:32Z" end-time="2017-01-13 16:18:32Z" duration="0.001238" asserts="4" />
            <test-case id="1026" name="provide_custom_culture" fullname="DateTimeExtensions.Tests.ExampleTests.provide_custom_culture" methodname="provide_custom_culture" classname="DateTimeExtensions.Tests.ExampleTests" runstate="Runnable" seed="1506322735" result="Passed" start-time="2017-01-13 16:18:32Z" end-time="2017-01-13 16:18:32Z" duration="0.002341" asserts="3" />
            <test-case id="1025" name="provide_custom_strategies" fullname="DateTimeExtensions.Tests.ExampleTests.provide_custom_strategies" methodname="provide_custom_strategies" classname="DateTimeExtensions.Tests.ExampleTests" runstate="Ignored" seed="11010111" result="Skipped" label="Ignored" start-time="2017-01-13 16:18:32Z" end-time="2017-01-13 16:18:32Z" duration="0.000964" asserts="0">
              <properties>
                <property name="_SKIPREASON" value="For now discovering Strategies outside of the own DateTimeExtensions library is not supported" />
              </properties>
              <reason>
                <message><![CDATA[For now discovering Strategies outside of the own DateTimeExtensions library is not supported]]></message>
              </reason>
            </test-case>
            <test-case id="1021" name="recomended_calculation" fullname="DateTimeExtensions.Tests.ExampleTests.recomended_calculation" methodname="recomended_calculation" classname="DateTimeExtensions.Tests.ExampleTests" runstate="Runnable" seed="1522803449" result="Passed" start-time="2017-01-13 16:18:32Z" end-time="2017-01-13 16:18:32Z" duration="0.000884" asserts="2" />
            <test-case id="1020" name="simple_calculation" fullname="DateTimeExtensions.Tests.ExampleTests.simple_calculation" methodname="simple_calculation" classname="DateTimeExtensions.Tests.ExampleTests" runstate="Runnable" seed="1333203497" result="Passed" start-time="2017-01-13 16:18:32Z" end-time="2017-01-13 16:18:32Z" duration="0.001324" asserts="2" />
          </test-suite>
          <test-suite type="TestFixture" id="1032" name="FrCaHolidaysTests" fullname="DateTimeExtensions.Tests.FrCaHolidaysTests" classname="DateTimeExtensions.Tests.FrCaHolidaysTests" runstate="Runnable" testcasecount="4" result="Passed" start-time="2017-01-13 16:18:32Z" end-time="2017-01-13 16:18:32Z" duration="0.018538" total="4" passed="4" failed="0" warnings="0" inconclusive="0" skipped="0" asserts="5">
            <test-case id="1034" name="assert_holidays_count" fullname="DateTimeExtensions.Tests.FrCaHolidaysTests.assert_holidays_count" methodname="assert_holidays_count" classname="DateTimeExtensions.Tests.FrCaHolidaysTests" runstate="Runnable" seed="1453606738" result="Passed" start-time="2017-01-13 16:18:32Z" end-time="2017-01-13 16:18:32Z" duration="0.006101" asserts="1" />
            <test-case id="1035" name="assert_holidays_on_weekend_observed_on_monday" fullname="DateTimeExtensions.Tests.FrCaHolidaysTests.assert_holidays_on_weekend_observed_on_monday" methodname="assert_holidays_on_weekend_observed_on_monday" classname="DateTimeExtensions.Tests.FrCaHolidaysTests" runstate="Runnable" seed="568119488" result="Passed" start-time="2017-01-13 16:18:32Z" end-time="2017-01-13 16:18:32Z" duration="0.001428" asserts="2" />
            <test-case id="1033" name="can_get_stratery" fullname="DateTimeExtensions.Tests.FrCaHolidaysTests.can_get_stratery" methodname="can_get_stratery" classname="DateTimeExtensions.Tests.FrCaHolidaysTests" runstate="Runnable" seed="444146516" result="Passed" start-time="2017-01-13 16:18:32Z" end-time="2017-01-13 16:18:32Z" duration="0.001316" asserts="1" />
            <test-case id="1036" name="CanWorkOn2016" fullname="DateTimeExtensions.Tests.FrCaHolidaysTests.CanWorkOn2016" methodname="CanWorkOn2016" classname="DateTimeExtensions.Tests.FrCaHolidaysTests" runstate="Runnable" seed="102676903" result="Passed" start-time="2017-01-13 16:18:32Z" end-time="2017-01-13 16:18:32Z" duration="0.001404" asserts="1" />
          </test-suite>
          <test-suite type="TestFixture" id="1037" name="FRNaturalTimeTests" fullname="DateTimeExtensions.Tests.FRNaturalTimeTests" classname="DateTimeExtensions.Tests.FRNaturalTimeTests" runstate="Runnable" testcasecount="8" result="Passed" start-time="2017-01-13 16:18:32Z" end-time="2017-01-13 16:18:32Z" duration="0.034668" total="8" passed="8" failed="0" warnings="0" inconclusive="0" skipped="0" asserts="35">
            <test-case id="1042" name="are_orderless" fullname="DateTimeExtensions.Tests.FRNaturalTimeTests.are_orderless" methodname="are_orderless" classname="DateTimeExtensions.Tests.FRNaturalTimeTests" runstate="Runnable" seed="2048606645" result="Passed" start-time="2017-01-13 16:18:32Z" end-time="2017-01-13 16:18:32Z" duration="0.013596" asserts="5" />
            <test-case id="1045" name="can_pluralize" fullname="DateTimeExtensions.Tests.FRNaturalTimeTests.can_pluralize" methodname="can_pluralize" classname="DateTimeExtensions.Tests.FRNaturalTimeTests" runstate="Runnable" seed="962401773" result="Passed" start-time="2017-01-13 16:18:32Z" end-time="2017-01-13 16:18:32Z" duration="0.000460" asserts="6" />
            <test-case id="1044" name="can_pluralize_months" fullname="DateTimeExtensions.Tests.FRNaturalTimeTests.can_pluralize_months" methodname="can_pluralize_months" classname="DateTimeExtensions.Tests.FRNaturalTimeTests" runstate="Runnable" seed="204843457" result="Passed" start-time="2017-01-13 16:18:32Z" end-time="2017-01-13 16:18:32Z" duration="0.002089" asserts="6" />
            <test-case id="1043" name="can_pluralize_years" fullname="DateTimeExtensions.Tests.FRNaturalTimeTests.can_pluralize_years" methodname="can_pluralize_years" classname="DateTimeExtensions.Tests.FRNaturalTimeTests" runstate="Runnable" seed="1036015644" result="Passed" start-time="2017-01-13 16:18:32Z" end-time="2017-01-13 16:18:32Z" duration="0.000466" asserts="6" />
            <test-case id="1040" name="can_tranlate_to_exact_natural_text" fullname="DateTimeExtensions.Tests.FRNaturalTimeTests.can_tranlate_to_exact_natural_text" methodname="can_tranlate_to_exact_natural_text" classname="DateTimeExtensions.Tests.FRNaturalTimeTests" runstate="Runnable" seed="994597844" result="Passed" start-time="2017-01-13 16:18:32Z" end-time="2017-01-13 16:18:32Z" duration="0.000414" asserts="3" />
            <test-case id="1041" name="can_tranlate_to_exact_natural_text_full" fullname="DateTimeExtensions.Tests.FRNaturalTimeTests.can_tranlate_to_exact_natural_text_full" methodname="can_tranlate_to_exact_natural_text_full" classname="DateTimeExtensions.Tests.FRNaturalTimeTests" runstate="Runnable" seed="358667161" result="Passed" start-time="2017-01-13 16:18:32Z" end-time="2017-01-13 16:18:32Z" duration="0.000401" asserts="3" />
            <test-case id="1038" name="can_tranlate_to_natural_text" fullname="DateTimeExtensions.Tests.FRNaturalTimeTests.can_tranlate_to_natural_text" methodname="can_tranlate_to_natural_text" classname="DateTimeExtensions.Tests.FRNaturalTimeTests" runstate="Runnable" seed="1220483348" result="Passed" start-time="2017-01-13 16:18:32Z" end-time="2017-01-13 16:18:32Z" duration="0.000371" asserts="3" />
            <test-case id="1039" name="can_tranlate_to_natural_text_rounded" fullname="DateTimeExtensions.Tests.FRNaturalTimeTests.can_tranlate_to_natural_text_rounded" methodname="can_tranlate_to_natural_text_rounded" classname="DateTimeExtensions.Tests.FRNaturalTimeTests" runstate="Runnable" seed="202189378" result="Passed" start-time="2017-01-13 16:18:32Z" end-time="2017-01-13 16:18:32Z" duration="0.001002" asserts="3" />
          </test-suite>
          <test-suite type="TestFixture" id="1046" name="GenericCalendarTests" fullname="DateTimeExtensions.Tests.GenericCalendarTests" classname="DateTimeExtensions.Tests.GenericCalendarTests" runstate="Runnable" testcasecount="8" result="Passed" start-time="2017-01-13 16:18:32Z" end-time="2017-01-13 16:18:32Z" duration="0.045533" total="8" passed="8" failed="0" warnings="0" inconclusive="0" skipped="0" asserts="28">
            <test-case id="1051" name="adding_large_number_of_days" fullname="DateTimeExtensions.Tests.GenericCalendarTests.adding_large_number_of_days" methodname="adding_large_number_of_days" classname="DateTimeExtensions.Tests.GenericCalendarTests" runstate="Runnable" seed="1659259474" result="Passed" start-time="2017-01-13 16:18:32Z" end-time="2017-01-13 16:18:32Z" duration="0.000439" asserts="2" />
            <test-case id="1048" name="adding_working_days_should_not_count_weekends" fullname="DateTimeExtensions.Tests.GenericCalendarTests.adding_working_days_should_not_count_weekends" methodname="adding_working_days_should_not_count_weekends" classname="DateTimeExtensions.Tests.GenericCalendarTests" runstate="Runnable" seed="1131129208" result="Passed" start-time="2017-01-13 16:18:32Z" end-time="2017-01-13 16:18:32Z" duration="0.000669" asserts="5" />
            <test-case id="1050" name="adding_zero_working_days_should_return_same_day" fullname="DateTimeExtensions.Tests.GenericCalendarTests.adding_zero_working_days_should_return_same_day" methodname="adding_zero_working_days_should_return_same_day" classname="DateTimeExtensions.Tests.GenericCalendarTests" runstate="Runnable" seed="397926118" result="Passed" start-time="2017-01-13 16:18:32Z" end-time="2017-01-13 16:18:32Z" duration="0.001239" asserts="3" />
            <test-case id="1047" name="default_working_days" fullname="DateTimeExtensions.Tests.GenericCalendarTests.default_working_days" methodname="default_working_days" classname="DateTimeExtensions.Tests.GenericCalendarTests" runstate="Runnable" seed="139259374" result="Passed" start-time="2017-01-13 16:18:32Z" end-time="2017-01-13 16:18:32Z" duration="0.001338" asserts="10" />
            <test-case id="1052" name="get_working_days" fullname="DateTimeExtensions.Tests.GenericCalendarTests.get_working_days" methodname="get_working_days" classname="DateTimeExtensions.Tests.GenericCalendarTests" runstate="Runnable" seed="1437229273" result="Passed" start-time="2017-01-13 16:18:32Z" end-time="2017-01-13 16:18:32Z" duration="0.011866" asserts="1" />
            <test-case id="1053" name="get_working_days_reverse" fullname="DateTimeExtensions.Tests.GenericCalendarTests.get_working_days_reverse" methodname="get_working_days_reverse" classname="DateTimeExtensions.Tests.GenericCalendarTests" runstate="Runnable" seed="265676957" result="Passed" start-time="2017-01-13 16:18:32Z" end-time="2017-01-13 16:18:32Z" duration="0.001621" asserts="1" />
            <test-case id="1054" name="get_working_days_same_day" fullname="DateTimeExtensions.Tests.GenericCalendarTests.get_working_days_same_day" methodname="get_working_days_same_day" classname="DateTimeExtensions.Tests.GenericCalendarTests" runstate="Runnable" seed="1185160159" result="Passed" start-time="2017-01-13 16:18:32Z" end-time="2017-01-13 16:18:32Z" duration="0.001009" asserts="1" />
            <test-case id="1049" name="subtracting_working_days_should_not_count_weekends" fullname="DateTimeExtensions.Tests.GenericCalendarTests.subtracting_working_days_should_not_count_weekends" methodname="subtracting_working_days_should_not_count_weekends" classname="DateTimeExtensions.Tests.GenericCalendarTests" runstate="Runnable" seed="1774860798" result="Passed" start-time="2017-01-13 16:18:32Z" end-time="2017-01-13 16:18:32Z" duration="0.000452" asserts="5" />
          </test-suite>
          <test-suite type="TestFixture" id="1055" name="GenericNaturalTimeTests" fullname="DateTimeExtensions.Tests.GenericNaturalTimeTests" classname="DateTimeExtensions.Tests.GenericNaturalTimeTests" runstate="Runnable" testcasecount="13" result="Passed" start-time="2017-01-13 16:18:32Z" end-time="2017-01-13 16:18:32Z" duration="0.026836" total="13" passed="13" failed="0" warnings="0" inconclusive="0" skipped="0" asserts="66">
            <test-case id="1064" name="are_orderless" fullname="DateTimeExtensions.Tests.GenericNaturalTimeTests.are_orderless" methodname="are_orderless" classname="DateTimeExtensions.Tests.GenericNaturalTimeTests" runstate="Runnable" seed="2133306078" result="Passed" start-time="2017-01-13 16:18:32Z" end-time="2017-01-13 16:18:32Z" duration="0.001764" asserts="5" />
            <test-case id="1067" name="can_pluralize" fullname="DateTimeExtensions.Tests.GenericNaturalTimeTests.can_pluralize" methodname="can_pluralize" classname="DateTimeExtensions.Tests.GenericNaturalTimeTests" runstate="Runnable" seed="366655421" result="Passed" start-time="2017-01-13 16:18:32Z" end-time="2017-01-13 16:18:32Z" duration="0.000523" asserts="6" />
            <test-case id="1066" name="can_pluralize_months" fullname="DateTimeExtensions.Tests.GenericNaturalTimeTests.can_pluralize_months" methodname="can_pluralize_months" classname="DateTimeExtensions.Tests.GenericNaturalTimeTests" runstate="Runnable" seed="918565456" result="Passed" start-time="2017-01-13 16:18:32Z" end-time="2017-01-13 16:18:32Z" duration="0.000741" asserts="6" />
            <test-case id="1065" name="can_pluralize_years" fullname="DateTimeExtensions.Tests.GenericNaturalTimeTests.can_pluralize_years" methodname="can_pluralize_years" classname="DateTimeExtensions.Tests.GenericNaturalTimeTests" runstate="Runnable" seed="1145389986" result="Passed" start-time="2017-01-13 16:18:32Z" end-time="2017-01-13 16:18:32Z" duration="0.000535" asserts="6" />
            <test-case id="1068" name="can_round" fullname="DateTimeExtensions.Tests.GenericNaturalTimeTests.can_round" methodname="can_round" classname="DateTimeExtensions.Tests.GenericNaturalTimeTests" runstate="Runnable" seed="1051422714" result="Passed" start-time="2017-01-13 16:18:32Z" end-time="2017-01-13 16:18:32Z" duration="0.001912" asserts="19" />
            <test-case id="1058" name="can_tranlate_to_exact_natural_text" fullname="DateTimeExtensions.Tests.GenericNaturalTimeTests.can_tranlate_to_exact_natural_text" methodname="can_tranlate_to_exact_natural_text" classname="DateTimeExtensions.Tests.GenericNaturalTimeTests" runstate="Runnable" seed="389874104" result="Passed" start-time="2017-01-13 16:18:32Z" end-time="2017-01-13 16:18:32Z" duration="0.000344" asserts="3" />
            <test-case id="1059" name="can_tranlate_to_exact_natural_text_full" fullname="DateTimeExtensions.Tests.GenericNaturalTimeTests.can_tranlate_to_exact_natural_text_full" methodname="can_tranlate_to_exact_natural_text_full" classname="DateTimeExtensions.Tests.GenericNaturalTimeTests" runstate="Runnable" seed="1211936493" result="Passed" start-time="2017-01-13 16:18:32Z" end-time="2017-01-13 16:18:32Z" duration="0.000427" asserts="3" />
            <test-case id="1063" name="can_tranlate_to_exact_natural_text_full_on_april" fullname="DateTimeExtensions.Tests.GenericNaturalTimeTests.can_tranlate_to_exact_natural_text_full_on_april" methodname="can_tranlate_to_exact_natural_text_full_on_april" classname="DateTimeExtensions.Tests.GenericNaturalTimeTests" runstate="Runnable" seed="576256846" result="Passed" start-time="2017-01-13 16:18:32Z" end-time="2017-01-13 16:18:32Z" duration="0.000616" asserts="3" />
            <test-case id="1060" name="can_tranlate_to_exact_natural_text_full_on_february_with_leap" fullname="DateTimeExtensions.Tests.GenericNaturalTimeTests.can_tranlate_to_exact_natural_text_full_on_february_with_leap" methodname="can_tranlate_to_exact_natural_text_full_on_february_with_leap" classname="DateTimeExtensions.Tests.GenericNaturalTimeTests" runstate="Runnable" seed="1128385426" result="Passed" start-time="2017-01-13 16:18:32Z" end-time="2017-01-13 16:18:32Z" duration="0.000474" asserts="3" />
            <test-case id="1061" name="can_tranlate_to_exact_natural_text_full_on_february_without_leap" fullname="DateTimeExtensions.Tests.GenericNaturalTimeTests.can_tranlate_to_exact_natural_text_full_on_february_without_leap" methodname="can_tranlate_to_exact_natural_text_full_on_february_without_leap" classname="DateTimeExtensions.Tests.GenericNaturalTimeTests" runstate="Runnable" seed="222658414" result="Passed" start-time="2017-01-13 16:18:32Z" end-time="2017-01-13 16:18:32Z" duration="0.000385" asserts="3" />
            <test-case id="1062" name="can_tranlate_to_exact_natural_text_full_on_march" fullname="DateTimeExtensions.Tests.GenericNaturalTimeTests.can_tranlate_to_exact_natural_text_full_on_march" methodname="can_tranlate_to_exact_natural_text_full_on_march" classname="DateTimeExtensions.Tests.GenericNaturalTimeTests" runstate="Runnable" seed="1945528820" result="Passed" start-time="2017-01-13 16:18:32Z" end-time="2017-01-13 16:18:32Z" duration="0.000394" asserts="3" />
            <test-case id="1056" name="can_tranlate_to_natural_text" fullname="DateTimeExtensions.Tests.GenericNaturalTimeTests.can_tranlate_to_natural_text" methodname="can_tranlate_to_natural_text" classname="DateTimeExtensions.Tests.GenericNaturalTimeTests" runstate="Runnable" seed="599872956" result="Passed" start-time="2017-01-13 16:18:32Z" end-time="2017-01-13 16:18:32Z" duration="0.000385" asserts="3" />
            <test-case id="1057" name="can_tranlate_to_natural_text_rounded" fullname="DateTimeExtensions.Tests.GenericNaturalTimeTests.can_tranlate_to_natural_text_rounded" methodname="can_tranlate_to_natural_text_rounded" classname="DateTimeExtensions.Tests.GenericNaturalTimeTests" runstate="Runnable" seed="811789759" result="Passed" start-time="2017-01-13 16:18:32Z" end-time="2017-01-13 16:18:32Z" duration="0.000329" asserts="3" />
          </test-suite>
          <test-suite type="TestFixture" id="1069" name="GenericWorkingDayCultureInfoTests" fullname="DateTimeExtensions.Tests.GenericWorkingDayCultureInfoTests" classname="DateTimeExtensions.Tests.GenericWorkingDayCultureInfoTests" runstate="Runnable" testcasecount="4" result="Passed" start-time="2017-01-13 16:18:32Z" end-time="2017-01-13 16:18:32Z" duration="0.289111" total="4" passed="4" failed="0" warnings="0" inconclusive="0" skipped="0" asserts="8">
            <test-case id="1070" name="can_locate_default_strategies" fullname="DateTimeExtensions.Tests.GenericWorkingDayCultureInfoTests.can_locate_default_strategies" methodname="can_locate_default_strategies" classname="DateTimeExtensions.Tests.GenericWorkingDayCultureInfoTests" runstate="Runnable" seed="1897440809" result="Passed" start-time="2017-01-13 16:18:32Z" end-time="2017-01-13 16:18:32Z" duration="0.005068" asserts="3" />
            <test-case id="1072" name="can_provide_custom_locator_dayOfWeek_strategy" fullname="DateTimeExtensions.Tests.GenericWorkingDayCultureInfoTests.can_provide_custom_locator_dayOfWeek_strategy" methodname="can_provide_custom_locator_dayOfWeek_strategy" classname="DateTimeExtensions.Tests.GenericWorkingDayCultureInfoTests" runstate="Runnable" seed="301330367" result="Passed" start-time="2017-01-13 16:18:32Z" end-time="2017-01-13 16:18:32Z" duration="0.256072" asserts="2" />
            <test-case id="1071" name="can_provide_custom_locator_holiday_dayOfWeek_strategy" fullname="DateTimeExtensions.Tests.GenericWorkingDayCultureInfoTests.can_provide_custom_locator_holiday_dayOfWeek_strategy" methodname="can_provide_custom_locator_holiday_dayOfWeek_strategy" classname="DateTimeExtensions.Tests.GenericWorkingDayCultureInfoTests" runstate="Runnable" seed="1641546019" result="Passed" start-time="2017-01-13 16:18:32Z" end-time="2017-01-13 16:18:32Z" duration="0.015526" asserts="2" />
            <test-case id="1073" name="picks_a_holiday_when_two_holidays_occur_on_the_same_date" fullname="DateTimeExtensions.Tests.GenericWorkingDayCultureInfoTests.picks_a_holiday_when_two_holidays_occur_on_the_same_date" methodname="picks_a_holiday_when_two_holidays_occur_on_the_same_date" classname="DateTimeExtensions.Tests.GenericWorkingDayCultureInfoTests" runstate="Runnable" seed="1127398015" result="Passed" start-time="2017-01-13 16:18:32Z" end-time="2017-01-13 16:18:32Z" duration="0.005763" asserts="1" />
          </test-suite>
          <test-suite type="TestFixture" id="1074" name="HolidaysTest" fullname="DateTimeExtensions.Tests.HolidaysTest" classname="DateTimeExtensions.Tests.HolidaysTest" runstate="Runnable" testcasecount="3" result="Passed" start-time="2017-01-13 16:18:32Z" end-time="2017-01-13 16:18:32Z" duration="0.007883" total="3" passed="3" failed="0" warnings="0" inconclusive="0" skipped="0" asserts="9">
            <test-case id="1076" name="easter" fullname="DateTimeExtensions.Tests.HolidaysTest.easter" methodname="easter" classname="DateTimeExtensions.Tests.HolidaysTest" runstate="Runnable" seed="753913464" result="Passed" start-time="2017-01-13 16:18:32Z" end-time="2017-01-13 16:18:32Z" duration="0.000877" asserts="3" />
            <test-case id="1077" name="fixedHolidays" fullname="DateTimeExtensions.Tests.HolidaysTest.fixedHolidays" methodname="fixedHolidays" classname="DateTimeExtensions.Tests.HolidaysTest" runstate="Runnable" seed="1161857896" result="Passed" start-time="2017-01-13 16:18:32Z" end-time="2017-01-13 16:18:32Z" duration="0.001555" asserts="2" />
            <test-case id="1075" name="nth_day_of_the_week" fullname="DateTimeExtensions.Tests.HolidaysTest.nth_day_of_the_week" methodname="nth_day_of_the_week" classname="DateTimeExtensions.Tests.HolidaysTest" runstate="Runnable" seed="1285470262" result="Passed" start-time="2017-01-13 16:18:32Z" end-time="2017-01-13 16:18:32Z" duration="0.001182" asserts="4" />
          </test-suite>
          <test-suite type="TestSuite" id="1212" name="HolidaysTranslations" fullname="DateTimeExtensions.Tests.HolidaysTranslations" runstate="Runnable" testcasecount="2" result="Passed" start-time="2017-01-13 16:18:32Z" end-time="2017-01-13 16:18:32Z" duration="0.012752" total="2" passed="2" failed="0" warnings="0" inconclusive="0" skipped="0" asserts="22">
            <test-suite type="TestFixture" id="1205" name="GermanHolidayNamesTest" fullname="DateTimeExtensions.Tests.HolidaysTranslations.GermanHolidayNamesTest" classname="DateTimeExtensions.Tests.HolidaysTranslations.GermanHolidayNamesTest" runstate="Runnable" testcasecount="1" result="Passed" start-time="2017-01-13 16:18:32Z" end-time="2017-01-13 16:18:32Z" duration="0.006120" total="1" passed="1" failed="0" warnings="0" inconclusive="0" skipped="0" asserts="17">
              <test-case id="1206" name="AssertGermanHolidaysAreTranslated" fullname="DateTimeExtensions.Tests.HolidaysTranslations.GermanHolidayNamesTest.AssertGermanHolidaysAreTranslated" methodname="AssertGermanHolidaysAreTranslated" classname="DateTimeExtensions.Tests.HolidaysTranslations.GermanHolidayNamesTest" runstate="Runnable" seed="958844895" result="Passed" start-time="2017-01-13 16:18:32Z" end-time="2017-01-13 16:18:32Z" duration="0.003860" asserts="17" />
            </test-suite>
            <test-suite type="TestFixture" id="1207" name="ViHolidaysNamesTest" fullname="DateTimeExtensions.Tests.HolidaysTranslations.ViHolidaysNamesTest" classname="DateTimeExtensions.Tests.HolidaysTranslations.ViHolidaysNamesTest" runstate="Runnable" testcasecount="1" result="Passed" start-time="2017-01-13 16:18:32Z" end-time="2017-01-13 16:18:32Z" duration="0.005364" total="1" passed="1" failed="0" warnings="0" inconclusive="0" skipped="0" asserts="5">
              <test-case id="1208" name="AssertVietNamHolidaysAreTranslated" fullname="DateTimeExtensions.Tests.HolidaysTranslations.ViHolidaysNamesTest.AssertVietNamHolidaysAreTranslated" methodname="AssertVietNamHolidaysAreTranslated" classname="DateTimeExtensions.Tests.HolidaysTranslations.ViHolidaysNamesTest" runstate="Runnable" seed="1082191228" result="Passed" start-time="2017-01-13 16:18:32Z" end-time="2017-01-13 16:18:32Z" duration="0.003281" asserts="5" />
            </test-suite>
          </test-suite>
          <test-suite type="TestFixture" id="1078" name="JewishHolidaysTests" fullname="DateTimeExtensions.Tests.JewishHolidaysTests" classname="DateTimeExtensions.Tests.JewishHolidaysTests" runstate="Runnable" testcasecount="10" result="Passed" start-time="2017-01-13 16:18:32Z" end-time="2017-01-13 16:18:32Z" duration="0.028379" total="10" passed="10" failed="0" warnings="0" inconclusive="0" skipped="0" asserts="30">
            <test-case id="1085" name="can_identify_Pesach" fullname="DateTimeExtensions.Tests.JewishHolidaysTests.can_identify_Pesach" methodname="can_identify_Pesach" classname="DateTimeExtensions.Tests.JewishHolidaysTests" runstate="Runnable" seed="1438107680" result="Passed" start-time="2017-01-13 16:18:32Z" end-time="2017-01-13 16:18:32Z" duration="0.002250" asserts="3" />
            <test-case id="1079" name="can_identify_RoshHashanah" fullname="DateTimeExtensions.Tests.JewishHolidaysTests.can_identify_RoshHashanah" methodname="can_identify_RoshHashanah" classname="DateTimeExtensions.Tests.JewishHolidaysTests" runstate="Runnable" seed="182154693" result="Passed" start-time="2017-01-13 16:18:32Z" end-time="2017-01-13 16:18:32Z" duration="0.000873" asserts="3" />
            <test-case id="1080" name="can_identify_RoshHashanahSecondDay" fullname="DateTimeExtensions.Tests.JewishHolidaysTests.can_identify_RoshHashanahSecondDay" methodname="can_identify_RoshHashanahSecondDay" classname="DateTimeExtensions.Tests.JewishHolidaysTests" runstate="Runnable" seed="669767150" result="Passed" start-time="2017-01-13 16:18:32Z" end-time="2017-01-13 16:18:32Z" duration="0.000609" asserts="3" />
            <test-case id="1087" name="can_identify_Shavuot" fullname="DateTimeExtensions.Tests.JewishHolidaysTests.can_identify_Shavuot" methodname="can_identify_Shavuot" classname="DateTimeExtensions.Tests.JewishHolidaysTests" runstate="Runnable" seed="1185761222" result="Passed" start-time="2017-01-13 16:18:32Z" end-time="2017-01-13 16:18:32Z" duration="0.000637" asserts="3" />
            <test-case id="1083" name="can_identify_ShminiAtzeret" fullname="DateTimeExtensions.Tests.JewishHolidaysTests.can_identify_ShminiAtzeret" methodname="can_identify_ShminiAtzeret" classname="DateTimeExtensions.Tests.JewishHolidaysTests" runstate="Runnable" seed="767640471" result="Passed" start-time="2017-01-13 16:18:32Z" end-time="2017-01-13 16:18:32Z" duration="0.000606" asserts="3" />
            <test-case id="1084" name="can_identify_ShminiTorah" fullname="DateTimeExtensions.Tests.JewishHolidaysTests.can_identify_ShminiTorah" methodname="can_identify_ShminiTorah" classname="DateTimeExtensions.Tests.JewishHolidaysTests" runstate="Runnable" seed="354960713" result="Passed" start-time="2017-01-13 16:18:32Z" end-time="2017-01-13 16:18:32Z" duration="0.000544" asserts="3" />
            <test-case id="1086" name="can_identify_ShviiShelPesach" fullname="DateTimeExtensions.Tests.JewishHolidaysTests.can_identify_ShviiShelPesach" methodname="can_identify_ShviiShelPesach" classname="DateTimeExtensions.Tests.JewishHolidaysTests" runstate="Runnable" seed="494380413" result="Passed" start-time="2017-01-13 16:18:32Z" end-time="2017-01-13 16:18:32Z" duration="0.000417" asserts="3" />
            <test-case id="1082" name="can_identify_Sukkot" fullname="DateTimeExtensions.Tests.JewishHolidaysTests.can_identify_Sukkot" methodname="can_identify_Sukkot" classname="DateTimeExtensions.Tests.JewishHolidaysTests" runstate="Runnable" seed="1494833525" result="Passed" start-time="2017-01-13 16:18:32Z" end-time="2017-01-13 16:18:32Z" duration="0.000667" asserts="3" />
            <test-case id="1088" name="can_identify_TuBishvat" fullname="DateTimeExtensions.Tests.JewishHolidaysTests.can_identify_TuBishvat" methodname="can_identify_TuBishvat" classname="DateTimeExtensions.Tests.JewishHolidaysTests" runstate="Runnable" seed="1769962155" result="Passed" start-time="2017-01-13 16:18:32Z" end-time="2017-01-13 16:18:32Z" duration="0.000500" asserts="3" />
            <test-case id="1081" name="can_identify_YomKippur" fullname="DateTimeExtensions.Tests.JewishHolidaysTests.can_identify_YomKippur" methodname="can_identify_YomKippur" classname="DateTimeExtensions.Tests.JewishHolidaysTests" runstate="Runnable" seed="744984349" result="Passed" start-time="2017-01-13 16:18:32Z" end-time="2017-01-13 16:18:32Z" duration="0.000559" asserts="3" />
          </test-suite>
          <test-suite type="TestFixture" id="1198" name="KRHolidaysNamesTest" fullname="DateTimeExtensions.Tests.KRHolidaysNamesTest" classname="DateTimeExtensions.Tests.KRHolidaysNamesTest" runstate="Runnable" testcasecount="1" result="Passed" start-time="2017-01-13 16:18:32Z" end-time="2017-01-13 16:18:33Z" duration="0.005452" total="1" passed="1" failed="0" warnings="0" inconclusive="0" skipped="0" asserts="14">
            <test-case id="1199" name="AssertKoreanHolidaysAreTranslated" fullname="DateTimeExtensions.Tests.KRHolidaysNamesTest.AssertKoreanHolidaysAreTranslated" methodname="AssertKoreanHolidaysAreTranslated" classname="DateTimeExtensions.Tests.KRHolidaysNamesTest" runstate="Runnable" seed="1565126506" result="Passed" start-time="2017-01-13 16:18:32Z" end-time="2017-01-13 16:18:33Z" duration="0.003804" asserts="14" />
          </test-suite>
          <test-suite type="TestFixture" id="1089" name="KRHolidaysTests" fullname="DateTimeExtensions.Tests.KRHolidaysTests" classname="DateTimeExtensions.Tests.KRHolidaysTests" runstate="Runnable" testcasecount="5" result="Passed" start-time="2017-01-13 16:18:33Z" end-time="2017-01-13 16:18:33Z" duration="0.018451" total="5" passed="5" failed="0" warnings="0" inconclusive="0" skipped="0" asserts="19">
            <test-case id="1090" name="can_get_strateryies" fullname="DateTimeExtensions.Tests.KRHolidaysTests.can_get_strateryies" methodname="can_get_strateryies" classname="DateTimeExtensions.Tests.KRHolidaysTests" runstate="Runnable" seed="421893275" result="Passed" start-time="2017-01-13 16:18:33Z" end-time="2017-01-13 16:18:33Z" duration="0.001092" asserts="2" />
            <test-case id="1094" name="can_identify_Chuseok" fullname="DateTimeExtensions.Tests.KRHolidaysTests.can_identify_Chuseok" methodname="can_identify_Chuseok" classname="DateTimeExtensions.Tests.KRHolidaysTests" runstate="Runnable" seed="1122007867" result="Passed" start-time="2017-01-13 16:18:33Z" end-time="2017-01-13 16:18:33Z" duration="0.000635" asserts="3" />
            <test-case id="1093" name="can_identify_SeokgaTansilil" fullname="DateTimeExtensions.Tests.KRHolidaysTests.can_identify_SeokgaTansilil" methodname="can_identify_SeokgaTansilil" classname="DateTimeExtensions.Tests.KRHolidaysTests" runstate="Runnable" seed="2069242781" result="Passed" start-time="2017-01-13 16:18:33Z" end-time="2017-01-13 16:18:33Z" duration="0.000302" asserts="3" />
            <test-case id="1092" name="can_identify_Seolnal" fullname="DateTimeExtensions.Tests.KRHolidaysTests.can_identify_Seolnal" methodname="can_identify_Seolnal" classname="DateTimeExtensions.Tests.KRHolidaysTests" runstate="Runnable" seed="558593254" result="Passed" start-time="2017-01-13 16:18:33Z" end-time="2017-01-13 16:18:33Z" duration="0.000240" asserts="3" />
            <test-case id="1091" name="holiday_days_span" fullname="DateTimeExtensions.Tests.KRHolidaysTests.holiday_days_span" methodname="holiday_days_span" classname="DateTimeExtensions.Tests.KRHolidaysTests" runstate="Runnable" seed="930664528" result="Passed" start-time="2017-01-13 16:18:33Z" end-time="2017-01-13 16:18:33Z" duration="0.008275" asserts="8" />
          </test-suite>
          <test-suite type="TestFixture" id="1095" name="KRNaturalTimeTests" fullname="DateTimeExtensions.Tests.KRNaturalTimeTests" classname="DateTimeExtensions.Tests.KRNaturalTimeTests" runstate="Runnable" testcasecount="5" result="Passed" start-time="2017-01-13 16:18:33Z" end-time="2017-01-13 16:18:33Z" duration="0.010991" total="5" passed="5" failed="0" warnings="0" inconclusive="0" skipped="0" asserts="17">
            <test-case id="1100" name="are_orderless" fullname="DateTimeExtensions.Tests.KRNaturalTimeTests.are_orderless" methodname="are_orderless" classname="DateTimeExtensions.Tests.KRNaturalTimeTests" runstate="Runnable" seed="1725554126" result="Passed" start-time="2017-01-13 16:18:33Z" end-time="2017-01-13 16:18:33Z" duration="0.000997" asserts="5" />
            <test-case id="1098" name="can_tranlate_to_exact_natural_text" fullname="DateTimeExtensions.Tests.KRNaturalTimeTests.can_tranlate_to_exact_natural_text" methodname="can_tranlate_to_exact_natural_text" classname="DateTimeExtensions.Tests.KRNaturalTimeTests" runstate="Runnable" seed="1618510637" result="Passed" start-time="2017-01-13 16:18:33Z" end-time="2017-01-13 16:18:33Z" duration="0.000327" asserts="3" />
            <test-case id="1099" name="can_tranlate_to_exact_natural_text_full" fullname="DateTimeExtensions.Tests.KRNaturalTimeTests.can_tranlate_to_exact_natural_text_full" methodname="can_tranlate_to_exact_natural_text_full" classname="DateTimeExtensions.Tests.KRNaturalTimeTests" runstate="Runnable" seed="655548766" result="Passed" start-time="2017-01-13 16:18:33Z" end-time="2017-01-13 16:18:33Z" duration="0.000354" asserts="3" />
            <test-case id="1096" name="can_tranlate_to_natural_text" fullname="DateTimeExtensions.Tests.KRNaturalTimeTests.can_tranlate_to_natural_text" methodname="can_tranlate_to_natural_text" classname="DateTimeExtensions.Tests.KRNaturalTimeTests" runstate="Runnable" seed="198810849" result="Passed" start-time="2017-01-13 16:18:33Z" end-time="2017-01-13 16:18:33Z" duration="0.000344" asserts="3" />
            <test-case id="1097" name="can_tranlate_to_natural_text_rounded" fullname="DateTimeExtensions.Tests.KRNaturalTimeTests.can_tranlate_to_natural_text_rounded" methodname="can_tranlate_to_natural_text_rounded" classname="DateTimeExtensions.Tests.KRNaturalTimeTests" runstate="Runnable" seed="641495858" result="Passed" start-time="2017-01-13 16:18:33Z" end-time="2017-01-13 16:18:33Z" duration="0.000352" asserts="3" />
          </test-suite>
          <test-suite type="TestFixture" id="1108" name="NL_BENaturalTimeTests" fullname="DateTimeExtensions.Tests.NL_BENaturalTimeTests" classname="DateTimeExtensions.Tests.NL_BENaturalTimeTests" runstate="Runnable" testcasecount="8" result="Passed" start-time="2017-01-13 16:18:33Z" end-time="2017-01-13 16:18:33Z" duration="0.024759" total="8" passed="8" failed="0" warnings="0" inconclusive="0" skipped="0" asserts="35">
            <test-case id="1113" name="are_orderless" fullname="DateTimeExtensions.Tests.NL_BENaturalTimeTests.are_orderless" methodname="are_orderless" classname="DateTimeExtensions.Tests.NLNaturalTimeTests" runstate="Runnable" seed="1910275255" result="Passed" start-time="2017-01-13 16:18:33Z" end-time="2017-01-13 16:18:33Z" duration="0.002723" asserts="5" />
            <test-case id="1116" name="can_pluralize" fullname="DateTimeExtensions.Tests.NL_BENaturalTimeTests.can_pluralize" methodname="can_pluralize" classname="DateTimeExtensions.Tests.NLNaturalTimeTests" runstate="Runnable" seed="581383000" result="Passed" start-time="2017-01-13 16:18:33Z" end-time="2017-01-13 16:18:33Z" duration="0.003267" asserts="6" />
            <test-case id="1115" name="can_pluralize_months" fullname="DateTimeExtensions.Tests.NL_BENaturalTimeTests.can_pluralize_months" methodname="can_pluralize_months" classname="DateTimeExtensions.Tests.NLNaturalTimeTests" runstate="Runnable" seed="1029323985" result="Passed" start-time="2017-01-13 16:18:33Z" end-time="2017-01-13 16:18:33Z" duration="0.000504" asserts="6" />
            <test-case id="1114" name="can_pluralize_years" fullname="DateTimeExtensions.Tests.NL_BENaturalTimeTests.can_pluralize_years" methodname="can_pluralize_years" classname="DateTimeExtensions.Tests.NLNaturalTimeTests" runstate="Runnable" seed="407967228" result="Passed" start-time="2017-01-13 16:18:33Z" end-time="2017-01-13 16:18:33Z" duration="0.000422" asserts="6" />
            <test-case id="1111" name="can_tranlate_to_exact_natural_text" fullname="DateTimeExtensions.Tests.NL_BENaturalTimeTests.can_tranlate_to_exact_natural_text" methodname="can_tranlate_to_exact_natural_text" classname="DateTimeExtensions.Tests.NLNaturalTimeTests" runstate="Runnable" seed="442351893" result="Passed" start-time="2017-01-13 16:18:33Z" end-time="2017-01-13 16:18:33Z" duration="0.000396" asserts="3" />
            <test-case id="1112" name="can_tranlate_to_exact_natural_text_full" fullname="DateTimeExtensions.Tests.NL_BENaturalTimeTests.can_tranlate_to_exact_natural_text_full" methodname="can_tranlate_to_exact_natural_text_full" classname="DateTimeExtensions.Tests.NLNaturalTimeTests" runstate="Runnable" seed="959912542" result="Passed" start-time="2017-01-13 16:18:33Z" end-time="2017-01-13 16:18:33Z" duration="0.000431" asserts="3" />
            <test-case id="1109" name="can_tranlate_to_natural_text" fullname="DateTimeExtensions.Tests.NL_BENaturalTimeTests.can_tranlate_to_natural_text" methodname="can_tranlate_to_natural_text" classname="DateTimeExtensions.Tests.NLNaturalTimeTests" runstate="Runnable" seed="1913623879" result="Passed" start-time="2017-01-13 16:18:33Z" end-time="2017-01-13 16:18:33Z" duration="0.000381" asserts="3" />
            <test-case id="1110" name="can_tranlate_to_natural_text_rounded" fullname="DateTimeExtensions.Tests.NL_BENaturalTimeTests.can_tranlate_to_natural_text_rounded" methodname="can_tranlate_to_natural_text_rounded" classname="DateTimeExtensions.Tests.NLNaturalTimeTests" runstate="Runnable" seed="141263160" result="Passed" start-time="2017-01-13 16:18:33Z" end-time="2017-01-13 16:18:33Z" duration="0.000355" asserts="3" />
          </test-suite>
          <test-suite type="TestFixture" id="1101" name="NLHolidaysTests" fullname="DateTimeExtensions.Tests.NLHolidaysTests" classname="DateTimeExtensions.Tests.NLHolidaysTests" runstate="Runnable" testcasecount="6" result="Passed" start-time="2017-01-13 16:18:33Z" end-time="2017-01-13 16:18:33Z" duration="0.013395" total="6" passed="6" failed="0" warnings="0" inconclusive="0" skipped="0" asserts="6">
            <test-case id="1104" name="Kingsday_is_a_national_holiday_in_1949" fullname="DateTimeExtensions.Tests.NLHolidaysTests.Kingsday_is_a_national_holiday_in_1949" methodname="Kingsday_is_a_national_holiday_in_1949" classname="DateTimeExtensions.Tests.NLHolidaysTests" runstate="Runnable" seed="913179440" result="Passed" start-time="2017-01-13 16:18:33Z" end-time="2017-01-13 16:18:33Z" duration="0.000729" asserts="1" />
            <test-case id="1105" name="Kingsday_is_a_national_holiday_in_2014" fullname="DateTimeExtensions.Tests.NLHolidaysTests.Kingsday_is_a_national_holiday_in_2014" methodname="Kingsday_is_a_national_holiday_in_2014" classname="DateTimeExtensions.Tests.NLHolidaysTests" runstate="Runnable" seed="452518031" result="Passed" start-time="2017-01-13 16:18:33Z" end-time="2017-01-13 16:18:33Z" duration="0.000655" asserts="1" />
            <test-case id="1103" name="Kingsday_is_a_national_holiday_since_1885" fullname="DateTimeExtensions.Tests.NLHolidaysTests.Kingsday_is_a_national_holiday_since_1885" methodname="Kingsday_is_a_national_holiday_since_1885" classname="DateTimeExtensions.Tests.NLHolidaysTests" runstate="Runnable" seed="1467382148" result="Passed" start-time="2017-01-13 16:18:33Z" end-time="2017-01-13 16:18:33Z" duration="0.000201" asserts="1" />
            <test-case id="1106" name="Liberation_Day_is_a_national_holiday_in_2005" fullname="DateTimeExtensions.Tests.NLHolidaysTests.Liberation_Day_is_a_national_holiday_in_2005" methodname="Liberation_Day_is_a_national_holiday_in_2005" classname="DateTimeExtensions.Tests.NLHolidaysTests" runstate="Runnable" seed="588299543" result="Passed" start-time="2017-01-13 16:18:33Z" end-time="2017-01-13 16:18:33Z" duration="0.000668" asserts="1" />
            <test-case id="1107" name="Liberation_Day_is_a_regular_day_in_2006" fullname="DateTimeExtensions.Tests.NLHolidaysTests.Liberation_Day_is_a_regular_day_in_2006" methodname="Liberation_Day_is_a_regular_day_in_2006" classname="DateTimeExtensions.Tests.NLHolidaysTests" runstate="Runnable" seed="454108514" result="Passed" start-time="2017-01-13 16:18:33Z" end-time="2017-01-13 16:18:33Z" duration="0.000155" asserts="1" />
            <test-case id="1102" name="The_Netherlands_has_11_main_holidays" fullname="DateTimeExtensions.Tests.NLHolidaysTests.The_Netherlands_has_11_main_holidays" methodname="The_Netherlands_has_11_main_holidays" classname="DateTimeExtensions.Tests.NLHolidaysTests" runstate="Runnable" seed="447517816" result="Passed" start-time="2017-01-13 16:18:33Z" end-time="2017-01-13 16:18:33Z" duration="0.000343" asserts="1" />
          </test-suite>
          <test-suite type="TestFixture" id="1117" name="NLNaturalTimeTests" fullname="DateTimeExtensions.Tests.NLNaturalTimeTests" classname="DateTimeExtensions.Tests.NLNaturalTimeTests" runstate="Runnable" testcasecount="8" result="Passed" start-time="2017-01-13 16:18:33Z" end-time="2017-01-13 16:18:33Z" duration="0.015817" total="8" passed="8" failed="0" warnings="0" inconclusive="0" skipped="0" asserts="35">
            <test-case id="1122" name="are_orderless" fullname="DateTimeExtensions.Tests.NLNaturalTimeTests.are_orderless" methodname="are_orderless" classname="DateTimeExtensions.Tests.NLNaturalTimeTests" runstate="Runnable" seed="1916557392" result="Passed" start-time="2017-01-13 16:18:33Z" end-time="2017-01-13 16:18:33Z" duration="0.000091" asserts="5" />
            <test-case id="1125" name="can_pluralize" fullname="DateTimeExtensions.Tests.NLNaturalTimeTests.can_pluralize" methodname="can_pluralize" classname="DateTimeExtensions.Tests.NLNaturalTimeTests" runstate="Runnable" seed="854027403" result="Passed" start-time="2017-01-13 16:18:33Z" end-time="2017-01-13 16:18:33Z" duration="0.000055" asserts="6" />
            <test-case id="1124" name="can_pluralize_months" fullname="DateTimeExtensions.Tests.NLNaturalTimeTests.can_pluralize_months" methodname="can_pluralize_months" classname="DateTimeExtensions.Tests.NLNaturalTimeTests" runstate="Runnable" seed="2056315137" result="Passed" start-time="2017-01-13 16:18:33Z" end-time="2017-01-13 16:18:33Z" duration="0.000117" asserts="6" />
            <test-case id="1123" name="can_pluralize_years" fullname="DateTimeExtensions.Tests.NLNaturalTimeTests.can_pluralize_years" methodname="can_pluralize_years" classname="DateTimeExtensions.Tests.NLNaturalTimeTests" runstate="Runnable" seed="98327615" result="Passed" start-time="2017-01-13 16:18:33Z" end-time="2017-01-13 16:18:33Z" duration="0.000083" asserts="6" />
            <test-case id="1120" name="can_tranlate_to_exact_natural_text" fullname="DateTimeExtensions.Tests.NLNaturalTimeTests.can_tranlate_to_exact_natural_text" methodname="can_tranlate_to_exact_natural_text" classname="DateTimeExtensions.Tests.NLNaturalTimeTests" runstate="Runnable" seed="1336307867" result="Passed" start-time="2017-01-13 16:18:33Z" end-time="2017-01-13 16:18:33Z" duration="0.000101" asserts="3" />
            <test-case id="1121" name="can_tranlate_to_exact_natural_text_full" fullname="DateTimeExtensions.Tests.NLNaturalTimeTests.can_tranlate_to_exact_natural_text_full" methodname="can_tranlate_to_exact_natural_text_full" classname="DateTimeExtensions.Tests.NLNaturalTimeTests" runstate="Runnable" seed="178354424" result="Passed" start-time="2017-01-13 16:18:33Z" end-time="2017-01-13 16:18:33Z" duration="0.000092" asserts="3" />
            <test-case id="1118" name="can_tranlate_to_natural_text" fullname="DateTimeExtensions.Tests.NLNaturalTimeTests.can_tranlate_to_natural_text" methodname="can_tranlate_to_natural_text" classname="DateTimeExtensions.Tests.NLNaturalTimeTests" runstate="Runnable" seed="1492472078" result="Passed" start-time="2017-01-13 16:18:33Z" end-time="2017-01-13 16:18:33Z" duration="0.000152" asserts="3" />
            <test-case id="1119" name="can_tranlate_to_natural_text_rounded" fullname="DateTimeExtensions.Tests.NLNaturalTimeTests.can_tranlate_to_natural_text_rounded" methodname="can_tranlate_to_natural_text_rounded" classname="DateTimeExtensions.Tests.NLNaturalTimeTests" runstate="Runnable" seed="1277005607" result="Passed" start-time="2017-01-13 16:18:33Z" end-time="2017-01-13 16:18:33Z" duration="0.000087" asserts="3" />
          </test-suite>
          <test-suite type="TestFixture" id="1126" name="OfficeHolidayExportHolidaysFormatTests" fullname="DateTimeExtensions.Tests.OfficeHolidayExportHolidaysFormatTests" classname="DateTimeExtensions.Tests.OfficeHolidayExportHolidaysFormatTests" runstate="Runnable" testcasecount="2" result="Passed" start-time="2017-01-13 16:18:33Z" end-time="2017-01-13 16:18:33Z" duration="0.015298" total="2" passed="2" failed="0" warnings="0" inconclusive="0" skipped="0" asserts="2">
            <test-case id="1127" name="can_export_office_format" fullname="DateTimeExtensions.Tests.OfficeHolidayExportHolidaysFormatTests.can_export_office_format" methodname="can_export_office_format" classname="DateTimeExtensions.Tests.OfficeHolidayExportHolidaysFormatTests" runstate="Runnable" seed="1001187604" result="Passed" start-time="2017-01-13 16:18:33Z" end-time="2017-01-13 16:18:33Z" duration="0.003351" asserts="1" />
            <test-case id="1128" name="can_save_to_file" fullname="DateTimeExtensions.Tests.OfficeHolidayExportHolidaysFormatTests.can_save_to_file" methodname="can_save_to_file" classname="DateTimeExtensions.Tests.OfficeHolidayExportHolidaysFormatTests" runstate="Runnable" seed="2052619500" result="Passed" start-time="2017-01-13 16:18:33Z" end-time="2017-01-13 16:18:33Z" duration="0.008747" asserts="1" />
          </test-suite>
          <test-suite type="TestFixture" id="1200" name="PortugueseHolidaysNamesTest" fullname="DateTimeExtensions.Tests.PortugueseHolidaysNamesTest" classname="DateTimeExtensions.Tests.PortugueseHolidaysNamesTest" runstate="Runnable" testcasecount="2" result="Passed" start-time="2017-01-13 16:18:33Z" end-time="2017-01-13 16:18:33Z" duration="0.011094" total="2" passed="2" failed="0" warnings="0" inconclusive="0" skipped="0" asserts="39">
            <test-case id="1202" name="AssertBrazilianHolidaysAreTranslated" fullname="DateTimeExtensions.Tests.PortugueseHolidaysNamesTest.AssertBrazilianHolidaysAreTranslated" methodname="AssertBrazilianHolidaysAreTranslated" classname="DateTimeExtensions.Tests.PortugueseHolidaysNamesTest" runstate="Runnable" seed="1022724143" result="Passed" start-time="2017-01-13 16:18:33Z" end-time="2017-01-13 16:18:33Z" duration="0.003562" asserts="18" />
            <test-case id="1201" name="AssertPortugueseHolidaysAreTranslated" fullname="DateTimeExtensions.Tests.PortugueseHolidaysNamesTest.AssertPortugueseHolidaysAreTranslated" methodname="AssertPortugueseHolidaysAreTranslated" classname="DateTimeExtensions.Tests.PortugueseHolidaysNamesTest" runstate="Runnable" seed="1306905809" result="Passed" start-time="2017-01-13 16:18:33Z" end-time="2017-01-13 16:18:33Z" duration="0.001327" asserts="21" />
          </test-suite>
          <test-suite type="TestFixture" id="1129" name="PTCalendarTests" fullname="DateTimeExtensions.Tests.PTCalendarTests" classname="DateTimeExtensions.Tests.PTCalendarTests" runstate="Runnable" testcasecount="8" result="Passed" start-time="2017-01-13 16:18:33Z" end-time="2017-01-13 16:18:33Z" duration="0.016387" total="8" passed="8" failed="0" warnings="0" inconclusive="0" skipped="0" asserts="30">
            <test-case id="1134" name="adding_large_number_of_days" fullname="DateTimeExtensions.Tests.PTCalendarTests.adding_large_number_of_days" methodname="adding_large_number_of_days" classname="DateTimeExtensions.Tests.PTCalendarTests" runstate="Runnable" seed="149279848" result="Passed" start-time="2017-01-13 16:18:33Z" end-time="2017-01-13 16:18:33Z" duration="0.000336" asserts="2" />
            <test-case id="1131" name="adding_working_days_should_not_count_weekends" fullname="DateTimeExtensions.Tests.PTCalendarTests.adding_working_days_should_not_count_weekends" methodname="adding_working_days_should_not_count_weekends" classname="DateTimeExtensions.Tests.PTCalendarTests" runstate="Runnable" seed="51524170" result="Passed" start-time="2017-01-13 16:18:33Z" end-time="2017-01-13 16:18:33Z" duration="0.000345" asserts="5" />
            <test-case id="1133" name="adding_zero_working_days_should_return_same_day" fullname="DateTimeExtensions.Tests.PTCalendarTests.adding_zero_working_days_should_return_same_day" methodname="adding_zero_working_days_should_return_same_day" classname="DateTimeExtensions.Tests.PTCalendarTests" runstate="Runnable" seed="923312545" result="Passed" start-time="2017-01-13 16:18:33Z" end-time="2017-01-13 16:18:33Z" duration="0.000901" asserts="3" />
            <test-case id="1136" name="can_use_christian_holidays_in_calulations" fullname="DateTimeExtensions.Tests.PTCalendarTests.can_use_christian_holidays_in_calulations" methodname="can_use_christian_holidays_in_calulations" classname="DateTimeExtensions.Tests.PTCalendarTests" runstate="Runnable" seed="1796060341" result="Passed" start-time="2017-01-13 16:18:33Z" end-time="2017-01-13 16:18:33Z" duration="0.000266" asserts="2" />
            <test-case id="1137" name="can_use_national_holidays_in_calulations" fullname="DateTimeExtensions.Tests.PTCalendarTests.can_use_national_holidays_in_calulations" methodname="can_use_national_holidays_in_calulations" classname="DateTimeExtensions.Tests.PTCalendarTests" runstate="Runnable" seed="765932523" result="Passed" start-time="2017-01-13 16:18:33Z" end-time="2017-01-13 16:18:33Z" duration="0.000204" asserts="2" />
            <test-case id="1130" name="default_working_days" fullname="DateTimeExtensions.Tests.PTCalendarTests.default_working_days" methodname="default_working_days" classname="DateTimeExtensions.Tests.PTCalendarTests" runstate="Runnable" seed="1337769974" result="Passed" start-time="2017-01-13 16:18:33Z" end-time="2017-01-13 16:18:33Z" duration="0.001062" asserts="10" />
            <test-case id="1132" name="subtracting_working_days_should_not_count_weekends" fullname="DateTimeExtensions.Tests.PTCalendarTests.subtracting_working_days_should_not_count_weekends" methodname="subtracting_working_days_should_not_count_weekends" classname="DateTimeExtensions.Tests.PTCalendarTests" runstate="Runnable" seed="2002749951" result="Passed" start-time="2017-01-13 16:18:33Z" end-time="2017-01-13 16:18:33Z" duration="0.000381" asserts="5" />
            <test-case id="1135" name="use_holidays_in_calulations" fullname="DateTimeExtensions.Tests.PTCalendarTests.use_holidays_in_calulations" methodname="use_holidays_in_calulations" classname="DateTimeExtensions.Tests.PTCalendarTests" runstate="Runnable" seed="1646246574" result="Passed" start-time="2017-01-13 16:18:33Z" end-time="2017-01-13 16:18:33Z" duration="0.001079" asserts="1" />
          </test-suite>
          <test-suite type="TestFixture" id="1138" name="PTWorkingDayCultureInfoTests" fullname="DateTimeExtensions.Tests.PTWorkingDayCultureInfoTests" classname="DateTimeExtensions.Tests.PTWorkingDayCultureInfoTests" runstate="Runnable" testcasecount="2" result="Passed" start-time="2017-01-13 16:18:33Z" end-time="2017-01-13 16:18:33Z" duration="0.005897" total="2" passed="2" failed="0" warnings="0" inconclusive="0" skipped="0" asserts="4">
            <test-case id="1140" name="can_locate_by_culture_info" fullname="DateTimeExtensions.Tests.PTWorkingDayCultureInfoTests.can_locate_by_culture_info" methodname="can_locate_by_culture_info" classname="DateTimeExtensions.Tests.PTWorkingDayCultureInfoTests" runstate="Runnable" seed="518681911" result="Passed" start-time="2017-01-13 16:18:33Z" end-time="2017-01-13 16:18:33Z" duration="0.000754" asserts="2" />
            <test-case id="1139" name="can_locate_by_name" fullname="DateTimeExtensions.Tests.PTWorkingDayCultureInfoTests.can_locate_by_name" methodname="can_locate_by_name" classname="DateTimeExtensions.Tests.PTWorkingDayCultureInfoTests" runstate="Runnable" seed="297801669" result="Passed" start-time="2017-01-13 16:18:33Z" end-time="2017-01-13 16:18:33Z" duration="0.000742" asserts="2" />
          </test-suite>
          <test-suite type="TestFixture" id="1141" name="RoundCeilingFloorDatesTests" fullname="DateTimeExtensions.Tests.RoundCeilingFloorDatesTests" classname="DateTimeExtensions.Tests.RoundCeilingFloorDatesTests" runstate="Runnable" testcasecount="12" result="Passed" start-time="2017-01-13 16:18:33Z" end-time="2017-01-13 16:18:33Z" duration="0.027295" total="12" passed="12" failed="0" warnings="0" inconclusive="0" skipped="0" asserts="12">
            <test-case id="1150" name="hours_ceiling_test" fullname="DateTimeExtensions.Tests.RoundCeilingFloorDatesTests.hours_ceiling_test" methodname="hours_ceiling_test" classname="DateTimeExtensions.Tests.RoundCeilingFloorDatesTests" runstate="Runnable" seed="1811672336" result="Passed" start-time="2017-01-13 16:18:33Z" end-time="2017-01-13 16:18:33Z" duration="0.000868" asserts="1" />
            <test-case id="1153" name="hours_floor_test" fullname="DateTimeExtensions.Tests.RoundCeilingFloorDatesTests.hours_floor_test" methodname="hours_floor_test" classname="DateTimeExtensions.Tests.RoundCeilingFloorDatesTests" runstate="Runnable" seed="1167579048" result="Passed" start-time="2017-01-13 16:18:33Z" end-time="2017-01-13 16:18:33Z" duration="0.000862" asserts="1" />
            <test-case id="1146" name="hours_round_down_test" fullname="DateTimeExtensions.Tests.RoundCeilingFloorDatesTests.hours_round_down_test" methodname="hours_round_down_test" classname="DateTimeExtensions.Tests.RoundCeilingFloorDatesTests" runstate="Runnable" seed="1205919930" result="Passed" start-time="2017-01-13 16:18:33Z" end-time="2017-01-13 16:18:33Z" duration="0.000712" asserts="1" />
            <test-case id="1147" name="hours_round_up_test" fullname="DateTimeExtensions.Tests.RoundCeilingFloorDatesTests.hours_round_up_test" methodname="hours_round_up_test" classname="DateTimeExtensions.Tests.RoundCeilingFloorDatesTests" runstate="Runnable" seed="1494710130" result="Passed" start-time="2017-01-13 16:18:33Z" end-time="2017-01-13 16:18:33Z" duration="0.000523" asserts="1" />
            <test-case id="1149" name="minutes_ceiling_test" fullname="DateTimeExtensions.Tests.RoundCeilingFloorDatesTests.minutes_ceiling_test" methodname="minutes_ceiling_test" classname="DateTimeExtensions.Tests.RoundCeilingFloorDatesTests" runstate="Runnable" seed="1824226300" result="Passed" start-time="2017-01-13 16:18:33Z" end-time="2017-01-13 16:18:33Z" duration="0.000334" asserts="1" />
            <test-case id="1152" name="minutes_floor_test" fullname="DateTimeExtensions.Tests.RoundCeilingFloorDatesTests.minutes_floor_test" methodname="minutes_floor_test" classname="DateTimeExtensions.Tests.RoundCeilingFloorDatesTests" runstate="Runnable" seed="1210597181" result="Passed" start-time="2017-01-13 16:18:33Z" end-time="2017-01-13 16:18:33Z" duration="0.000387" asserts="1" />
            <test-case id="1144" name="minutes_round_down_test" fullname="DateTimeExtensions.Tests.RoundCeilingFloorDatesTests.minutes_round_down_test" methodname="minutes_round_down_test" classname="DateTimeExtensions.Tests.RoundCeilingFloorDatesTests" runstate="Runnable" seed="954876866" result="Passed" start-time="2017-01-13 16:18:33Z" end-time="2017-01-13 16:18:33Z" duration="0.000640" asserts="1" />
            <test-case id="1145" name="minutes_round_up_test" fullname="DateTimeExtensions.Tests.RoundCeilingFloorDatesTests.minutes_round_up_test" methodname="minutes_round_up_test" classname="DateTimeExtensions.Tests.RoundCeilingFloorDatesTests" runstate="Runnable" seed="239056544" result="Passed" start-time="2017-01-13 16:18:33Z" end-time="2017-01-13 16:18:33Z" duration="0.000528" asserts="1" />
            <test-case id="1148" name="seconds_ceiling_test" fullname="DateTimeExtensions.Tests.RoundCeilingFloorDatesTests.seconds_ceiling_test" methodname="seconds_ceiling_test" classname="DateTimeExtensions.Tests.RoundCeilingFloorDatesTests" runstate="Runnable" seed="1638311604" result="Passed" start-time="2017-01-13 16:18:33Z" end-time="2017-01-13 16:18:33Z" duration="0.000370" asserts="1" />
            <test-case id="1151" name="seconds_floor_test" fullname="DateTimeExtensions.Tests.RoundCeilingFloorDatesTests.seconds_floor_test" methodname="seconds_floor_test" classname="DateTimeExtensions.Tests.RoundCeilingFloorDatesTests" runstate="Runnable" seed="1054797820" result="Passed" start-time="2017-01-13 16:18:33Z" end-time="2017-01-13 16:18:33Z" duration="0.000577" asserts="1" />
            <test-case id="1142" name="seconds_round_down_test" fullname="DateTimeExtensions.Tests.RoundCeilingFloorDatesTests.seconds_round_down_test" methodname="seconds_round_down_test" classname="DateTimeExtensions.Tests.RoundCeilingFloorDatesTests" runstate="Runnable" seed="686847750" result="Passed" start-time="2017-01-13 16:18:33Z" end-time="2017-01-13 16:18:33Z" duration="0.000633" asserts="1" />
            <test-case id="1143" name="seconds_round_up_test" fullname="DateTimeExtensions.Tests.RoundCeilingFloorDatesTests.seconds_round_up_test" methodname="seconds_round_up_test" classname="DateTimeExtensions.Tests.RoundCeilingFloorDatesTests" runstate="Runnable" seed="942942871" result="Passed" start-time="2017-01-13 16:18:33Z" end-time="2017-01-13 16:18:33Z" duration="0.000510" asserts="1" />
          </test-suite>
          <test-suite type="TestFixture" id="1203" name="SpanishHolidaysNamesTest" fullname="DateTimeExtensions.Tests.SpanishHolidaysNamesTest" classname="DateTimeExtensions.Tests.SpanishHolidaysNamesTest" runstate="Runnable" testcasecount="1" result="Passed" start-time="2017-01-13 16:18:33Z" end-time="2017-01-13 16:18:33Z" duration="0.003238" total="1" passed="1" failed="0" warnings="0" inconclusive="0" skipped="0" asserts="19">
            <test-case id="1204" name="AssertSpanishHolidaysAreTranslated" fullname="DateTimeExtensions.Tests.SpanishHolidaysNamesTest.AssertSpanishHolidaysAreTranslated" methodname="AssertSpanishHolidaysAreTranslated" classname="DateTimeExtensions.Tests.SpanishHolidaysNamesTest" runstate="Runnable" seed="1079848167" result="Passed" start-time="2017-01-13 16:18:33Z" end-time="2017-01-13 16:18:33Z" duration="0.001578" asserts="19" />
          </test-suite>
          <test-suite type="TestFixture" id="1154" name="TimeTests" fullname="DateTimeExtensions.Tests.TimeTests" classname="DateTimeExtensions.Tests.TimeTests" runstate="Runnable" testcasecount="8" result="Passed" start-time="2017-01-13 16:18:33Z" end-time="2017-01-13 16:18:33Z" duration="0.025458" total="8" passed="8" failed="0" warnings="0" inconclusive="0" skipped="0" asserts="16">
            <test-case id="1162" name="can_compare_inverted_between" fullname="DateTimeExtensions.Tests.TimeTests.can_compare_inverted_between" methodname="can_compare_inverted_between" classname="DateTimeExtensions.Tests.TimeTests" runstate="Runnable" seed="205479454" result="Passed" start-time="2017-01-13 16:18:33Z" end-time="2017-01-13 16:18:33Z" duration="0.002463" asserts="4" />
            <test-case id="1161" name="can_compare_times" fullname="DateTimeExtensions.Tests.TimeTests.can_compare_times" methodname="can_compare_times" classname="DateTimeExtensions.Tests.TimeTests" runstate="Runnable" seed="31517467" result="Passed" start-time="2017-01-13 16:18:33Z" end-time="2017-01-13 16:18:33Z" duration="0.001300" asserts="6" />
            <test-case id="1160" name="can_extract_time_from_datetime" fullname="DateTimeExtensions.Tests.TimeTests.can_extract_time_from_datetime" methodname="can_extract_time_from_datetime" classname="DateTimeExtensions.Tests.TimeTests" runstate="Runnable" seed="1653682481" result="Passed" start-time="2017-01-13 16:18:33Z" end-time="2017-01-13 16:18:33Z" duration="0.002043" asserts="1" />
            <test-case id="1156" name="can_format_12hour_time" fullname="DateTimeExtensions.Tests.TimeTests.can_format_12hour_time" methodname="can_format_12hour_time" classname="DateTimeExtensions.Tests.TimeTests" runstate="Runnable" seed="112707269" result="Passed" start-time="2017-01-13 16:18:33Z" end-time="2017-01-13 16:18:33Z" duration="0.001134" asserts="1" />
            <test-case id="1155" name="can_format_24hour_time" fullname="DateTimeExtensions.Tests.TimeTests.can_format_24hour_time" methodname="can_format_24hour_time" classname="DateTimeExtensions.Tests.TimeTests" runstate="Runnable" seed="1412539134" result="Passed" start-time="2017-01-13 16:18:33Z" end-time="2017-01-13 16:18:33Z" duration="0.000247" asserts="1" />
            <test-case id="1157" name="can_parse_time" fullname="DateTimeExtensions.Tests.TimeTests.can_parse_time" methodname="can_parse_time" classname="DateTimeExtensions.Tests.TimeTests" runstate="Runnable" seed="482238355" result="Passed" start-time="2017-01-13 16:18:33Z" end-time="2017-01-13 16:18:33Z" duration="0.001227" asserts="1" />
            <test-case id="1158" name="can_parse_time_leading_zero" fullname="DateTimeExtensions.Tests.TimeTests.can_parse_time_leading_zero" methodname="can_parse_time_leading_zero" classname="DateTimeExtensions.Tests.TimeTests" runstate="Runnable" seed="1555590819" result="Passed" start-time="2017-01-13 16:18:33Z" end-time="2017-01-13 16:18:33Z" duration="0.000272" asserts="1" />
            <test-case id="1159" name="can_parse_time_two_digit_hours" fullname="DateTimeExtensions.Tests.TimeTests.can_parse_time_two_digit_hours" methodname="can_parse_time_two_digit_hours" classname="DateTimeExtensions.Tests.TimeTests" runstate="Runnable" seed="663065662" result="Passed" start-time="2017-01-13 16:18:33Z" end-time="2017-01-13 16:18:33Z" duration="0.000368" asserts="1" />
          </test-suite>
          <test-suite type="TestFixture" id="1163" name="ViHolidaysTests" fullname="DateTimeExtensions.Tests.ViHolidaysTests" classname="DateTimeExtensions.Tests.ViHolidaysTests" runstate="Runnable" testcasecount="27" result="Passed" start-time="2017-01-13 16:18:33Z" end-time="2017-01-13 16:18:33Z" duration="0.054005" total="27" passed="27" failed="0" warnings="0" inconclusive="0" skipped="0" asserts="27">
            <test-suite type="ParameterizedMethod" id="1170" name="ShouldBeHungKingsCommemorationsDay" fullname="DateTimeExtensions.Tests.ViHolidaysTests.ShouldBeHungKingsCommemorationsDay" classname="DateTimeExtensions.Tests.ViHolidaysTests" runstate="Runnable" testcasecount="5" result="Passed" start-time="2017-01-13 16:18:33Z" end-time="2017-01-13 16:18:33Z" duration="0.009975" total="5" passed="5" failed="0" warnings="0" inconclusive="0" skipped="0" asserts="5">
              <test-case id="1165" name="ShouldBeHungKingsCommemorationsDay(03/10/2015 00:00:00)" fullname="DateTimeExtensions.Tests.ViHolidaysTests.ShouldBeHungKingsCommemorationsDay(03/10/2015 00:00:00)" methodname="ShouldBeHungKingsCommemorationsDay" classname="DateTimeExtensions.Tests.ViHolidaysTests" runstate="Runnable" seed="828945488" result="Passed" start-time="2017-01-13 16:18:33Z" end-time="2017-01-13 16:18:33Z" duration="0.000800" asserts="1" />
              <test-case id="1166" name="ShouldBeHungKingsCommemorationsDay(03/10/2112 00:00:00)" fullname="DateTimeExtensions.Tests.ViHolidaysTests.ShouldBeHungKingsCommemorationsDay(03/10/2112 00:00:00)" methodname="ShouldBeHungKingsCommemorationsDay" classname="DateTimeExtensions.Tests.ViHolidaysTests" runstate="Runnable" seed="227194477" result="Passed" start-time="2017-01-13 16:18:33Z" end-time="2017-01-13 16:18:33Z" duration="0.000249" asserts="1" />
              <test-case id="1167" name="ShouldBeHungKingsCommemorationsDay(03/10/2014 00:00:00)" fullname="DateTimeExtensions.Tests.ViHolidaysTests.ShouldBeHungKingsCommemorationsDay(03/10/2014 00:00:00)" methodname="ShouldBeHungKingsCommemorationsDay" classname="DateTimeExtensions.Tests.ViHolidaysTests" runstate="Runnable" seed="641282339" result="Passed" start-time="2017-01-13 16:18:33Z" end-time="2017-01-13 16:18:33Z" duration="0.000352" asserts="1" />
              <test-case id="1168" name="ShouldBeHungKingsCommemorationsDay(03/10/2022 00:00:00)" fullname="DateTimeExtensions.Tests.ViHolidaysTests.ShouldBeHungKingsCommemorationsDay(03/10/2022 00:00:00)" methodname="ShouldBeHungKingsCommemorationsDay" classname="DateTimeExtensions.Tests.ViHolidaysTests" runstate="Runnable" seed="1529709829" result="Passed" start-time="2017-01-13 16:18:33Z" end-time="2017-01-13 16:18:33Z" duration="0.000287" asserts="1" />
              <test-case id="1169" name="ShouldBeHungKingsCommemorationsDay(03/10/2017 00:00:00)" fullname="DateTimeExtensions.Tests.ViHolidaysTests.ShouldBeHungKingsCommemorationsDay(03/10/2017 00:00:00)" methodname="ShouldBeHungKingsCommemorationsDay" classname="DateTimeExtensions.Tests.ViHolidaysTests" runstate="Runnable" seed="1725609324" result="Passed" start-time="2017-01-13 16:18:33Z" end-time="2017-01-13 16:18:33Z" duration="0.000295" asserts="1" />
            </test-suite>
            <test-suite type="ParameterizedMethod" id="1182" name="ShouldBeInternationalWorkersDay" fullname="DateTimeExtensions.Tests.ViHolidaysTests.ShouldBeInternationalWorkersDay" classname="DateTimeExtensions.Tests.ViHolidaysTests" runstate="Runnable" testcasecount="5" result="Passed" start-time="2017-01-13 16:18:33Z" end-time="2017-01-13 16:18:33Z" duration="0.008927" total="5" passed="5" failed="0" warnings="0" inconclusive="0" skipped="0" asserts="5">
              <test-case id="1177" name="ShouldBeInternationalWorkersDay(05/01/2015 00:00:00)" fullname="DateTimeExtensions.Tests.ViHolidaysTests.ShouldBeInternationalWorkersDay(05/01/2015 00:00:00)" methodname="ShouldBeInternationalWorkersDay" classname="DateTimeExtensions.Tests.ViHolidaysTests" runstate="Runnable" seed="1541961585" result="Passed" start-time="2017-01-13 16:18:33Z" end-time="2017-01-13 16:18:33Z" duration="0.000391" asserts="1" />
              <test-case id="1178" name="ShouldBeInternationalWorkersDay(05/01/2112 00:00:00)" fullname="DateTimeExtensions.Tests.ViHolidaysTests.ShouldBeInternationalWorkersDay(05/01/2112 00:00:00)" methodname="ShouldBeInternationalWorkersDay" classname="DateTimeExtensions.Tests.ViHolidaysTests" runstate="Runnable" seed="1641938825" result="Passed" start-time="2017-01-13 16:18:33Z" end-time="2017-01-13 16:18:33Z" duration="0.000257" asserts="1" />
              <test-case id="1179" name="ShouldBeInternationalWorkersDay(05/01/2014 00:00:00)" fullname="DateTimeExtensions.Tests.ViHolidaysTests.ShouldBeInternationalWorkersDay(05/01/2014 00:00:00)" methodname="ShouldBeInternationalWorkersDay" classname="DateTimeExtensions.Tests.ViHolidaysTests" runstate="Runnable" seed="1557149951" result="Passed" start-time="2017-01-13 16:18:33Z" end-time="2017-01-13 16:18:33Z" duration="0.000313" asserts="1" />
              <test-case id="1180" name="ShouldBeInternationalWorkersDay(05/01/2022 00:00:00)" fullname="DateTimeExtensions.Tests.ViHolidaysTests.ShouldBeInternationalWorkersDay(05/01/2022 00:00:00)" methodname="ShouldBeInternationalWorkersDay" classname="DateTimeExtensions.Tests.ViHolidaysTests" runstate="Runnable" seed="87125327" result="Passed" start-time="2017-01-13 16:18:33Z" end-time="2017-01-13 16:18:33Z" duration="0.000193" asserts="1" />
              <test-case id="1181" name="ShouldBeInternationalWorkersDay(05/01/2017 00:00:00)" fullname="DateTimeExtensions.Tests.ViHolidaysTests.ShouldBeInternationalWorkersDay(05/01/2017 00:00:00)" methodname="ShouldBeInternationalWorkersDay" classname="DateTimeExtensions.Tests.ViHolidaysTests" runstate="Runnable" seed="155749469" result="Passed" start-time="2017-01-13 16:18:33Z" end-time="2017-01-13 16:18:33Z" duration="0.000221" asserts="1" />
            </test-suite>
            <test-suite type="ParameterizedMethod" id="1176" name="ShouldBeLiberationDay" fullname="DateTimeExtensions.Tests.ViHolidaysTests.ShouldBeLiberationDay" classname="DateTimeExtensions.Tests.ViHolidaysTests" runstate="Runnable" testcasecount="5" result="Passed" start-time="2017-01-13 16:18:33Z" end-time="2017-01-13 16:18:33Z" duration="0.009780" total="5" passed="5" failed="0" warnings="0" inconclusive="0" skipped="0" asserts="5">
              <test-case id="1171" name="ShouldBeLiberationDay(04/30/2015 00:00:00)" fullname="DateTimeExtensions.Tests.ViHolidaysTests.ShouldBeLiberationDay(04/30/2015 00:00:00)" methodname="ShouldBeLiberationDay" classname="DateTimeExtensions.Tests.ViHolidaysTests" runstate="Runnable" seed="561083922" result="Passed" start-time="2017-01-13 16:18:33Z" end-time="2017-01-13 16:18:33Z" duration="0.000350" asserts="1" />
              <test-case id="1172" name="ShouldBeLiberationDay(04/30/2112 00:00:00)" fullname="DateTimeExtensions.Tests.ViHolidaysTests.ShouldBeLiberationDay(04/30/2112 00:00:00)" methodname="ShouldBeLiberationDay" classname="DateTimeExtensions.Tests.ViHolidaysTests" runstate="Runnable" seed="1123088596" result="Passed" start-time="2017-01-13 16:18:33Z" end-time="2017-01-13 16:18:33Z" duration="0.000250" asserts="1" />
              <test-case id="1173" name="ShouldBeLiberationDay(04/30/2014 00:00:00)" fullname="DateTimeExtensions.Tests.ViHolidaysTests.ShouldBeLiberationDay(04/30/2014 00:00:00)" methodname="ShouldBeLiberationDay" classname="DateTimeExtensions.Tests.ViHolidaysTests" runstate="Runnable" seed="1750920516" result="Passed" start-time="2017-01-13 16:18:33Z" end-time="2017-01-13 16:18:33Z" duration="0.000231" asserts="1" />
              <test-case id="1174" name="ShouldBeLiberationDay(04/30/2022 00:00:00)" fullname="DateTimeExtensions.Tests.ViHolidaysTests.ShouldBeLiberationDay(04/30/2022 00:00:00)" methodname="ShouldBeLiberationDay" classname="DateTimeExtensions.Tests.ViHolidaysTests" runstate="Runnable" seed="557803373" result="Passed" start-time="2017-01-13 16:18:33Z" end-time="2017-01-13 16:18:33Z" duration="0.000322" asserts="1" />
              <test-case id="1175" name="ShouldBeLiberationDay(04/30/2017 00:00:00)" fullname="DateTimeExtensions.Tests.ViHolidaysTests.ShouldBeLiberationDay(04/30/2017 00:00:00)" methodname="ShouldBeLiberationDay" classname="DateTimeExtensions.Tests.ViHolidaysTests" runstate="Runnable" seed="1970022721" result="Passed" start-time="2017-01-13 16:18:33Z" end-time="2017-01-13 16:18:33Z" duration="0.000352" asserts="1" />
            </test-suite>
            <test-suite type="ParameterizedMethod" id="1188" name="ShouldBeNationalDay" fullname="DateTimeExtensions.Tests.ViHolidaysTests.ShouldBeNationalDay" classname="DateTimeExtensions.Tests.ViHolidaysTests" runstate="Runnable" testcasecount="5" result="Passed" start-time="2017-01-13 16:18:33Z" end-time="2017-01-13 16:18:33Z" duration="0.008906" total="5" passed="5" failed="0" warnings="0" inconclusive="0" skipped="0" asserts="5">
              <test-case id="1183" name="ShouldBeNationalDay(09/02/2015 00:00:00)" fullname="DateTimeExtensions.Tests.ViHolidaysTests.ShouldBeNationalDay(09/02/2015 00:00:00)" methodname="ShouldBeNationalDay" classname="DateTimeExtensions.Tests.ViHolidaysTests" runstate="Runnable" seed="217100306" result="Passed" start-time="2017-01-13 16:18:33Z" end-time="2017-01-13 16:18:33Z" duration="0.000482" asserts="1" />
              <test-case id="1184" name="ShouldBeNationalDay(09/02/2112 00:00:00)" fullname="DateTimeExtensions.Tests.ViHolidaysTests.ShouldBeNationalDay(09/02/2112 00:00:00)" methodname="ShouldBeNationalDay" classname="DateTimeExtensions.Tests.ViHolidaysTests" runstate="Runnable" seed="1265382028" result="Passed" start-time="2017-01-13 16:18:33Z" end-time="2017-01-13 16:18:33Z" duration="0.000392" asserts="1" />
              <test-case id="1185" name="ShouldBeNationalDay(09/02/2014 00:00:00)" fullname="DateTimeExtensions.Tests.ViHolidaysTests.ShouldBeNationalDay(09/02/2014 00:00:00)" methodname="ShouldBeNationalDay" classname="DateTimeExtensions.Tests.ViHolidaysTests" runstate="Runnable" seed="1965267992" result="Passed" start-time="2017-01-13 16:18:33Z" end-time="2017-01-13 16:18:33Z" duration="0.000421" asserts="1" />
              <test-case id="1186" name="ShouldBeNationalDay(09/02/2022 00:00:00)" fullname="DateTimeExtensions.Tests.ViHolidaysTests.ShouldBeNationalDay(09/02/2022 00:00:00)" methodname="ShouldBeNationalDay" classname="DateTimeExtensions.Tests.ViHolidaysTests" runstate="Runnable" seed="1078803272" result="Passed" start-time="2017-01-13 16:18:33Z" end-time="2017-01-13 16:18:33Z" duration="0.000264" asserts="1" />
              <test-case id="1187" name="ShouldBeNationalDay(09/02/2017 00:00:00)" fullname="DateTimeExtensions.Tests.ViHolidaysTests.ShouldBeNationalDay(09/02/2017 00:00:00)" methodname="ShouldBeNationalDay" classname="DateTimeExtensions.Tests.ViHolidaysTests" runstate="Runnable" seed="382493421" result="Passed" start-time="2017-01-13 16:18:33Z" end-time="2017-01-13 16:18:33Z" duration="0.000232" asserts="1" />
            </test-suite>
            <test-suite type="ParameterizedMethod" id="1194" name="ShouldBeNewYearDay" fullname="DateTimeExtensions.Tests.ViHolidaysTests.ShouldBeNewYearDay" classname="DateTimeExtensions.Tests.ViHolidaysTests" runstate="Runnable" testcasecount="5" result="Passed" start-time="2017-01-13 16:18:33Z" end-time="2017-01-13 16:18:33Z" duration="0.009845" total="5" passed="5" failed="0" warnings="0" inconclusive="0" skipped="0" asserts="5">
              <test-case id="1189" name="ShouldBeNewYearDay(01/01/2015 00:00:00)" fullname="DateTimeExtensions.Tests.ViHolidaysTests.ShouldBeNewYearDay(01/01/2015 00:00:00)" methodname="ShouldBeNewYearDay" classname="DateTimeExtensions.Tests.ViHolidaysTests" runstate="Runnable" seed="747323119" result="Passed" start-time="2017-01-13 16:18:33Z" end-time="2017-01-13 16:18:33Z" duration="0.000665" asserts="1" />
              <test-case id="1190" name="ShouldBeNewYearDay(01/01/2112 00:00:00)" fullname="DateTimeExtensions.Tests.ViHolidaysTests.ShouldBeNewYearDay(01/01/2112 00:00:00)" methodname="ShouldBeNewYearDay" classname="DateTimeExtensions.Tests.ViHolidaysTests" runstate="Runnable" seed="1023779139" result="Passed" start-time="2017-01-13 16:18:33Z" end-time="2017-01-13 16:18:33Z" duration="0.000222" asserts="1" />
              <test-case id="1191" name="ShouldBeNewYearDay(01/01/2014 00:00:00)" fullname="DateTimeExtensions.Tests.ViHolidaysTests.ShouldBeNewYearDay(01/01/2014 00:00:00)" methodname="ShouldBeNewYearDay" classname="DateTimeExtensions.Tests.ViHolidaysTests" runstate="Runnable" seed="1117956996" result="Passed" start-time="2017-01-13 16:18:33Z" end-time="2017-01-13 16:18:33Z" duration="0.000225" asserts="1" />
              <test-case id="1192" name="ShouldBeNewYearDay(01/01/2022 00:00:00)" fullname="DateTimeExtensions.Tests.ViHolidaysTests.ShouldBeNewYearDay(01/01/2022 00:00:00)" methodname="ShouldBeNewYearDay" classname="DateTimeExtensions.Tests.ViHolidaysTests" runstate="Runnable" seed="857879347" result="Passed" start-time="2017-01-13 16:18:33Z" end-time="2017-01-13 16:18:33Z" duration="0.000762" asserts="1" />
              <test-case id="1193" name="ShouldBeNewYearDay(01/01/2017 00:00:00)" fullname="DateTimeExtensions.Tests.ViHolidaysTests.ShouldBeNewYearDay(01/01/2017 00:00:00)" methodname="ShouldBeNewYearDay" classname="DateTimeExtensions.Tests.ViHolidaysTests" runstate="Runnable" seed="4614812" result="Passed" start-time="2017-01-13 16:18:33Z" end-time="2017-01-13 16:18:33Z" duration="0.001183" asserts="1" />
            </test-suite>
            <test-case id="1164" name="ShouldGetViVnStrategy" fullname="DateTimeExtensions.Tests.ViHolidaysTests.ShouldGetViVnStrategy" methodname="ShouldGetViVnStrategy" classname="DateTimeExtensions.Tests.ViHolidaysTests" runstate="Runnable" seed="2098073494" result="Passed" start-time="2017-01-13 16:18:33Z" end-time="2017-01-13 16:18:33Z" duration="0.000876" asserts="1" />
            <test-case id="1195" name="VietNamPublicHolidaysShouldBe5" fullname="DateTimeExtensions.Tests.ViHolidaysTests.VietNamPublicHolidaysShouldBe5" methodname="VietNamPublicHolidaysShouldBe5" classname="DateTimeExtensions.Tests.ViHolidaysTests" runstate="Runnable" seed="2083633973" result="Passed" start-time="2017-01-13 16:18:33Z" end-time="2017-01-13 16:18:33Z" duration="0.000593" asserts="1" />
          </test-suite>
        </test-suite>
      </test-suite>
    </test-suite>
  </test-run>
</test-run>