<?xml version="1.0" encoding="utf-8"?>
<test-run id="0" testcasecount="175" total="175" passed="174" failed="0" inconclusive="0" skipped="1" asserts="757" result="Passed" portable-engine-version="3.3.0.0" start-time="2017-01-13 16:34:45Z" end-time="2017-01-13 16:34:46Z" duration="1.282263">
  <test-run id="0" testcasecount="175" total="175" passed="174" failed="0" inconclusive="0" skipped="1" asserts="757" result="Passed" portable-engine-version="3.3.0.0" start-time="2017-01-13 16:34:45Z" end-time="2017-01-13 16:34:46Z" duration="1.097623">
    <test-suite type="Assembly" id="1209" name="DateTimeExtensions.Tests.dll" fullname="c:/JMS/Repository/DateTimeExtensions/tests/DateTimeExtensions.Tests/bin/Debug/netcoreapp1.0/DateTimeExtensions.Tests.dll" runstate="Runnable" testcasecount="175" result="Skipped" label="Ignored" start-time="2017-01-13 16:34:45Z" end-time="2017-01-13 16:34:46Z" duration="1.024169" total="175" passed="174" failed="0" warnings="0" inconclusive="0" skipped="1" asserts="757">
      <environment framework-version="3.6.0.0" clr-version=".NET Core 4.6.24628.01" os-version="Microsoft Windows 10.0.14393 " cwd="c:\JMS\Repository\DateTimeExtensions\tests\DateTimeExtensions.Tests" machine-name="JMS-MINDBUS" culture="pt-PT" uiculture="es-ES" os-architecture="X64" />
      <settings>
        <setting name="WorkDirectory" value="c:\JMS\Repository\DateTimeExtensions\tests\DateTimeExtensions.Tests" />
      </settings>
      <reason>
        <message><![CDATA[One or more child tests were ignored]]></message>
      </reason>
      <test-suite type="TestSuite" id="1210" name="DateTimeExtensions" fullname="DateTimeExtensions" runstate="Runnable" testcasecount="175" result="Skipped" label="Ignored" start-time="2017-01-13 16:34:45Z" end-time="2017-01-13 16:34:46Z" duration="1.014705" total="175" passed="174" failed="0" warnings="0" inconclusive="0" skipped="1" asserts="757">
        <reason>
          <message><![CDATA[One or more child tests were ignored]]></message>
        </reason>
        <test-suite type="TestSuite" id="1211" name="Tests" fullname="DateTimeExtensions.Tests" runstate="Runnable" testcasecount="175" result="Skipped" label="Ignored" start-time="2017-01-13 16:34:45Z" end-time="2017-01-13 16:34:46Z" duration="1.014406" total="175" passed="174" failed="0" warnings="0" inconclusive="0" skipped="1" asserts="757">
          <reason>
            <message><![CDATA[One or more child tests were ignored]]></message>
          </reason>
          <test-suite type="TestFixture" id="1000" name="ARSAWorkingDays" fullname="DateTimeExtensions.Tests.ARSAWorkingDays" classname="DateTimeExtensions.Tests.ARSAWorkingDays" runstate="Runnable" testcasecount="4" result="Passed" start-time="2017-01-13 16:34:45Z" end-time="2017-01-13 16:34:45Z" duration="0.160963" total="4" passed="4" failed="0" warnings="0" inconclusive="0" skipped="0" asserts="37">
            <test-case id="1002" name="are_working_days_on_friday_and_saturday" fullname="DateTimeExtensions.Tests.ARSAWorkingDays.are_working_days_on_friday_and_saturday" methodname="are_working_days_on_friday_and_saturday" classname="DateTimeExtensions.Tests.ARSAWorkingDays" runstate="Runnable" seed="2073722560" result="Passed" start-time="2017-01-13 16:34:45Z" end-time="2017-01-13 16:34:45Z" duration="0.026134" asserts="2" />
            <test-case id="1004" name="can_generate_holidays" fullname="DateTimeExtensions.Tests.ARSAWorkingDays.can_generate_holidays" methodname="can_generate_holidays" classname="DateTimeExtensions.Tests.ARSAWorkingDays" runstate="Runnable" seed="1190990458" result="Passed" start-time="2017-01-13 16:34:45Z" end-time="2017-01-13 16:34:45Z" duration="0.040346" asserts="20" />
            <test-case id="1001" name="can_get_strateryies" fullname="DateTimeExtensions.Tests.ARSAWorkingDays.can_get_strateryies" methodname="can_get_strateryies" classname="DateTimeExtensions.Tests.ARSAWorkingDays" runstate="Runnable" seed="700669221" result="Passed" start-time="2017-01-13 16:34:45Z" end-time="2017-01-13 16:34:45Z" duration="0.014100" asserts="2" />
            <test-case id="1003" name="holiday_days_span" fullname="DateTimeExtensions.Tests.ARSAWorkingDays.holiday_days_span" methodname="holiday_days_span" classname="DateTimeExtensions.Tests.ARSAWorkingDays" runstate="Runnable" seed="1578820657" result="Passed" start-time="2017-01-13 16:34:45Z" end-time="2017-01-13 16:34:45Z" duration="0.003408" asserts="13" />
          </test-suite>
          <test-suite type="TestFixture" id="1005" name="ChineseHolidaysTests" fullname="DateTimeExtensions.Tests.ChineseHolidaysTests" classname="DateTimeExtensions.Tests.ChineseHolidaysTests" runstate="Runnable" testcasecount="2" result="Passed" start-time="2017-01-13 16:34:45Z" end-time="2017-01-13 16:34:45Z" duration="0.009939" total="2" passed="2" failed="0" warnings="0" inconclusive="0" skipped="0" asserts="6">
            <test-case id="1006" name="SpringFetivalTests" fullname="DateTimeExtensions.Tests.ChineseHolidaysTests.SpringFetivalTests" methodname="SpringFetivalTests" classname="DateTimeExtensions.Tests.ChineseHolidaysTests" runstate="Runnable" seed="1117734290" result="Passed" start-time="2017-01-13 16:34:45Z" end-time="2017-01-13 16:34:45Z" duration="0.005392" asserts="3" />
            <test-case id="1007" name="TombSweepingDayTests" fullname="DateTimeExtensions.Tests.ChineseHolidaysTests.TombSweepingDayTests" methodname="TombSweepingDayTests" classname="DateTimeExtensions.Tests.ChineseHolidaysTests" runstate="Runnable" seed="671834292" result="Passed" start-time="2017-01-13 16:34:45Z" end-time="2017-01-13 16:34:45Z" duration="0.001528" asserts="3" />
          </test-suite>
          <test-suite type="TestFixture" id="1008" name="ChristianHolidaysTests" fullname="DateTimeExtensions.Tests.ChristianHolidaysTests" classname="DateTimeExtensions.Tests.ChristianHolidaysTests" runstate="Runnable" testcasecount="5" result="Passed" start-time="2017-01-13 16:34:45Z" end-time="2017-01-13 16:34:45Z" duration="0.029662" total="5" passed="5" failed="0" warnings="0" inconclusive="0" skipped="0" asserts="135">
            <test-case id="1011" name="ascencion_is_39_days_after_easter" fullname="DateTimeExtensions.Tests.ChristianHolidaysTests.ascencion_is_39_days_after_easter" methodname="ascencion_is_39_days_after_easter" classname="DateTimeExtensions.Tests.ChristianHolidaysTests" runstate="Runnable" seed="405002728" result="Passed" start-time="2017-01-13 16:34:45Z" end-time="2017-01-13 16:34:45Z" duration="0.004241" asserts="27" />
            <test-case id="1009" name="can_calculate_easter" fullname="DateTimeExtensions.Tests.ChristianHolidaysTests.can_calculate_easter" methodname="can_calculate_easter" classname="DateTimeExtensions.Tests.ChristianHolidaysTests" runstate="Runnable" seed="1907894607" result="Passed" start-time="2017-01-13 16:34:45Z" end-time="2017-01-13 16:34:45Z" duration="0.000745" asserts="27" />
            <test-case id="1013" name="carnival_is_47_days_before_easter" fullname="DateTimeExtensions.Tests.ChristianHolidaysTests.carnival_is_47_days_before_easter" methodname="carnival_is_47_days_before_easter" classname="DateTimeExtensions.Tests.ChristianHolidaysTests" runstate="Runnable" seed="1751415901" result="Passed" start-time="2017-01-13 16:34:45Z" end-time="2017-01-13 16:34:45Z" duration="0.000772" asserts="27" />
            <test-case id="1012" name="palmSunday_is_7_days_before_easter" fullname="DateTimeExtensions.Tests.ChristianHolidaysTests.palmSunday_is_7_days_before_easter" methodname="palmSunday_is_7_days_before_easter" classname="DateTimeExtensions.Tests.ChristianHolidaysTests" runstate="Runnable" seed="1680725550" result="Passed" start-time="2017-01-13 16:34:45Z" end-time="2017-01-13 16:34:45Z" duration="0.007996" asserts="27" />
            <test-case id="1010" name="pentecost_is_49_days_after_easter" fullname="DateTimeExtensions.Tests.ChristianHolidaysTests.pentecost_is_49_days_after_easter" methodname="pentecost_is_49_days_after_easter" classname="DateTimeExtensions.Tests.ChristianHolidaysTests" runstate="Runnable" seed="1069274309" result="Passed" start-time="2017-01-13 16:34:45Z" end-time="2017-01-13 16:34:45Z" duration="0.001391" asserts="27" />
          </test-suite>
          <test-suite type="TestFixture" id="1196" name="DefaultNamesTest" fullname="DateTimeExtensions.Tests.DefaultNamesTest" classname="DateTimeExtensions.Tests.DefaultNamesTest" runstate="Runnable" testcasecount="1" result="Passed" start-time="2017-01-13 16:34:45Z" end-time="2017-01-13 16:34:45Z" duration="0.007843" total="1" passed="1" failed="0" warnings="0" inconclusive="0" skipped="0" asserts="13">
            <test-case id="1197" name="AssertDefaultGlobalHolidaysAreTranslated" fullname="DateTimeExtensions.Tests.DefaultNamesTest.AssertDefaultGlobalHolidaysAreTranslated" methodname="AssertDefaultGlobalHolidaysAreTranslated" classname="DateTimeExtensions.Tests.DefaultNamesTest" runstate="Runnable" seed="982203037" result="Passed" start-time="2017-01-13 16:34:45Z" end-time="2017-01-13 16:34:45Z" duration="0.005261" asserts="13" />
          </test-suite>
          <test-suite type="TestFixture" id="1014" name="en_NZCalendarTest" fullname="DateTimeExtensions.Tests.en_NZCalendarTest" classname="DateTimeExtensions.Tests.en_NZCalendarTest" runstate="Runnable" testcasecount="4" result="Passed" start-time="2017-01-13 16:34:45Z" end-time="2017-01-13 16:34:45Z" duration="0.014670" total="4" passed="4" failed="0" warnings="0" inconclusive="0" skipped="0" asserts="32">
            <test-case id="1018" name="BoxingDay" fullname="DateTimeExtensions.Tests.en_NZCalendarTest.BoxingDay" methodname="BoxingDay" classname="DateTimeExtensions.Tests.en_NZCalendarTest" runstate="Runnable" seed="1326396490" result="Passed" start-time="2017-01-13 16:34:45Z" end-time="2017-01-13 16:34:45Z" duration="0.004586" asserts="8" />
            <test-case id="1017" name="Christmas" fullname="DateTimeExtensions.Tests.en_NZCalendarTest.Christmas" methodname="Christmas" classname="DateTimeExtensions.Tests.en_NZCalendarTest" runstate="Runnable" seed="760522985" result="Passed" start-time="2017-01-13 16:34:45Z" end-time="2017-01-13 16:34:45Z" duration="0.001134" asserts="8" />
            <test-case id="1016" name="DayAfterNewYearsDay" fullname="DateTimeExtensions.Tests.en_NZCalendarTest.DayAfterNewYearsDay" methodname="DayAfterNewYearsDay" classname="DateTimeExtensions.Tests.en_NZCalendarTest" runstate="Runnable" seed="472951370" result="Passed" start-time="2017-01-13 16:34:45Z" end-time="2017-01-13 16:34:45Z" duration="0.000873" asserts="8" />
            <test-case id="1015" name="NewYearsDay" fullname="DateTimeExtensions.Tests.en_NZCalendarTest.NewYearsDay" methodname="NewYearsDay" classname="DateTimeExtensions.Tests.en_NZCalendarTest" runstate="Runnable" seed="1434278686" result="Passed" start-time="2017-01-13 16:34:45Z" end-time="2017-01-13 16:34:45Z" duration="0.001064" asserts="8" />
          </test-suite>
          <test-suite type="TestFixture" id="1019" name="ExampleTests" fullname="DateTimeExtensions.Tests.ExampleTests" classname="DateTimeExtensions.Tests.ExampleTests" runstate="Runnable" testcasecount="12" result="Skipped" label="Ignored" start-time="2017-01-13 16:34:45Z" end-time="2017-01-13 16:34:45Z" duration="0.070021" total="12" passed="11" failed="0" warnings="0" inconclusive="0" skipped="1" asserts="56">
            <reason>
              <message><![CDATA[One or more child tests were ignored]]></message>
            </reason>
            <test-case id="1024" name="check_working_day" fullname="DateTimeExtensions.Tests.ExampleTests.check_working_day" methodname="check_working_day" classname="DateTimeExtensions.Tests.ExampleTests" runstate="Runnable" seed="1131732539" result="Passed" start-time="2017-01-13 16:34:45Z" end-time="2017-01-13 16:34:45Z" duration="0.016624" asserts="4" />
            <test-case id="1031" name="get_first_and_last_tuesday_of_august" fullname="DateTimeExtensions.Tests.ExampleTests.get_first_and_last_tuesday_of_august" methodname="get_first_and_last_tuesday_of_august" classname="DateTimeExtensions.Tests.ExampleTests" runstate="Runnable" seed="2032158966" result="Passed" start-time="2017-01-13 16:34:45Z" end-time="2017-01-13 16:34:45Z" duration="0.000712" asserts="2" />
            <test-case id="1030" name="get_next_and_last_tuesday" fullname="DateTimeExtensions.Tests.ExampleTests.get_next_and_last_tuesday" methodname="get_next_and_last_tuesday" classname="DateTimeExtensions.Tests.ExampleTests" runstate="Runnable" seed="1584266338" result="Passed" start-time="2017-01-13 16:34:45Z" end-time="2017-01-13 16:34:45Z" duration="0.000502" asserts="2" />
            <test-case id="1029" name="get_us_holidays_in_2015_passes" fullname="DateTimeExtensions.Tests.ExampleTests.get_us_holidays_in_2015_passes" methodname="get_us_holidays_in_2015_passes" classname="DateTimeExtensions.Tests.ExampleTests" runstate="Runnable" seed="1600902306" result="Passed" start-time="2017-01-13 16:34:45Z" end-time="2017-01-13 16:34:45Z" duration="0.022771" asserts="11" />
            <test-case id="1028" name="get_year_prior_2013_holidays_in_portugal" fullname="DateTimeExtensions.Tests.ExampleTests.get_year_prior_2013_holidays_in_portugal" methodname="get_year_prior_2013_holidays_in_portugal" classname="DateTimeExtensions.Tests.ExampleTests" runstate="Runnable" seed="1256906061" result="Passed" start-time="2017-01-13 16:34:45Z" end-time="2017-01-13 16:34:45Z" duration="0.001883" asserts="14" />
            <test-case id="1027" name="get_year_since_2013_holidays_in_portugal" fullname="DateTimeExtensions.Tests.ExampleTests.get_year_since_2013_holidays_in_portugal" methodname="get_year_since_2013_holidays_in_portugal" classname="DateTimeExtensions.Tests.ExampleTests" runstate="Runnable" seed="503245520" result="Passed" start-time="2017-01-13 16:34:45Z" end-time="2017-01-13 16:34:45Z" duration="0.001549" asserts="10" />
            <test-case id="1022" name="globally_recomended_calculation" fullname="DateTimeExtensions.Tests.ExampleTests.globally_recomended_calculation" methodname="globally_recomended_calculation" classname="DateTimeExtensions.Tests.ExampleTests" runstate="Runnable" seed="1643615617" result="Passed" start-time="2017-01-13 16:34:45Z" end-time="2017-01-13 16:34:45Z" duration="0.001255" asserts="2" />
            <test-case id="1023" name="holidays" fullname="DateTimeExtensions.Tests.ExampleTests.holidays" methodname="holidays" classname="DateTimeExtensions.Tests.ExampleTests" runstate="Runnable" seed="192599255" result="Passed" start-time="2017-01-13 16:34:45Z" end-time="2017-01-13 16:34:45Z" duration="0.000912" asserts="4" />
            <test-case id="1026" name="provide_custom_culture" fullname="DateTimeExtensions.Tests.ExampleTests.provide_custom_culture" methodname="provide_custom_culture" classname="DateTimeExtensions.Tests.ExampleTests" runstate="Runnable" seed="1336582091" result="Passed" start-time="2017-01-13 16:34:45Z" end-time="2017-01-13 16:34:45Z" duration="0.002224" asserts="3" />
            <test-case id="1025" name="provide_custom_strategies" fullname="DateTimeExtensions.Tests.ExampleTests.provide_custom_strategies" methodname="provide_custom_strategies" classname="DateTimeExtensions.Tests.ExampleTests" runstate="Ignored" seed="2029591434" result="Skipped" label="Ignored" start-time="2017-01-13 16:34:45Z" end-time="2017-01-13 16:34:45Z" duration="0.001131" asserts="0">
              <properties>
                <property name="_SKIPREASON" value="For now discovering Strategies outside of the own DateTimeExtensions library is not supported" />
              </properties>
              <reason>
                <message><![CDATA[For now discovering Strategies outside of the own DateTimeExtensions library is not supported]]></message>
              </reason>
            </test-case>
            <test-case id="1021" name="recomended_calculation" fullname="DateTimeExtensions.Tests.ExampleTests.recomended_calculation" methodname="recomended_calculation" classname="DateTimeExtensions.Tests.ExampleTests" runstate="Runnable" seed="144323928" result="Passed" start-time="2017-01-13 16:34:45Z" end-time="2017-01-13 16:34:45Z" duration="0.000583" asserts="2" />
            <test-case id="1020" name="simple_calculation" fullname="DateTimeExtensions.Tests.ExampleTests.simple_calculation" methodname="simple_calculation" classname="DateTimeExtensions.Tests.ExampleTests" runstate="Runnable" seed="232954861" result="Passed" start-time="2017-01-13 16:34:45Z" end-time="2017-01-13 16:34:45Z" duration="0.000469" asserts="2" />
          </test-suite>
          <test-suite type="TestFixture" id="1032" name="FrCaHolidaysTests" fullname="DateTimeExtensions.Tests.FrCaHolidaysTests" classname="DateTimeExtensions.Tests.FrCaHolidaysTests" runstate="Runnable" testcasecount="4" result="Passed" start-time="2017-01-13 16:34:45Z" end-time="2017-01-13 16:34:45Z" duration="0.021804" total="4" passed="4" failed="0" warnings="0" inconclusive="0" skipped="0" asserts="5">
            <test-case id="1034" name="assert_holidays_count" fullname="DateTimeExtensions.Tests.FrCaHolidaysTests.assert_holidays_count" methodname="assert_holidays_count" classname="DateTimeExtensions.Tests.FrCaHolidaysTests" runstate="Runnable" seed="1045144571" result="Passed" start-time="2017-01-13 16:34:45Z" end-time="2017-01-13 16:34:45Z" duration="0.004734" asserts="1" />
            <test-case id="1035" name="assert_holidays_on_weekend_observed_on_monday" fullname="DateTimeExtensions.Tests.FrCaHolidaysTests.assert_holidays_on_weekend_observed_on_monday" methodname="assert_holidays_on_weekend_observed_on_monday" classname="DateTimeExtensions.Tests.FrCaHolidaysTests" runstate="Runnable" seed="389193108" result="Passed" start-time="2017-01-13 16:34:45Z" end-time="2017-01-13 16:34:45Z" duration="0.006266" asserts="2" />
            <test-case id="1033" name="can_get_stratery" fullname="DateTimeExtensions.Tests.FrCaHolidaysTests.can_get_stratery" methodname="can_get_stratery" classname="DateTimeExtensions.Tests.FrCaHolidaysTests" runstate="Runnable" seed="1228602792" result="Passed" start-time="2017-01-13 16:34:45Z" end-time="2017-01-13 16:34:45Z" duration="0.001175" asserts="1" />
            <test-case id="1036" name="CanWorkOn2016" fullname="DateTimeExtensions.Tests.FrCaHolidaysTests.CanWorkOn2016" methodname="CanWorkOn2016" classname="DateTimeExtensions.Tests.FrCaHolidaysTests" runstate="Runnable" seed="1349659122" result="Passed" start-time="2017-01-13 16:34:45Z" end-time="2017-01-13 16:34:45Z" duration="0.000712" asserts="1" />
          </test-suite>
          <test-suite type="TestFixture" id="1037" name="FRNaturalTimeTests" fullname="DateTimeExtensions.Tests.FRNaturalTimeTests" classname="DateTimeExtensions.Tests.FRNaturalTimeTests" runstate="Runnable" testcasecount="8" result="Passed" start-time="2017-01-13 16:34:45Z" end-time="2017-01-13 16:34:46Z" duration="0.040422" total="8" passed="8" failed="0" warnings="0" inconclusive="0" skipped="0" asserts="35">
            <test-case id="1042" name="are_orderless" fullname="DateTimeExtensions.Tests.FRNaturalTimeTests.are_orderless" methodname="are_orderless" classname="DateTimeExtensions.Tests.FRNaturalTimeTests" runstate="Runnable" seed="1941954076" result="Passed" start-time="2017-01-13 16:34:45Z" end-time="2017-01-13 16:34:45Z" duration="0.019058" asserts="5" />
            <test-case id="1045" name="can_pluralize" fullname="DateTimeExtensions.Tests.FRNaturalTimeTests.can_pluralize" methodname="can_pluralize" classname="DateTimeExtensions.Tests.FRNaturalTimeTests" runstate="Runnable" seed="192483205" result="Passed" start-time="2017-01-13 16:34:45Z" end-time="2017-01-13 16:34:45Z" duration="0.000472" asserts="6" />
            <test-case id="1044" name="can_pluralize_months" fullname="DateTimeExtensions.Tests.FRNaturalTimeTests.can_pluralize_months" methodname="can_pluralize_months" classname="DateTimeExtensions.Tests.FRNaturalTimeTests" runstate="Runnable" seed="1271247506" result="Passed" start-time="2017-01-13 16:34:45Z" end-time="2017-01-13 16:34:45Z" duration="0.002424" asserts="6" />
            <test-case id="1043" name="can_pluralize_years" fullname="DateTimeExtensions.Tests.FRNaturalTimeTests.can_pluralize_years" methodname="can_pluralize_years" classname="DateTimeExtensions.Tests.FRNaturalTimeTests" runstate="Runnable" seed="1070970564" result="Passed" start-time="2017-01-13 16:34:46Z" end-time="2017-01-13 16:34:46Z" duration="0.000415" asserts="6" />
            <test-case id="1040" name="can_tranlate_to_exact_natural_text" fullname="DateTimeExtensions.Tests.FRNaturalTimeTests.can_tranlate_to_exact_natural_text" methodname="can_tranlate_to_exact_natural_text" classname="DateTimeExtensions.Tests.FRNaturalTimeTests" runstate="Runnable" seed="1996326187" result="Passed" start-time="2017-01-13 16:34:46Z" end-time="2017-01-13 16:34:46Z" duration="0.000304" asserts="3" />
            <test-case id="1041" name="can_tranlate_to_exact_natural_text_full" fullname="DateTimeExtensions.Tests.FRNaturalTimeTests.can_tranlate_to_exact_natural_text_full" methodname="can_tranlate_to_exact_natural_text_full" classname="DateTimeExtensions.Tests.FRNaturalTimeTests" runstate="Runnable" seed="487542948" result="Passed" start-time="2017-01-13 16:34:46Z" end-time="2017-01-13 16:34:46Z" duration="0.000404" asserts="3" />
            <test-case id="1038" name="can_tranlate_to_natural_text" fullname="DateTimeExtensions.Tests.FRNaturalTimeTests.can_tranlate_to_natural_text" methodname="can_tranlate_to_natural_text" classname="DateTimeExtensions.Tests.FRNaturalTimeTests" runstate="Runnable" seed="1507716418" result="Passed" start-time="2017-01-13 16:34:46Z" end-time="2017-01-13 16:34:46Z" duration="0.000722" asserts="3" />
            <test-case id="1039" name="can_tranlate_to_natural_text_rounded" fullname="DateTimeExtensions.Tests.FRNaturalTimeTests.can_tranlate_to_natural_text_rounded" methodname="can_tranlate_to_natural_text_rounded" classname="DateTimeExtensions.Tests.FRNaturalTimeTests" runstate="Runnable" seed="1290097570" result="Passed" start-time="2017-01-13 16:34:46Z" end-time="2017-01-13 16:34:46Z" duration="0.000562" asserts="3" />
          </test-suite>
          <test-suite type="TestFixture" id="1046" name="GenericCalendarTests" fullname="DateTimeExtensions.Tests.GenericCalendarTests" classname="DateTimeExtensions.Tests.GenericCalendarTests" runstate="Runnable" testcasecount="8" result="Passed" start-time="2017-01-13 16:34:46Z" end-time="2017-01-13 16:34:46Z" duration="0.025691" total="8" passed="8" failed="0" warnings="0" inconclusive="0" skipped="0" asserts="28">
            <test-case id="1051" name="adding_large_number_of_days" fullname="DateTimeExtensions.Tests.GenericCalendarTests.adding_large_number_of_days" methodname="adding_large_number_of_days" classname="DateTimeExtensions.Tests.GenericCalendarTests" runstate="Runnable" seed="653030974" result="Passed" start-time="2017-01-13 16:34:46Z" end-time="2017-01-13 16:34:46Z" duration="0.000251" asserts="2" />
            <test-case id="1048" name="adding_working_days_should_not_count_weekends" fullname="DateTimeExtensions.Tests.GenericCalendarTests.adding_working_days_should_not_count_weekends" methodname="adding_working_days_should_not_count_weekends" classname="DateTimeExtensions.Tests.GenericCalendarTests" runstate="Runnable" seed="465615743" result="Passed" start-time="2017-01-13 16:34:46Z" end-time="2017-01-13 16:34:46Z" duration="0.000508" asserts="5" />
            <test-case id="1050" name="adding_zero_working_days_should_return_same_day" fullname="DateTimeExtensions.Tests.GenericCalendarTests.adding_zero_working_days_should_return_same_day" methodname="adding_zero_working_days_should_return_same_day" classname="DateTimeExtensions.Tests.GenericCalendarTests" runstate="Runnable" seed="873566530" result="Passed" start-time="2017-01-13 16:34:46Z" end-time="2017-01-13 16:34:46Z" duration="0.000473" asserts="3" />
            <test-case id="1047" name="default_working_days" fullname="DateTimeExtensions.Tests.GenericCalendarTests.default_working_days" methodname="default_working_days" classname="DateTimeExtensions.Tests.GenericCalendarTests" runstate="Runnable" seed="1797481873" result="Passed" start-time="2017-01-13 16:34:46Z" end-time="2017-01-13 16:34:46Z" duration="0.001680" asserts="10" />
            <test-case id="1052" name="get_working_days" fullname="DateTimeExtensions.Tests.GenericCalendarTests.get_working_days" methodname="get_working_days" classname="DateTimeExtensions.Tests.GenericCalendarTests" runstate="Runnable" seed="936714758" result="Passed" start-time="2017-01-13 16:34:46Z" end-time="2017-01-13 16:34:46Z" duration="0.006932" asserts="1" />
            <test-case id="1053" name="get_working_days_reverse" fullname="DateTimeExtensions.Tests.GenericCalendarTests.get_working_days_reverse" methodname="get_working_days_reverse" classname="DateTimeExtensions.Tests.GenericCalendarTests" runstate="Runnable" seed="1129694107" result="Passed" start-time="2017-01-13 16:34:46Z" end-time="2017-01-13 16:34:46Z" duration="0.000801" asserts="1" />
            <test-case id="1054" name="get_working_days_same_day" fullname="DateTimeExtensions.Tests.GenericCalendarTests.get_working_days_same_day" methodname="get_working_days_same_day" classname="DateTimeExtensions.Tests.GenericCalendarTests" runstate="Runnable" seed="58278717" result="Passed" start-time="2017-01-13 16:34:46Z" end-time="2017-01-13 16:34:46Z" duration="0.000730" asserts="1" />
            <test-case id="1049" name="subtracting_working_days_should_not_count_weekends" fullname="DateTimeExtensions.Tests.GenericCalendarTests.subtracting_working_days_should_not_count_weekends" methodname="subtracting_working_days_should_not_count_weekends" classname="DateTimeExtensions.Tests.GenericCalendarTests" runstate="Runnable" seed="1533868970" result="Passed" start-time="2017-01-13 16:34:46Z" end-time="2017-01-13 16:34:46Z" duration="0.000360" asserts="5" />
          </test-suite>
          <test-suite type="TestFixture" id="1055" name="GenericNaturalTimeTests" fullname="DateTimeExtensions.Tests.GenericNaturalTimeTests" classname="DateTimeExtensions.Tests.GenericNaturalTimeTests" runstate="Runnable" testcasecount="13" result="Passed" start-time="2017-01-13 16:34:46Z" end-time="2017-01-13 16:34:46Z" duration="0.038766" total="13" passed="13" failed="0" warnings="0" inconclusive="0" skipped="0" asserts="66">
            <test-case id="1064" name="are_orderless" fullname="DateTimeExtensions.Tests.GenericNaturalTimeTests.are_orderless" methodname="are_orderless" classname="DateTimeExtensions.Tests.GenericNaturalTimeTests" runstate="Runnable" seed="1159784502" result="Passed" start-time="2017-01-13 16:34:46Z" end-time="2017-01-13 16:34:46Z" duration="0.001207" asserts="5" />
            <test-case id="1067" name="can_pluralize" fullname="DateTimeExtensions.Tests.GenericNaturalTimeTests.can_pluralize" methodname="can_pluralize" classname="DateTimeExtensions.Tests.GenericNaturalTimeTests" runstate="Runnable" seed="1838796267" result="Passed" start-time="2017-01-13 16:34:46Z" end-time="2017-01-13 16:34:46Z" duration="0.000520" asserts="6" />
            <test-case id="1066" name="can_pluralize_months" fullname="DateTimeExtensions.Tests.GenericNaturalTimeTests.can_pluralize_months" methodname="can_pluralize_months" classname="DateTimeExtensions.Tests.GenericNaturalTimeTests" runstate="Runnable" seed="2108954931" result="Passed" start-time="2017-01-13 16:34:46Z" end-time="2017-01-13 16:34:46Z" duration="0.000416" asserts="6" />
            <test-case id="1065" name="can_pluralize_years" fullname="DateTimeExtensions.Tests.GenericNaturalTimeTests.can_pluralize_years" methodname="can_pluralize_years" classname="DateTimeExtensions.Tests.GenericNaturalTimeTests" runstate="Runnable" seed="854454237" result="Passed" start-time="2017-01-13 16:34:46Z" end-time="2017-01-13 16:34:46Z" duration="0.000538" asserts="6" />
            <test-case id="1068" name="can_round" fullname="DateTimeExtensions.Tests.GenericNaturalTimeTests.can_round" methodname="can_round" classname="DateTimeExtensions.Tests.GenericNaturalTimeTests" runstate="Runnable" seed="785401455" result="Passed" start-time="2017-01-13 16:34:46Z" end-time="2017-01-13 16:34:46Z" duration="0.001900" asserts="19" />
            <test-case id="1058" name="can_tranlate_to_exact_natural_text" fullname="DateTimeExtensions.Tests.GenericNaturalTimeTests.can_tranlate_to_exact_natural_text" methodname="can_tranlate_to_exact_natural_text" classname="DateTimeExtensions.Tests.GenericNaturalTimeTests" runstate="Runnable" seed="108772231" result="Passed" start-time="2017-01-13 16:34:46Z" end-time="2017-01-13 16:34:46Z" duration="0.000340" asserts="3" />
            <test-case id="1059" name="can_tranlate_to_exact_natural_text_full" fullname="DateTimeExtensions.Tests.GenericNaturalTimeTests.can_tranlate_to_exact_natural_text_full" methodname="can_tranlate_to_exact_natural_text_full" classname="DateTimeExtensions.Tests.GenericNaturalTimeTests" runstate="Runnable" seed="502254321" result="Passed" start-time="2017-01-13 16:34:46Z" end-time="2017-01-13 16:34:46Z" duration="0.000752" asserts="3" />
            <test-case id="1063" name="can_tranlate_to_exact_natural_text_full_on_april" fullname="DateTimeExtensions.Tests.GenericNaturalTimeTests.can_tranlate_to_exact_natural_text_full_on_april" methodname="can_tranlate_to_exact_natural_text_full_on_april" classname="DateTimeExtensions.Tests.GenericNaturalTimeTests" runstate="Runnable" seed="1000330649" result="Passed" start-time="2017-01-13 16:34:46Z" end-time="2017-01-13 16:34:46Z" duration="0.000987" asserts="3" />
            <test-case id="1060" name="can_tranlate_to_exact_natural_text_full_on_february_with_leap" fullname="DateTimeExtensions.Tests.GenericNaturalTimeTests.can_tranlate_to_exact_natural_text_full_on_february_with_leap" methodname="can_tranlate_to_exact_natural_text_full_on_february_with_leap" classname="DateTimeExtensions.Tests.GenericNaturalTimeTests" runstate="Runnable" seed="1108277743" result="Passed" start-time="2017-01-13 16:34:46Z" end-time="2017-01-13 16:34:46Z" duration="0.000465" asserts="3" />
            <test-case id="1061" name="can_tranlate_to_exact_natural_text_full_on_february_without_leap" fullname="DateTimeExtensions.Tests.GenericNaturalTimeTests.can_tranlate_to_exact_natural_text_full_on_february_without_leap" methodname="can_tranlate_to_exact_natural_text_full_on_february_without_leap" classname="DateTimeExtensions.Tests.GenericNaturalTimeTests" runstate="Runnable" seed="1418562239" result="Passed" start-time="2017-01-13 16:34:46Z" end-time="2017-01-13 16:34:46Z" duration="0.000542" asserts="3" />
            <test-case id="1062" name="can_tranlate_to_exact_natural_text_full_on_march" fullname="DateTimeExtensions.Tests.GenericNaturalTimeTests.can_tranlate_to_exact_natural_text_full_on_march" methodname="can_tranlate_to_exact_natural_text_full_on_march" classname="DateTimeExtensions.Tests.GenericNaturalTimeTests" runstate="Runnable" seed="675555689" result="Passed" start-time="2017-01-13 16:34:46Z" end-time="2017-01-13 16:34:46Z" duration="0.000561" asserts="3" />
            <test-case id="1056" name="can_tranlate_to_natural_text" fullname="DateTimeExtensions.Tests.GenericNaturalTimeTests.can_tranlate_to_natural_text" methodname="can_tranlate_to_natural_text" classname="DateTimeExtensions.Tests.GenericNaturalTimeTests" runstate="Runnable" seed="296236242" result="Passed" start-time="2017-01-13 16:34:46Z" end-time="2017-01-13 16:34:46Z" duration="0.000518" asserts="3" />
            <test-case id="1057" name="can_tranlate_to_natural_text_rounded" fullname="DateTimeExtensions.Tests.GenericNaturalTimeTests.can_tranlate_to_natural_text_rounded" methodname="can_tranlate_to_natural_text_rounded" classname="DateTimeExtensions.Tests.GenericNaturalTimeTests" runstate="Runnable" seed="1201831563" result="Passed" start-time="2017-01-13 16:34:46Z" end-time="2017-01-13 16:34:46Z" duration="0.001598" asserts="3" />
          </test-suite>
          <test-suite type="TestFixture" id="1069" name="GenericWorkingDayCultureInfoTests" fullname="DateTimeExtensions.Tests.GenericWorkingDayCultureInfoTests" classname="DateTimeExtensions.Tests.GenericWorkingDayCultureInfoTests" runstate="Runnable" testcasecount="4" result="Passed" start-time="2017-01-13 16:34:46Z" end-time="2017-01-13 16:34:46Z" duration="0.295596" total="4" passed="4" failed="0" warnings="0" inconclusive="0" skipped="0" asserts="8">
            <test-case id="1070" name="can_locate_default_strategies" fullname="DateTimeExtensions.Tests.GenericWorkingDayCultureInfoTests.can_locate_default_strategies" methodname="can_locate_default_strategies" classname="DateTimeExtensions.Tests.GenericWorkingDayCultureInfoTests" runstate="Runnable" seed="123539512" result="Passed" start-time="2017-01-13 16:34:46Z" end-time="2017-01-13 16:34:46Z" duration="0.003337" asserts="3" />
            <test-case id="1072" name="can_provide_custom_locator_dayOfWeek_strategy" fullname="DateTimeExtensions.Tests.GenericWorkingDayCultureInfoTests.can_provide_custom_locator_dayOfWeek_strategy" methodname="can_provide_custom_locator_dayOfWeek_strategy" classname="DateTimeExtensions.Tests.GenericWorkingDayCultureInfoTests" runstate="Runnable" seed="456297966" result="Passed" start-time="2017-01-13 16:34:46Z" end-time="2017-01-13 16:34:46Z" duration="0.265525" asserts="2" />
            <test-case id="1071" name="can_provide_custom_locator_holiday_dayOfWeek_strategy" fullname="DateTimeExtensions.Tests.GenericWorkingDayCultureInfoTests.can_provide_custom_locator_holiday_dayOfWeek_strategy" methodname="can_provide_custom_locator_holiday_dayOfWeek_strategy" classname="DateTimeExtensions.Tests.GenericWorkingDayCultureInfoTests" runstate="Runnable" seed="1183362999" result="Passed" start-time="2017-01-13 16:34:46Z" end-time="2017-01-13 16:34:46Z" duration="0.015874" asserts="2" />
            <test-case id="1073" name="picks_a_holiday_when_two_holidays_occur_on_the_same_date" fullname="DateTimeExtensions.Tests.GenericWorkingDayCultureInfoTests.picks_a_holiday_when_two_holidays_occur_on_the_same_date" methodname="picks_a_holiday_when_two_holidays_occur_on_the_same_date" classname="DateTimeExtensions.Tests.GenericWorkingDayCultureInfoTests" runstate="Runnable" seed="1557845189" result="Passed" start-time="2017-01-13 16:34:46Z" end-time="2017-01-13 16:34:46Z" duration="0.004702" asserts="1" />
          </test-suite>
          <test-suite type="TestFixture" id="1074" name="HolidaysTest" fullname="DateTimeExtensions.Tests.HolidaysTest" classname="DateTimeExtensions.Tests.HolidaysTest" runstate="Runnable" testcasecount="3" result="Passed" start-time="2017-01-13 16:34:46Z" end-time="2017-01-13 16:34:46Z" duration="0.008379" total="3" passed="3" failed="0" warnings="0" inconclusive="0" skipped="0" asserts="9">
            <test-case id="1076" name="easter" fullname="DateTimeExtensions.Tests.HolidaysTest.easter" methodname="easter" classname="DateTimeExtensions.Tests.HolidaysTest" runstate="Runnable" seed="1914407321" result="Passed" start-time="2017-01-13 16:34:46Z" end-time="2017-01-13 16:34:46Z" duration="0.000940" asserts="3" />
            <test-case id="1077" name="fixedHolidays" fullname="DateTimeExtensions.Tests.HolidaysTest.fixedHolidays" methodname="fixedHolidays" classname="DateTimeExtensions.Tests.HolidaysTest" runstate="Runnable" seed="30436095" result="Passed" start-time="2017-01-13 16:34:46Z" end-time="2017-01-13 16:34:46Z" duration="0.001004" asserts="2" />
            <test-case id="1075" name="nth_day_of_the_week" fullname="DateTimeExtensions.Tests.HolidaysTest.nth_day_of_the_week" methodname="nth_day_of_the_week" classname="DateTimeExtensions.Tests.HolidaysTest" runstate="Runnable" seed="1069301844" result="Passed" start-time="2017-01-13 16:34:46Z" end-time="2017-01-13 16:34:46Z" duration="0.000975" asserts="4" />
          </test-suite>
          <test-suite type="TestSuite" id="1212" name="HolidaysTranslations" fullname="DateTimeExtensions.Tests.HolidaysTranslations" runstate="Runnable" testcasecount="2" result="Passed" start-time="2017-01-13 16:34:46Z" end-time="2017-01-13 16:34:46Z" duration="0.008170" total="2" passed="2" failed="0" warnings="0" inconclusive="0" skipped="0" asserts="22">
            <test-suite type="TestFixture" id="1205" name="GermanHolidayNamesTest" fullname="DateTimeExtensions.Tests.HolidaysTranslations.GermanHolidayNamesTest" classname="DateTimeExtensions.Tests.HolidaysTranslations.GermanHolidayNamesTest" runstate="Runnable" testcasecount="1" result="Passed" start-time="2017-01-13 16:34:46Z" end-time="2017-01-13 16:34:46Z" duration="0.003452" total="1" passed="1" failed="0" warnings="0" inconclusive="0" skipped="0" asserts="17">
              <test-case id="1206" name="AssertGermanHolidaysAreTranslated" fullname="DateTimeExtensions.Tests.HolidaysTranslations.GermanHolidayNamesTest.AssertGermanHolidaysAreTranslated" methodname="AssertGermanHolidaysAreTranslated" classname="DateTimeExtensions.Tests.HolidaysTranslations.GermanHolidayNamesTest" runstate="Runnable" seed="1365211569" result="Passed" start-time="2017-01-13 16:34:46Z" end-time="2017-01-13 16:34:46Z" duration="0.001840" asserts="17" />
            </test-suite>
            <test-suite type="TestFixture" id="1207" name="ViHolidaysNamesTest" fullname="DateTimeExtensions.Tests.HolidaysTranslations.ViHolidaysNamesTest" classname="DateTimeExtensions.Tests.HolidaysTranslations.ViHolidaysNamesTest" runstate="Runnable" testcasecount="1" result="Passed" start-time="2017-01-13 16:34:46Z" end-time="2017-01-13 16:34:46Z" duration="0.004125" total="1" passed="1" failed="0" warnings="0" inconclusive="0" skipped="0" asserts="5">
              <test-case id="1208" name="AssertVietNamHolidaysAreTranslated" fullname="DateTimeExtensions.Tests.HolidaysTranslations.ViHolidaysNamesTest.AssertVietNamHolidaysAreTranslated" methodname="AssertVietNamHolidaysAreTranslated" classname="DateTimeExtensions.Tests.HolidaysTranslations.ViHolidaysNamesTest" runstate="Runnable" seed="2053736102" result="Passed" start-time="2017-01-13 16:34:46Z" end-time="2017-01-13 16:34:46Z" duration="0.002459" asserts="5" />
            </test-suite>
          </test-suite>
          <test-suite type="TestFixture" id="1078" name="JewishHolidaysTests" fullname="DateTimeExtensions.Tests.JewishHolidaysTests" classname="DateTimeExtensions.Tests.JewishHolidaysTests" runstate="Runnable" testcasecount="10" result="Passed" start-time="2017-01-13 16:34:46Z" end-time="2017-01-13 16:34:46Z" duration="0.021586" total="10" passed="10" failed="0" warnings="0" inconclusive="0" skipped="0" asserts="30">
            <test-case id="1085" name="can_identify_Pesach" fullname="DateTimeExtensions.Tests.JewishHolidaysTests.can_identify_Pesach" methodname="can_identify_Pesach" classname="DateTimeExtensions.Tests.JewishHolidaysTests" runstate="Runnable" seed="264969949" result="Passed" start-time="2017-01-13 16:34:46Z" end-time="2017-01-13 16:34:46Z" duration="0.001944" asserts="3" />
            <test-case id="1079" name="can_identify_RoshHashanah" fullname="DateTimeExtensions.Tests.JewishHolidaysTests.can_identify_RoshHashanah" methodname="can_identify_RoshHashanah" classname="DateTimeExtensions.Tests.JewishHolidaysTests" runstate="Runnable" seed="125289869" result="Passed" start-time="2017-01-13 16:34:46Z" end-time="2017-01-13 16:34:46Z" duration="0.000501" asserts="3" />
            <test-case id="1080" name="can_identify_RoshHashanahSecondDay" fullname="DateTimeExtensions.Tests.JewishHolidaysTests.can_identify_RoshHashanahSecondDay" methodname="can_identify_RoshHashanahSecondDay" classname="DateTimeExtensions.Tests.JewishHolidaysTests" runstate="Runnable" seed="1617586959" result="Passed" start-time="2017-01-13 16:34:46Z" end-time="2017-01-13 16:34:46Z" duration="0.000446" asserts="3" />
            <test-case id="1087" name="can_identify_Shavuot" fullname="DateTimeExtensions.Tests.JewishHolidaysTests.can_identify_Shavuot" methodname="can_identify_Shavuot" classname="DateTimeExtensions.Tests.JewishHolidaysTests" runstate="Runnable" seed="1893787249" result="Passed" start-time="2017-01-13 16:34:46Z" end-time="2017-01-13 16:34:46Z" duration="0.000537" asserts="3" />
            <test-case id="1083" name="can_identify_ShminiAtzeret" fullname="DateTimeExtensions.Tests.JewishHolidaysTests.can_identify_ShminiAtzeret" methodname="can_identify_ShminiAtzeret" classname="DateTimeExtensions.Tests.JewishHolidaysTests" runstate="Runnable" seed="529786346" result="Passed" start-time="2017-01-13 16:34:46Z" end-time="2017-01-13 16:34:46Z" duration="0.000482" asserts="3" />
            <test-case id="1084" name="can_identify_ShminiTorah" fullname="DateTimeExtensions.Tests.JewishHolidaysTests.can_identify_ShminiTorah" methodname="can_identify_ShminiTorah" classname="DateTimeExtensions.Tests.JewishHolidaysTests" runstate="Runnable" seed="141054331" result="Passed" start-time="2017-01-13 16:34:46Z" end-time="2017-01-13 16:34:46Z" duration="0.000665" asserts="3" />
            <test-case id="1086" name="can_identify_ShviiShelPesach" fullname="DateTimeExtensions.Tests.JewishHolidaysTests.can_identify_ShviiShelPesach" methodname="can_identify_ShviiShelPesach" classname="DateTimeExtensions.Tests.JewishHolidaysTests" runstate="Runnable" seed="1479790281" result="Passed" start-time="2017-01-13 16:34:46Z" end-time="2017-01-13 16:34:46Z" duration="0.000469" asserts="3" />
            <test-case id="1082" name="can_identify_Sukkot" fullname="DateTimeExtensions.Tests.JewishHolidaysTests.can_identify_Sukkot" methodname="can_identify_Sukkot" classname="DateTimeExtensions.Tests.JewishHolidaysTests" runstate="Runnable" seed="675526028" result="Passed" start-time="2017-01-13 16:34:46Z" end-time="2017-01-13 16:34:46Z" duration="0.000508" asserts="3" />
            <test-case id="1088" name="can_identify_TuBishvat" fullname="DateTimeExtensions.Tests.JewishHolidaysTests.can_identify_TuBishvat" methodname="can_identify_TuBishvat" classname="DateTimeExtensions.Tests.JewishHolidaysTests" runstate="Runnable" seed="1909002157" result="Passed" start-time="2017-01-13 16:34:46Z" end-time="2017-01-13 16:34:46Z" duration="0.000541" asserts="3" />
            <test-case id="1081" name="can_identify_YomKippur" fullname="DateTimeExtensions.Tests.JewishHolidaysTests.can_identify_YomKippur" methodname="can_identify_YomKippur" classname="DateTimeExtensions.Tests.JewishHolidaysTests" runstate="Runnable" seed="1555021065" result="Passed" start-time="2017-01-13 16:34:46Z" end-time="2017-01-13 16:34:46Z" duration="0.000567" asserts="3" />
          </test-suite>
          <test-suite type="TestFixture" id="1198" name="KRHolidaysNamesTest" fullname="DateTimeExtensions.Tests.KRHolidaysNamesTest" classname="DateTimeExtensions.Tests.KRHolidaysNamesTest" runstate="Runnable" testcasecount="1" result="Passed" start-time="2017-01-13 16:34:46Z" end-time="2017-01-13 16:34:46Z" duration="0.007851" total="1" passed="1" failed="0" warnings="0" inconclusive="0" skipped="0" asserts="14">
            <test-case id="1199" name="AssertKoreanHolidaysAreTranslated" fullname="DateTimeExtensions.Tests.KRHolidaysNamesTest.AssertKoreanHolidaysAreTranslated" methodname="AssertKoreanHolidaysAreTranslated" classname="DateTimeExtensions.Tests.KRHolidaysNamesTest" runstate="Runnable" seed="675365760" result="Passed" start-time="2017-01-13 16:34:46Z" end-time="2017-01-13 16:34:46Z" duration="0.005628" asserts="14" />
          </test-suite>
          <test-suite type="TestFixture" id="1089" name="KRHolidaysTests" fullname="DateTimeExtensions.Tests.KRHolidaysTests" classname="DateTimeExtensions.Tests.KRHolidaysTests" runstate="Runnable" testcasecount="5" result="Passed" start-time="2017-01-13 16:34:46Z" end-time="2017-01-13 16:34:46Z" duration="0.016387" total="5" passed="5" failed="0" warnings="0" inconclusive="0" skipped="0" asserts="19">
            <test-case id="1090" name="can_get_strateryies" fullname="DateTimeExtensions.Tests.KRHolidaysTests.can_get_strateryies" methodname="can_get_strateryies" classname="DateTimeExtensions.Tests.KRHolidaysTests" runstate="Runnable" seed="886429423" result="Passed" start-time="2017-01-13 16:34:46Z" end-time="2017-01-13 16:34:46Z" duration="0.001090" asserts="2" />
            <test-case id="1094" name="can_identify_Chuseok" fullname="DateTimeExtensions.Tests.KRHolidaysTests.can_identify_Chuseok" methodname="can_identify_Chuseok" classname="DateTimeExtensions.Tests.KRHolidaysTests" runstate="Runnable" seed="792053353" result="Passed" start-time="2017-01-13 16:34:46Z" end-time="2017-01-13 16:34:46Z" duration="0.000779" asserts="3" />
            <test-case id="1093" name="can_identify_SeokgaTansilil" fullname="DateTimeExtensions.Tests.KRHolidaysTests.can_identify_SeokgaTansilil" methodname="can_identify_SeokgaTansilil" classname="DateTimeExtensions.Tests.KRHolidaysTests" runstate="Runnable" seed="1164714856" result="Passed" start-time="2017-01-13 16:34:46Z" end-time="2017-01-13 16:34:46Z" duration="0.000276" asserts="3" />
            <test-case id="1092" name="can_identify_Seolnal" fullname="DateTimeExtensions.Tests.KRHolidaysTests.can_identify_Seolnal" methodname="can_identify_Seolnal" classname="DateTimeExtensions.Tests.KRHolidaysTests" runstate="Runnable" seed="1488295707" result="Passed" start-time="2017-01-13 16:34:46Z" end-time="2017-01-13 16:34:46Z" duration="0.000450" asserts="3" />
            <test-case id="1091" name="holiday_days_span" fullname="DateTimeExtensions.Tests.KRHolidaysTests.holiday_days_span" methodname="holiday_days_span" classname="DateTimeExtensions.Tests.KRHolidaysTests" runstate="Runnable" seed="1155745947" result="Passed" start-time="2017-01-13 16:34:46Z" end-time="2017-01-13 16:34:46Z" duration="0.004993" asserts="8" />
          </test-suite>
          <test-suite type="TestFixture" id="1095" name="KRNaturalTimeTests" fullname="DateTimeExtensions.Tests.KRNaturalTimeTests" classname="DateTimeExtensions.Tests.KRNaturalTimeTests" runstate="Runnable" testcasecount="5" result="Passed" start-time="2017-01-13 16:34:46Z" end-time="2017-01-13 16:34:46Z" duration="0.013530" total="5" passed="5" failed="0" warnings="0" inconclusive="0" skipped="0" asserts="17">
            <test-case id="1100" name="are_orderless" fullname="DateTimeExtensions.Tests.KRNaturalTimeTests.are_orderless" methodname="are_orderless" classname="DateTimeExtensions.Tests.KRNaturalTimeTests" runstate="Runnable" seed="1290008418" result="Passed" start-time="2017-01-13 16:34:46Z" end-time="2017-01-13 16:34:46Z" duration="0.001261" asserts="5" />
            <test-case id="1098" name="can_tranlate_to_exact_natural_text" fullname="DateTimeExtensions.Tests.KRNaturalTimeTests.can_tranlate_to_exact_natural_text" methodname="can_tranlate_to_exact_natural_text" classname="DateTimeExtensions.Tests.KRNaturalTimeTests" runstate="Runnable" seed="179954229" result="Passed" start-time="2017-01-13 16:34:46Z" end-time="2017-01-13 16:34:46Z" duration="0.000707" asserts="3" />
            <test-case id="1099" name="can_tranlate_to_exact_natural_text_full" fullname="DateTimeExtensions.Tests.KRNaturalTimeTests.can_tranlate_to_exact_natural_text_full" methodname="can_tranlate_to_exact_natural_text_full" classname="DateTimeExtensions.Tests.KRNaturalTimeTests" runstate="Runnable" seed="1762653492" result="Passed" start-time="2017-01-13 16:34:46Z" end-time="2017-01-13 16:34:46Z" duration="0.000551" asserts="3" />
            <test-case id="1096" name="can_tranlate_to_natural_text" fullname="DateTimeExtensions.Tests.KRNaturalTimeTests.can_tranlate_to_natural_text" methodname="can_tranlate_to_natural_text" classname="DateTimeExtensions.Tests.KRNaturalTimeTests" runstate="Runnable" seed="1996217676" result="Passed" start-time="2017-01-13 16:34:46Z" end-time="2017-01-13 16:34:46Z" duration="0.000469" asserts="3" />
            <test-case id="1097" name="can_tranlate_to_natural_text_rounded" fullname="DateTimeExtensions.Tests.KRNaturalTimeTests.can_tranlate_to_natural_text_rounded" methodname="can_tranlate_to_natural_text_rounded" classname="DateTimeExtensions.Tests.KRNaturalTimeTests" runstate="Runnable" seed="984095447" result="Passed" start-time="2017-01-13 16:34:46Z" end-time="2017-01-13 16:34:46Z" duration="0.000441" asserts="3" />
          </test-suite>
          <test-suite type="TestFixture" id="1108" name="NL_BENaturalTimeTests" fullname="DateTimeExtensions.Tests.NL_BENaturalTimeTests" classname="DateTimeExtensions.Tests.NL_BENaturalTimeTests" runstate="Runnable" testcasecount="8" result="Passed" start-time="2017-01-13 16:34:46Z" end-time="2017-01-13 16:34:46Z" duration="0.020518" total="8" passed="8" failed="0" warnings="0" inconclusive="0" skipped="0" asserts="35">
            <test-case id="1113" name="are_orderless" fullname="DateTimeExtensions.Tests.NL_BENaturalTimeTests.are_orderless" methodname="are_orderless" classname="DateTimeExtensions.Tests.NLNaturalTimeTests" runstate="Runnable" seed="2001402999" result="Passed" start-time="2017-01-13 16:34:46Z" end-time="2017-01-13 16:34:46Z" duration="0.001754" asserts="5" />
            <test-case id="1116" name="can_pluralize" fullname="DateTimeExtensions.Tests.NL_BENaturalTimeTests.can_pluralize" methodname="can_pluralize" classname="DateTimeExtensions.Tests.NLNaturalTimeTests" runstate="Runnable" seed="661430630" result="Passed" start-time="2017-01-13 16:34:46Z" end-time="2017-01-13 16:34:46Z" duration="0.000745" asserts="6" />
            <test-case id="1115" name="can_pluralize_months" fullname="DateTimeExtensions.Tests.NL_BENaturalTimeTests.can_pluralize_months" methodname="can_pluralize_months" classname="DateTimeExtensions.Tests.NLNaturalTimeTests" runstate="Runnable" seed="1233822124" result="Passed" start-time="2017-01-13 16:34:46Z" end-time="2017-01-13 16:34:46Z" duration="0.000880" asserts="6" />
            <test-case id="1114" name="can_pluralize_years" fullname="DateTimeExtensions.Tests.NL_BENaturalTimeTests.can_pluralize_years" methodname="can_pluralize_years" classname="DateTimeExtensions.Tests.NLNaturalTimeTests" runstate="Runnable" seed="1028889037" result="Passed" start-time="2017-01-13 16:34:46Z" end-time="2017-01-13 16:34:46Z" duration="0.000441" asserts="6" />
            <test-case id="1111" name="can_tranlate_to_exact_natural_text" fullname="DateTimeExtensions.Tests.NL_BENaturalTimeTests.can_tranlate_to_exact_natural_text" methodname="can_tranlate_to_exact_natural_text" classname="DateTimeExtensions.Tests.NLNaturalTimeTests" runstate="Runnable" seed="456358068" result="Passed" start-time="2017-01-13 16:34:46Z" end-time="2017-01-13 16:34:46Z" duration="0.000496" asserts="3" />
            <test-case id="1112" name="can_tranlate_to_exact_natural_text_full" fullname="DateTimeExtensions.Tests.NL_BENaturalTimeTests.can_tranlate_to_exact_natural_text_full" methodname="can_tranlate_to_exact_natural_text_full" classname="DateTimeExtensions.Tests.NLNaturalTimeTests" runstate="Runnable" seed="292930754" result="Passed" start-time="2017-01-13 16:34:46Z" end-time="2017-01-13 16:34:46Z" duration="0.000568" asserts="3" />
            <test-case id="1109" name="can_tranlate_to_natural_text" fullname="DateTimeExtensions.Tests.NL_BENaturalTimeTests.can_tranlate_to_natural_text" methodname="can_tranlate_to_natural_text" classname="DateTimeExtensions.Tests.NLNaturalTimeTests" runstate="Runnable" seed="1274728964" result="Passed" start-time="2017-01-13 16:34:46Z" end-time="2017-01-13 16:34:46Z" duration="0.000404" asserts="3" />
            <test-case id="1110" name="can_tranlate_to_natural_text_rounded" fullname="DateTimeExtensions.Tests.NL_BENaturalTimeTests.can_tranlate_to_natural_text_rounded" methodname="can_tranlate_to_natural_text_rounded" classname="DateTimeExtensions.Tests.NLNaturalTimeTests" runstate="Runnable" seed="995790618" result="Passed" start-time="2017-01-13 16:34:46Z" end-time="2017-01-13 16:34:46Z" duration="0.000302" asserts="3" />
          </test-suite>
          <test-suite type="TestFixture" id="1101" name="NLHolidaysTests" fullname="DateTimeExtensions.Tests.NLHolidaysTests" classname="DateTimeExtensions.Tests.NLHolidaysTests" runstate="Runnable" testcasecount="6" result="Passed" start-time="2017-01-13 16:34:46Z" end-time="2017-01-13 16:34:46Z" duration="0.013142" total="6" passed="6" failed="0" warnings="0" inconclusive="0" skipped="0" asserts="6">
            <test-case id="1104" name="Kingsday_is_a_national_holiday_in_1949" fullname="DateTimeExtensions.Tests.NLHolidaysTests.Kingsday_is_a_national_holiday_in_1949" methodname="Kingsday_is_a_national_holiday_in_1949" classname="DateTimeExtensions.Tests.NLHolidaysTests" runstate="Runnable" seed="1065358109" result="Passed" start-time="2017-01-13 16:34:46Z" end-time="2017-01-13 16:34:46Z" duration="0.000495" asserts="1" />
            <test-case id="1105" name="Kingsday_is_a_national_holiday_in_2014" fullname="DateTimeExtensions.Tests.NLHolidaysTests.Kingsday_is_a_national_holiday_in_2014" methodname="Kingsday_is_a_national_holiday_in_2014" classname="DateTimeExtensions.Tests.NLHolidaysTests" runstate="Runnable" seed="240009083" result="Passed" start-time="2017-01-13 16:34:46Z" end-time="2017-01-13 16:34:46Z" duration="0.000220" asserts="1" />
            <test-case id="1103" name="Kingsday_is_a_national_holiday_since_1885" fullname="DateTimeExtensions.Tests.NLHolidaysTests.Kingsday_is_a_national_holiday_since_1885" methodname="Kingsday_is_a_national_holiday_since_1885" classname="DateTimeExtensions.Tests.NLHolidaysTests" runstate="Runnable" seed="1325927147" result="Passed" start-time="2017-01-13 16:34:46Z" end-time="2017-01-13 16:34:46Z" duration="0.000217" asserts="1" />
            <test-case id="1106" name="Liberation_Day_is_a_national_holiday_in_2005" fullname="DateTimeExtensions.Tests.NLHolidaysTests.Liberation_Day_is_a_national_holiday_in_2005" methodname="Liberation_Day_is_a_national_holiday_in_2005" classname="DateTimeExtensions.Tests.NLHolidaysTests" runstate="Runnable" seed="1977884885" result="Passed" start-time="2017-01-13 16:34:46Z" end-time="2017-01-13 16:34:46Z" duration="0.001258" asserts="1" />
            <test-case id="1107" name="Liberation_Day_is_a_regular_day_in_2006" fullname="DateTimeExtensions.Tests.NLHolidaysTests.Liberation_Day_is_a_regular_day_in_2006" methodname="Liberation_Day_is_a_regular_day_in_2006" classname="DateTimeExtensions.Tests.NLHolidaysTests" runstate="Runnable" seed="1476869684" result="Passed" start-time="2017-01-13 16:34:46Z" end-time="2017-01-13 16:34:46Z" duration="0.000274" asserts="1" />
            <test-case id="1102" name="The_Netherlands_has_11_main_holidays" fullname="DateTimeExtensions.Tests.NLHolidaysTests.The_Netherlands_has_11_main_holidays" methodname="The_Netherlands_has_11_main_holidays" classname="DateTimeExtensions.Tests.NLHolidaysTests" runstate="Runnable" seed="923546309" result="Passed" start-time="2017-01-13 16:34:46Z" end-time="2017-01-13 16:34:46Z" duration="0.000728" asserts="1" />
          </test-suite>
          <test-suite type="TestFixture" id="1117" name="NLNaturalTimeTests" fullname="DateTimeExtensions.Tests.NLNaturalTimeTests" classname="DateTimeExtensions.Tests.NLNaturalTimeTests" runstate="Runnable" testcasecount="8" result="Passed" start-time="2017-01-13 16:34:46Z" end-time="2017-01-13 16:34:46Z" duration="0.008835" total="8" passed="8" failed="0" warnings="0" inconclusive="0" skipped="0" asserts="35">
            <test-case id="1122" name="are_orderless" fullname="DateTimeExtensions.Tests.NLNaturalTimeTests.are_orderless" methodname="are_orderless" classname="DateTimeExtensions.Tests.NLNaturalTimeTests" runstate="Runnable" seed="1117679966" result="Passed" start-time="2017-01-13 16:34:46Z" end-time="2017-01-13 16:34:46Z" duration="0.000089" asserts="5" />
            <test-case id="1125" name="can_pluralize" fullname="DateTimeExtensions.Tests.NLNaturalTimeTests.can_pluralize" methodname="can_pluralize" classname="DateTimeExtensions.Tests.NLNaturalTimeTests" runstate="Runnable" seed="675154229" result="Passed" start-time="2017-01-13 16:34:46Z" end-time="2017-01-13 16:34:46Z" duration="0.000052" asserts="6" />
            <test-case id="1124" name="can_pluralize_months" fullname="DateTimeExtensions.Tests.NLNaturalTimeTests.can_pluralize_months" methodname="can_pluralize_months" classname="DateTimeExtensions.Tests.NLNaturalTimeTests" runstate="Runnable" seed="1270877548" result="Passed" start-time="2017-01-13 16:34:46Z" end-time="2017-01-13 16:34:46Z" duration="0.000056" asserts="6" />
            <test-case id="1123" name="can_pluralize_years" fullname="DateTimeExtensions.Tests.NLNaturalTimeTests.can_pluralize_years" methodname="can_pluralize_years" classname="DateTimeExtensions.Tests.NLNaturalTimeTests" runstate="Runnable" seed="1103019020" result="Passed" start-time="2017-01-13 16:34:46Z" end-time="2017-01-13 16:34:46Z" duration="0.000068" asserts="6" />
            <test-case id="1120" name="can_tranlate_to_exact_natural_text" fullname="DateTimeExtensions.Tests.NLNaturalTimeTests.can_tranlate_to_exact_natural_text" methodname="can_tranlate_to_exact_natural_text" classname="DateTimeExtensions.Tests.NLNaturalTimeTests" runstate="Runnable" seed="1170480423" result="Passed" start-time="2017-01-13 16:34:46Z" end-time="2017-01-13 16:34:46Z" duration="0.000067" asserts="3" />
            <test-case id="1121" name="can_tranlate_to_exact_natural_text_full" fullname="DateTimeExtensions.Tests.NLNaturalTimeTests.can_tranlate_to_exact_natural_text_full" methodname="can_tranlate_to_exact_natural_text_full" classname="DateTimeExtensions.Tests.NLNaturalTimeTests" runstate="Runnable" seed="688644899" result="Passed" start-time="2017-01-13 16:34:46Z" end-time="2017-01-13 16:34:46Z" duration="0.000106" asserts="3" />
            <test-case id="1118" name="can_tranlate_to_natural_text" fullname="DateTimeExtensions.Tests.NLNaturalTimeTests.can_tranlate_to_natural_text" methodname="can_tranlate_to_natural_text" classname="DateTimeExtensions.Tests.NLNaturalTimeTests" runstate="Runnable" seed="2135690304" result="Passed" start-time="2017-01-13 16:34:46Z" end-time="2017-01-13 16:34:46Z" duration="0.000054" asserts="3" />
            <test-case id="1119" name="can_tranlate_to_natural_text_rounded" fullname="DateTimeExtensions.Tests.NLNaturalTimeTests.can_tranlate_to_natural_text_rounded" methodname="can_tranlate_to_natural_text_rounded" classname="DateTimeExtensions.Tests.NLNaturalTimeTests" runstate="Runnable" seed="1542201233" result="Passed" start-time="2017-01-13 16:34:46Z" end-time="2017-01-13 16:34:46Z" duration="0.000045" asserts="3" />
          </test-suite>
          <test-suite type="TestFixture" id="1126" name="OfficeHolidayExportHolidaysFormatTests" fullname="DateTimeExtensions.Tests.OfficeHolidayExportHolidaysFormatTests" classname="DateTimeExtensions.Tests.OfficeHolidayExportHolidaysFormatTests" runstate="Runnable" testcasecount="2" result="Passed" start-time="2017-01-13 16:34:46Z" end-time="2017-01-13 16:34:46Z" duration="0.024326" total="2" passed="2" failed="0" warnings="0" inconclusive="0" skipped="0" asserts="2">
            <test-case id="1127" name="can_export_office_format" fullname="DateTimeExtensions.Tests.OfficeHolidayExportHolidaysFormatTests.can_export_office_format" methodname="can_export_office_format" classname="DateTimeExtensions.Tests.OfficeHolidayExportHolidaysFormatTests" runstate="Runnable" seed="1267650018" result="Passed" start-time="2017-01-13 16:34:46Z" end-time="2017-01-13 16:34:46Z" duration="0.003210" asserts="1" />
            <test-case id="1128" name="can_save_to_file" fullname="DateTimeExtensions.Tests.OfficeHolidayExportHolidaysFormatTests.can_save_to_file" methodname="can_save_to_file" classname="DateTimeExtensions.Tests.OfficeHolidayExportHolidaysFormatTests" runstate="Runnable" seed="503851510" result="Passed" start-time="2017-01-13 16:34:46Z" end-time="2017-01-13 16:34:46Z" duration="0.017962" asserts="1" />
          </test-suite>
          <test-suite type="TestFixture" id="1200" name="PortugueseHolidaysNamesTest" fullname="DateTimeExtensions.Tests.PortugueseHolidaysNamesTest" classname="DateTimeExtensions.Tests.PortugueseHolidaysNamesTest" runstate="Runnable" testcasecount="2" result="Passed" start-time="2017-01-13 16:34:46Z" end-time="2017-01-13 16:34:46Z" duration="0.009559" total="2" passed="2" failed="0" warnings="0" inconclusive="0" skipped="0" asserts="39">
            <test-case id="1202" name="AssertBrazilianHolidaysAreTranslated" fullname="DateTimeExtensions.Tests.PortugueseHolidaysNamesTest.AssertBrazilianHolidaysAreTranslated" methodname="AssertBrazilianHolidaysAreTranslated" classname="DateTimeExtensions.Tests.PortugueseHolidaysNamesTest" runstate="Runnable" seed="286841186" result="Passed" start-time="2017-01-13 16:34:46Z" end-time="2017-01-13 16:34:46Z" duration="0.005161" asserts="18" />
            <test-case id="1201" name="AssertPortugueseHolidaysAreTranslated" fullname="DateTimeExtensions.Tests.PortugueseHolidaysNamesTest.AssertPortugueseHolidaysAreTranslated" methodname="AssertPortugueseHolidaysAreTranslated" classname="DateTimeExtensions.Tests.PortugueseHolidaysNamesTest" runstate="Runnable" seed="2023114911" result="Passed" start-time="2017-01-13 16:34:46Z" end-time="2017-01-13 16:34:46Z" duration="0.001278" asserts="21" />
          </test-suite>
          <test-suite type="TestFixture" id="1129" name="PTCalendarTests" fullname="DateTimeExtensions.Tests.PTCalendarTests" classname="DateTimeExtensions.Tests.PTCalendarTests" runstate="Runnable" testcasecount="8" result="Passed" start-time="2017-01-13 16:34:46Z" end-time="2017-01-13 16:34:46Z" duration="0.015957" total="8" passed="8" failed="0" warnings="0" inconclusive="0" skipped="0" asserts="30">
            <test-case id="1134" name="adding_large_number_of_days" fullname="DateTimeExtensions.Tests.PTCalendarTests.adding_large_number_of_days" methodname="adding_large_number_of_days" classname="DateTimeExtensions.Tests.PTCalendarTests" runstate="Runnable" seed="486905132" result="Passed" start-time="2017-01-13 16:34:46Z" end-time="2017-01-13 16:34:46Z" duration="0.000276" asserts="2" />
            <test-case id="1131" name="adding_working_days_should_not_count_weekends" fullname="DateTimeExtensions.Tests.PTCalendarTests.adding_working_days_should_not_count_weekends" methodname="adding_working_days_should_not_count_weekends" classname="DateTimeExtensions.Tests.PTCalendarTests" runstate="Runnable" seed="1820197317" result="Passed" start-time="2017-01-13 16:34:46Z" end-time="2017-01-13 16:34:46Z" duration="0.000583" asserts="5" />
            <test-case id="1133" name="adding_zero_working_days_should_return_same_day" fullname="DateTimeExtensions.Tests.PTCalendarTests.adding_zero_working_days_should_return_same_day" methodname="adding_zero_working_days_should_return_same_day" classname="DateTimeExtensions.Tests.PTCalendarTests" runstate="Runnable" seed="764803682" result="Passed" start-time="2017-01-13 16:34:46Z" end-time="2017-01-13 16:34:46Z" duration="0.000320" asserts="3" />
            <test-case id="1136" name="can_use_christian_holidays_in_calulations" fullname="DateTimeExtensions.Tests.PTCalendarTests.can_use_christian_holidays_in_calulations" methodname="can_use_christian_holidays_in_calulations" classname="DateTimeExtensions.Tests.PTCalendarTests" runstate="Runnable" seed="2068363063" result="Passed" start-time="2017-01-13 16:34:46Z" end-time="2017-01-13 16:34:46Z" duration="0.000300" asserts="2" />
            <test-case id="1137" name="can_use_national_holidays_in_calulations" fullname="DateTimeExtensions.Tests.PTCalendarTests.can_use_national_holidays_in_calulations" methodname="can_use_national_holidays_in_calulations" classname="DateTimeExtensions.Tests.PTCalendarTests" runstate="Runnable" seed="2045856270" result="Passed" start-time="2017-01-13 16:34:46Z" end-time="2017-01-13 16:34:46Z" duration="0.000257" asserts="2" />
            <test-case id="1130" name="default_working_days" fullname="DateTimeExtensions.Tests.PTCalendarTests.default_working_days" methodname="default_working_days" classname="DateTimeExtensions.Tests.PTCalendarTests" runstate="Runnable" seed="1528279167" result="Passed" start-time="2017-01-13 16:34:46Z" end-time="2017-01-13 16:34:46Z" duration="0.000953" asserts="10" />
            <test-case id="1132" name="subtracting_working_days_should_not_count_weekends" fullname="DateTimeExtensions.Tests.PTCalendarTests.subtracting_working_days_should_not_count_weekends" methodname="subtracting_working_days_should_not_count_weekends" classname="DateTimeExtensions.Tests.PTCalendarTests" runstate="Runnable" seed="1504379115" result="Passed" start-time="2017-01-13 16:34:46Z" end-time="2017-01-13 16:34:46Z" duration="0.000583" asserts="5" />
            <test-case id="1135" name="use_holidays_in_calulations" fullname="DateTimeExtensions.Tests.PTCalendarTests.use_holidays_in_calulations" methodname="use_holidays_in_calulations" classname="DateTimeExtensions.Tests.PTCalendarTests" runstate="Runnable" seed="1032996750" result="Passed" start-time="2017-01-13 16:34:46Z" end-time="2017-01-13 16:34:46Z" duration="0.000375" asserts="1" />
          </test-suite>
          <test-suite type="TestFixture" id="1138" name="PTWorkingDayCultureInfoTests" fullname="DateTimeExtensions.Tests.PTWorkingDayCultureInfoTests" classname="DateTimeExtensions.Tests.PTWorkingDayCultureInfoTests" runstate="Runnable" testcasecount="2" result="Passed" start-time="2017-01-13 16:34:46Z" end-time="2017-01-13 16:34:46Z" duration="0.005016" total="2" passed="2" failed="0" warnings="0" inconclusive="0" skipped="0" asserts="4">
            <test-case id="1140" name="can_locate_by_culture_info" fullname="DateTimeExtensions.Tests.PTWorkingDayCultureInfoTests.can_locate_by_culture_info" methodname="can_locate_by_culture_info" classname="DateTimeExtensions.Tests.PTWorkingDayCultureInfoTests" runstate="Runnable" seed="2129256893" result="Passed" start-time="2017-01-13 16:34:46Z" end-time="2017-01-13 16:34:46Z" duration="0.000835" asserts="2" />
            <test-case id="1139" name="can_locate_by_name" fullname="DateTimeExtensions.Tests.PTWorkingDayCultureInfoTests.can_locate_by_name" methodname="can_locate_by_name" classname="DateTimeExtensions.Tests.PTWorkingDayCultureInfoTests" runstate="Runnable" seed="973648620" result="Passed" start-time="2017-01-13 16:34:46Z" end-time="2017-01-13 16:34:46Z" duration="0.000752" asserts="2" />
          </test-suite>
          <test-suite type="TestFixture" id="1141" name="RoundCeilingFloorDatesTests" fullname="DateTimeExtensions.Tests.RoundCeilingFloorDatesTests" classname="DateTimeExtensions.Tests.RoundCeilingFloorDatesTests" runstate="Runnable" testcasecount="12" result="Passed" start-time="2017-01-13 16:34:46Z" end-time="2017-01-13 16:34:46Z" duration="0.029212" total="12" passed="12" failed="0" warnings="0" inconclusive="0" skipped="0" asserts="12">
            <test-case id="1150" name="hours_ceiling_test" fullname="DateTimeExtensions.Tests.RoundCeilingFloorDatesTests.hours_ceiling_test" methodname="hours_ceiling_test" classname="DateTimeExtensions.Tests.RoundCeilingFloorDatesTests" runstate="Runnable" seed="45313343" result="Passed" start-time="2017-01-13 16:34:46Z" end-time="2017-01-13 16:34:46Z" duration="0.001166" asserts="1" />
            <test-case id="1153" name="hours_floor_test" fullname="DateTimeExtensions.Tests.RoundCeilingFloorDatesTests.hours_floor_test" methodname="hours_floor_test" classname="DateTimeExtensions.Tests.RoundCeilingFloorDatesTests" runstate="Runnable" seed="590876078" result="Passed" start-time="2017-01-13 16:34:46Z" end-time="2017-01-13 16:34:46Z" duration="0.000845" asserts="1" />
            <test-case id="1146" name="hours_round_down_test" fullname="DateTimeExtensions.Tests.RoundCeilingFloorDatesTests.hours_round_down_test" methodname="hours_round_down_test" classname="DateTimeExtensions.Tests.RoundCeilingFloorDatesTests" runstate="Runnable" seed="466784202" result="Passed" start-time="2017-01-13 16:34:46Z" end-time="2017-01-13 16:34:46Z" duration="0.000831" asserts="1" />
            <test-case id="1147" name="hours_round_up_test" fullname="DateTimeExtensions.Tests.RoundCeilingFloorDatesTests.hours_round_up_test" methodname="hours_round_up_test" classname="DateTimeExtensions.Tests.RoundCeilingFloorDatesTests" runstate="Runnable" seed="2131828084" result="Passed" start-time="2017-01-13 16:34:46Z" end-time="2017-01-13 16:34:46Z" duration="0.000356" asserts="1" />
            <test-case id="1149" name="minutes_ceiling_test" fullname="DateTimeExtensions.Tests.RoundCeilingFloorDatesTests.minutes_ceiling_test" methodname="minutes_ceiling_test" classname="DateTimeExtensions.Tests.RoundCeilingFloorDatesTests" runstate="Runnable" seed="1199462742" result="Passed" start-time="2017-01-13 16:34:46Z" end-time="2017-01-13 16:34:46Z" duration="0.000367" asserts="1" />
            <test-case id="1152" name="minutes_floor_test" fullname="DateTimeExtensions.Tests.RoundCeilingFloorDatesTests.minutes_floor_test" methodname="minutes_floor_test" classname="DateTimeExtensions.Tests.RoundCeilingFloorDatesTests" runstate="Runnable" seed="1459525452" result="Passed" start-time="2017-01-13 16:34:46Z" end-time="2017-01-13 16:34:46Z" duration="0.000413" asserts="1" />
            <test-case id="1144" name="minutes_round_down_test" fullname="DateTimeExtensions.Tests.RoundCeilingFloorDatesTests.minutes_round_down_test" methodname="minutes_round_down_test" classname="DateTimeExtensions.Tests.RoundCeilingFloorDatesTests" runstate="Runnable" seed="1259114456" result="Passed" start-time="2017-01-13 16:34:46Z" end-time="2017-01-13 16:34:46Z" duration="0.001135" asserts="1" />
            <test-case id="1145" name="minutes_round_up_test" fullname="DateTimeExtensions.Tests.RoundCeilingFloorDatesTests.minutes_round_up_test" methodname="minutes_round_up_test" classname="DateTimeExtensions.Tests.RoundCeilingFloorDatesTests" runstate="Runnable" seed="268757507" result="Passed" start-time="2017-01-13 16:34:46Z" end-time="2017-01-13 16:34:46Z" duration="0.000466" asserts="1" />
            <test-case id="1148" name="seconds_ceiling_test" fullname="DateTimeExtensions.Tests.RoundCeilingFloorDatesTests.seconds_ceiling_test" methodname="seconds_ceiling_test" classname="DateTimeExtensions.Tests.RoundCeilingFloorDatesTests" runstate="Runnable" seed="1705127518" result="Passed" start-time="2017-01-13 16:34:46Z" end-time="2017-01-13 16:34:46Z" duration="0.000509" asserts="1" />
            <test-case id="1151" name="seconds_floor_test" fullname="DateTimeExtensions.Tests.RoundCeilingFloorDatesTests.seconds_floor_test" methodname="seconds_floor_test" classname="DateTimeExtensions.Tests.RoundCeilingFloorDatesTests" runstate="Runnable" seed="1732837996" result="Passed" start-time="2017-01-13 16:34:46Z" end-time="2017-01-13 16:34:46Z" duration="0.000402" asserts="1" />
            <test-case id="1142" name="seconds_round_down_test" fullname="DateTimeExtensions.Tests.RoundCeilingFloorDatesTests.seconds_round_down_test" methodname="seconds_round_down_test" classname="DateTimeExtensions.Tests.RoundCeilingFloorDatesTests" runstate="Runnable" seed="256036165" result="Passed" start-time="2017-01-13 16:34:46Z" end-time="2017-01-13 16:34:46Z" duration="0.000428" asserts="1" />
            <test-case id="1143" name="seconds_round_up_test" fullname="DateTimeExtensions.Tests.RoundCeilingFloorDatesTests.seconds_round_up_test" methodname="seconds_round_up_test" classname="DateTimeExtensions.Tests.RoundCeilingFloorDatesTests" runstate="Runnable" seed="644408" result="Passed" start-time="2017-01-13 16:34:46Z" end-time="2017-01-13 16:34:46Z" duration="0.001182" asserts="1" />
          </test-suite>
          <test-suite type="TestFixture" id="1203" name="SpanishHolidaysNamesTest" fullname="DateTimeExtensions.Tests.SpanishHolidaysNamesTest" classname="DateTimeExtensions.Tests.SpanishHolidaysNamesTest" runstate="Runnable" testcasecount="1" result="Passed" start-time="2017-01-13 16:34:46Z" end-time="2017-01-13 16:34:46Z" duration="0.006764" total="1" passed="1" failed="0" warnings="0" inconclusive="0" skipped="0" asserts="19">
            <test-case id="1204" name="AssertSpanishHolidaysAreTranslated" fullname="DateTimeExtensions.Tests.SpanishHolidaysNamesTest.AssertSpanishHolidaysAreTranslated" methodname="AssertSpanishHolidaysAreTranslated" classname="DateTimeExtensions.Tests.SpanishHolidaysNamesTest" runstate="Runnable" seed="57457639" result="Passed" start-time="2017-01-13 16:34:46Z" end-time="2017-01-13 16:34:46Z" duration="0.003818" asserts="19" />
          </test-suite>
          <test-suite type="TestFixture" id="1154" name="TimeTests" fullname="DateTimeExtensions.Tests.TimeTests" classname="DateTimeExtensions.Tests.TimeTests" runstate="Runnable" testcasecount="8" result="Passed" start-time="2017-01-13 16:34:46Z" end-time="2017-01-13 16:34:46Z" duration="0.019017" total="8" passed="8" failed="0" warnings="0" inconclusive="0" skipped="0" asserts="16">
            <test-case id="1162" name="can_compare_inverted_between" fullname="DateTimeExtensions.Tests.TimeTests.can_compare_inverted_between" methodname="can_compare_inverted_between" classname="DateTimeExtensions.Tests.TimeTests" runstate="Runnable" seed="1669347303" result="Passed" start-time="2017-01-13 16:34:46Z" end-time="2017-01-13 16:34:46Z" duration="0.002342" asserts="4" />
            <test-case id="1161" name="can_compare_times" fullname="DateTimeExtensions.Tests.TimeTests.can_compare_times" methodname="can_compare_times" classname="DateTimeExtensions.Tests.TimeTests" runstate="Runnable" seed="1601804638" result="Passed" start-time="2017-01-13 16:34:46Z" end-time="2017-01-13 16:34:46Z" duration="0.000746" asserts="6" />
            <test-case id="1160" name="can_extract_time_from_datetime" fullname="DateTimeExtensions.Tests.TimeTests.can_extract_time_from_datetime" methodname="can_extract_time_from_datetime" classname="DateTimeExtensions.Tests.TimeTests" runstate="Runnable" seed="1768683381" result="Passed" start-time="2017-01-13 16:34:46Z" end-time="2017-01-13 16:34:46Z" duration="0.000630" asserts="1" />
            <test-case id="1156" name="can_format_12hour_time" fullname="DateTimeExtensions.Tests.TimeTests.can_format_12hour_time" methodname="can_format_12hour_time" classname="DateTimeExtensions.Tests.TimeTests" runstate="Runnable" seed="368678312" result="Passed" start-time="2017-01-13 16:34:46Z" end-time="2017-01-13 16:34:46Z" duration="0.000821" asserts="1" />
            <test-case id="1155" name="can_format_24hour_time" fullname="DateTimeExtensions.Tests.TimeTests.can_format_24hour_time" methodname="can_format_24hour_time" classname="DateTimeExtensions.Tests.TimeTests" runstate="Runnable" seed="394535887" result="Passed" start-time="2017-01-13 16:34:46Z" end-time="2017-01-13 16:34:46Z" duration="0.000241" asserts="1" />
            <test-case id="1157" name="can_parse_time" fullname="DateTimeExtensions.Tests.TimeTests.can_parse_time" methodname="can_parse_time" classname="DateTimeExtensions.Tests.TimeTests" runstate="Runnable" seed="1386498473" result="Passed" start-time="2017-01-13 16:34:46Z" end-time="2017-01-13 16:34:46Z" duration="0.001180" asserts="1" />
            <test-case id="1158" name="can_parse_time_leading_zero" fullname="DateTimeExtensions.Tests.TimeTests.can_parse_time_leading_zero" methodname="can_parse_time_leading_zero" classname="DateTimeExtensions.Tests.TimeTests" runstate="Runnable" seed="2111909209" result="Passed" start-time="2017-01-13 16:34:46Z" end-time="2017-01-13 16:34:46Z" duration="0.000321" asserts="1" />
            <test-case id="1159" name="can_parse_time_two_digit_hours" fullname="DateTimeExtensions.Tests.TimeTests.can_parse_time_two_digit_hours" methodname="can_parse_time_two_digit_hours" classname="DateTimeExtensions.Tests.TimeTests" runstate="Runnable" seed="1271534308" result="Passed" start-time="2017-01-13 16:34:46Z" end-time="2017-01-13 16:34:46Z" duration="0.000347" asserts="1" />
          </test-suite>
          <test-suite type="TestFixture" id="1163" name="ViHolidaysTests" fullname="DateTimeExtensions.Tests.ViHolidaysTests" classname="DateTimeExtensions.Tests.ViHolidaysTests" runstate="Runnable" testcasecount="27" result="Passed" start-time="2017-01-13 16:34:46Z" end-time="2017-01-13 16:34:46Z" duration="0.054945" total="27" passed="27" failed="0" warnings="0" inconclusive="0" skipped="0" asserts="27">
            <test-suite type="ParameterizedMethod" id="1170" name="ShouldBeHungKingsCommemorationsDay" fullname="DateTimeExtensions.Tests.ViHolidaysTests.ShouldBeHungKingsCommemorationsDay" classname="DateTimeExtensions.Tests.ViHolidaysTests" runstate="Runnable" testcasecount="5" result="Passed" start-time="2017-01-13 16:34:46Z" end-time="2017-01-13 16:34:46Z" duration="0.009866" total="5" passed="5" failed="0" warnings="0" inconclusive="0" skipped="0" asserts="5">
              <test-case id="1165" name="ShouldBeHungKingsCommemorationsDay(03/10/2015 00:00:00)" fullname="DateTimeExtensions.Tests.ViHolidaysTests.ShouldBeHungKingsCommemorationsDay(03/10/2015 00:00:00)" methodname="ShouldBeHungKingsCommemorationsDay" classname="DateTimeExtensions.Tests.ViHolidaysTests" runstate="Runnable" seed="420732918" result="Passed" start-time="2017-01-13 16:34:46Z" end-time="2017-01-13 16:34:46Z" duration="0.001206" asserts="1" />
              <test-case id="1166" name="ShouldBeHungKingsCommemorationsDay(03/10/2112 00:00:00)" fullname="DateTimeExtensions.Tests.ViHolidaysTests.ShouldBeHungKingsCommemorationsDay(03/10/2112 00:00:00)" methodname="ShouldBeHungKingsCommemorationsDay" classname="DateTimeExtensions.Tests.ViHolidaysTests" runstate="Runnable" seed="2118141608" result="Passed" start-time="2017-01-13 16:34:46Z" end-time="2017-01-13 16:34:46Z" duration="0.000369" asserts="1" />
              <test-case id="1167" name="ShouldBeHungKingsCommemorationsDay(03/10/2014 00:00:00)" fullname="DateTimeExtensions.Tests.ViHolidaysTests.ShouldBeHungKingsCommemorationsDay(03/10/2014 00:00:00)" methodname="ShouldBeHungKingsCommemorationsDay" classname="DateTimeExtensions.Tests.ViHolidaysTests" runstate="Runnable" seed="945006356" result="Passed" start-time="2017-01-13 16:34:46Z" end-time="2017-01-13 16:34:46Z" duration="0.000440" asserts="1" />
              <test-case id="1168" name="ShouldBeHungKingsCommemorationsDay(03/10/2022 00:00:00)" fullname="DateTimeExtensions.Tests.ViHolidaysTests.ShouldBeHungKingsCommemorationsDay(03/10/2022 00:00:00)" methodname="ShouldBeHungKingsCommemorationsDay" classname="DateTimeExtensions.Tests.ViHolidaysTests" runstate="Runnable" seed="182352865" result="Passed" start-time="2017-01-13 16:34:46Z" end-time="2017-01-13 16:34:46Z" duration="0.000315" asserts="1" />
              <test-case id="1169" name="ShouldBeHungKingsCommemorationsDay(03/10/2017 00:00:00)" fullname="DateTimeExtensions.Tests.ViHolidaysTests.ShouldBeHungKingsCommemorationsDay(03/10/2017 00:00:00)" methodname="ShouldBeHungKingsCommemorationsDay" classname="DateTimeExtensions.Tests.ViHolidaysTests" runstate="Runnable" seed="1550998319" result="Passed" start-time="2017-01-13 16:34:46Z" end-time="2017-01-13 16:34:46Z" duration="0.000304" asserts="1" />
            </test-suite>
            <test-suite type="ParameterizedMethod" id="1182" name="ShouldBeInternationalWorkersDay" fullname="DateTimeExtensions.Tests.ViHolidaysTests.ShouldBeInternationalWorkersDay" classname="DateTimeExtensions.Tests.ViHolidaysTests" runstate="Runnable" testcasecount="5" result="Passed" start-time="2017-01-13 16:34:46Z" end-time="2017-01-13 16:34:46Z" duration="0.009346" total="5" passed="5" failed="0" warnings="0" inconclusive="0" skipped="0" asserts="5">
              <test-case id="1177" name="ShouldBeInternationalWorkersDay(05/01/2015 00:00:00)" fullname="DateTimeExtensions.Tests.ViHolidaysTests.ShouldBeInternationalWorkersDay(05/01/2015 00:00:00)" methodname="ShouldBeInternationalWorkersDay" classname="DateTimeExtensions.Tests.ViHolidaysTests" runstate="Runnable" seed="332548997" result="Passed" start-time="2017-01-13 16:34:46Z" end-time="2017-01-13 16:34:46Z" duration="0.000541" asserts="1" />
              <test-case id="1178" name="ShouldBeInternationalWorkersDay(05/01/2112 00:00:00)" fullname="DateTimeExtensions.Tests.ViHolidaysTests.ShouldBeInternationalWorkersDay(05/01/2112 00:00:00)" methodname="ShouldBeInternationalWorkersDay" classname="DateTimeExtensions.Tests.ViHolidaysTests" runstate="Runnable" seed="1933735911" result="Passed" start-time="2017-01-13 16:34:46Z" end-time="2017-01-13 16:34:46Z" duration="0.000403" asserts="1" />
              <test-case id="1179" name="ShouldBeInternationalWorkersDay(05/01/2014 00:00:00)" fullname="DateTimeExtensions.Tests.ViHolidaysTests.ShouldBeInternationalWorkersDay(05/01/2014 00:00:00)" methodname="ShouldBeInternationalWorkersDay" classname="DateTimeExtensions.Tests.ViHolidaysTests" runstate="Runnable" seed="79493060" result="Passed" start-time="2017-01-13 16:34:46Z" end-time="2017-01-13 16:34:46Z" duration="0.000396" asserts="1" />
              <test-case id="1180" name="ShouldBeInternationalWorkersDay(05/01/2022 00:00:00)" fullname="DateTimeExtensions.Tests.ViHolidaysTests.ShouldBeInternationalWorkersDay(05/01/2022 00:00:00)" methodname="ShouldBeInternationalWorkersDay" classname="DateTimeExtensions.Tests.ViHolidaysTests" runstate="Runnable" seed="1261471011" result="Passed" start-time="2017-01-13 16:34:46Z" end-time="2017-01-13 16:34:46Z" duration="0.000381" asserts="1" />
              <test-case id="1181" name="ShouldBeInternationalWorkersDay(05/01/2017 00:00:00)" fullname="DateTimeExtensions.Tests.ViHolidaysTests.ShouldBeInternationalWorkersDay(05/01/2017 00:00:00)" methodname="ShouldBeInternationalWorkersDay" classname="DateTimeExtensions.Tests.ViHolidaysTests" runstate="Runnable" seed="1942497926" result="Passed" start-time="2017-01-13 16:34:46Z" end-time="2017-01-13 16:34:46Z" duration="0.000479" asserts="1" />
            </test-suite>
            <test-suite type="ParameterizedMethod" id="1176" name="ShouldBeLiberationDay" fullname="DateTimeExtensions.Tests.ViHolidaysTests.ShouldBeLiberationDay" classname="DateTimeExtensions.Tests.ViHolidaysTests" runstate="Runnable" testcasecount="5" result="Passed" start-time="2017-01-13 16:34:46Z" end-time="2017-01-13 16:34:46Z" duration="0.007212" total="5" passed="5" failed="0" warnings="0" inconclusive="0" skipped="0" asserts="5">
              <test-case id="1171" name="ShouldBeLiberationDay(04/30/2015 00:00:00)" fullname="DateTimeExtensions.Tests.ViHolidaysTests.ShouldBeLiberationDay(04/30/2015 00:00:00)" methodname="ShouldBeLiberationDay" classname="DateTimeExtensions.Tests.ViHolidaysTests" runstate="Runnable" seed="308061930" result="Passed" start-time="2017-01-13 16:34:46Z" end-time="2017-01-13 16:34:46Z" duration="0.000561" asserts="1" />
              <test-case id="1172" name="ShouldBeLiberationDay(04/30/2112 00:00:00)" fullname="DateTimeExtensions.Tests.ViHolidaysTests.ShouldBeLiberationDay(04/30/2112 00:00:00)" methodname="ShouldBeLiberationDay" classname="DateTimeExtensions.Tests.ViHolidaysTests" runstate="Runnable" seed="1073161509" result="Passed" start-time="2017-01-13 16:34:46Z" end-time="2017-01-13 16:34:46Z" duration="0.000398" asserts="1" />
              <test-case id="1173" name="ShouldBeLiberationDay(04/30/2014 00:00:00)" fullname="DateTimeExtensions.Tests.ViHolidaysTests.ShouldBeLiberationDay(04/30/2014 00:00:00)" methodname="ShouldBeLiberationDay" classname="DateTimeExtensions.Tests.ViHolidaysTests" runstate="Runnable" seed="1775413518" result="Passed" start-time="2017-01-13 16:34:46Z" end-time="2017-01-13 16:34:46Z" duration="0.000295" asserts="1" />
              <test-case id="1174" name="ShouldBeLiberationDay(04/30/2022 00:00:00)" fullname="DateTimeExtensions.Tests.ViHolidaysTests.ShouldBeLiberationDay(04/30/2022 00:00:00)" methodname="ShouldBeLiberationDay" classname="DateTimeExtensions.Tests.ViHolidaysTests" runstate="Runnable" seed="212023202" result="Passed" start-time="2017-01-13 16:34:46Z" end-time="2017-01-13 16:34:46Z" duration="0.000490" asserts="1" />
              <test-case id="1175" name="ShouldBeLiberationDay(04/30/2017 00:00:00)" fullname="DateTimeExtensions.Tests.ViHolidaysTests.ShouldBeLiberationDay(04/30/2017 00:00:00)" methodname="ShouldBeLiberationDay" classname="DateTimeExtensions.Tests.ViHolidaysTests" runstate="Runnable" seed="1219802876" result="Passed" start-time="2017-01-13 16:34:46Z" end-time="2017-01-13 16:34:46Z" duration="0.000283" asserts="1" />
            </test-suite>
            <test-suite type="ParameterizedMethod" id="1188" name="ShouldBeNationalDay" fullname="DateTimeExtensions.Tests.ViHolidaysTests.ShouldBeNationalDay" classname="DateTimeExtensions.Tests.ViHolidaysTests" runstate="Runnable" testcasecount="5" result="Passed" start-time="2017-01-13 16:34:46Z" end-time="2017-01-13 16:34:46Z" duration="0.010002" total="5" passed="5" failed="0" warnings="0" inconclusive="0" skipped="0" asserts="5">
              <test-case id="1183" name="ShouldBeNationalDay(09/02/2015 00:00:00)" fullname="DateTimeExtensions.Tests.ViHolidaysTests.ShouldBeNationalDay(09/02/2015 00:00:00)" methodname="ShouldBeNationalDay" classname="DateTimeExtensions.Tests.ViHolidaysTests" runstate="Runnable" seed="1313685095" result="Passed" start-time="2017-01-13 16:34:46Z" end-time="2017-01-13 16:34:46Z" duration="0.000456" asserts="1" />
              <test-case id="1184" name="ShouldBeNationalDay(09/02/2112 00:00:00)" fullname="DateTimeExtensions.Tests.ViHolidaysTests.ShouldBeNationalDay(09/02/2112 00:00:00)" methodname="ShouldBeNationalDay" classname="DateTimeExtensions.Tests.ViHolidaysTests" runstate="Runnable" seed="1463007235" result="Passed" start-time="2017-01-13 16:34:46Z" end-time="2017-01-13 16:34:46Z" duration="0.000276" asserts="1" />
              <test-case id="1185" name="ShouldBeNationalDay(09/02/2014 00:00:00)" fullname="DateTimeExtensions.Tests.ViHolidaysTests.ShouldBeNationalDay(09/02/2014 00:00:00)" methodname="ShouldBeNationalDay" classname="DateTimeExtensions.Tests.ViHolidaysTests" runstate="Runnable" seed="969465475" result="Passed" start-time="2017-01-13 16:34:46Z" end-time="2017-01-13 16:34:46Z" duration="0.000733" asserts="1" />
              <test-case id="1186" name="ShouldBeNationalDay(09/02/2022 00:00:00)" fullname="DateTimeExtensions.Tests.ViHolidaysTests.ShouldBeNationalDay(09/02/2022 00:00:00)" methodname="ShouldBeNationalDay" classname="DateTimeExtensions.Tests.ViHolidaysTests" runstate="Runnable" seed="1808284445" result="Passed" start-time="2017-01-13 16:34:46Z" end-time="2017-01-13 16:34:46Z" duration="0.000358" asserts="1" />
              <test-case id="1187" name="ShouldBeNationalDay(09/02/2017 00:00:00)" fullname="DateTimeExtensions.Tests.ViHolidaysTests.ShouldBeNationalDay(09/02/2017 00:00:00)" methodname="ShouldBeNationalDay" classname="DateTimeExtensions.Tests.ViHolidaysTests" runstate="Runnable" seed="548522251" result="Passed" start-time="2017-01-13 16:34:46Z" end-time="2017-01-13 16:34:46Z" duration="0.000301" asserts="1" />
            </test-suite>
            <test-suite type="ParameterizedMethod" id="1194" name="ShouldBeNewYearDay" fullname="DateTimeExtensions.Tests.ViHolidaysTests.ShouldBeNewYearDay" classname="DateTimeExtensions.Tests.ViHolidaysTests" runstate="Runnable" testcasecount="5" result="Passed" start-time="2017-01-13 16:34:46Z" end-time="2017-01-13 16:34:46Z" duration="0.011821" total="5" passed="5" failed="0" warnings="0" inconclusive="0" skipped="0" asserts="5">
              <test-case id="1189" name="ShouldBeNewYearDay(01/01/2015 00:00:00)" fullname="DateTimeExtensions.Tests.ViHolidaysTests.ShouldBeNewYearDay(01/01/2015 00:00:00)" methodname="ShouldBeNewYearDay" classname="DateTimeExtensions.Tests.ViHolidaysTests" runstate="Runnable" seed="7960189" result="Passed" start-time="2017-01-13 16:34:46Z" end-time="2017-01-13 16:34:46Z" duration="0.000541" asserts="1" />
              <test-case id="1190" name="ShouldBeNewYearDay(01/01/2112 00:00:00)" fullname="DateTimeExtensions.Tests.ViHolidaysTests.ShouldBeNewYearDay(01/01/2112 00:00:00)" methodname="ShouldBeNewYearDay" classname="DateTimeExtensions.Tests.ViHolidaysTests" runstate="Runnable" seed="1454356615" result="Passed" start-time="2017-01-13 16:34:46Z" end-time="2017-01-13 16:34:46Z" duration="0.000794" asserts="1" />
              <test-case id="1191" name="ShouldBeNewYearDay(01/01/2014 00:00:00)" fullname="DateTimeExtensions.Tests.ViHolidaysTests.ShouldBeNewYearDay(01/01/2014 00:00:00)" methodname="ShouldBeNewYearDay" classname="DateTimeExtensions.Tests.ViHolidaysTests" runstate="Runnable" seed="1163932347" result="Passed" start-time="2017-01-13 16:34:46Z" end-time="2017-01-13 16:34:46Z" duration="0.000674" asserts="1" />
              <test-case id="1192" name="ShouldBeNewYearDay(01/01/2022 00:00:00)" fullname="DateTimeExtensions.Tests.ViHolidaysTests.ShouldBeNewYearDay(01/01/2022 00:00:00)" methodname="ShouldBeNewYearDay" classname="DateTimeExtensions.Tests.ViHolidaysTests" runstate="Runnable" seed="1847859031" result="Passed" start-time="2017-01-13 16:34:46Z" end-time="2017-01-13 16:34:46Z" duration="0.000282" asserts="1" />
              <test-case id="1193" name="ShouldBeNewYearDay(01/01/2017 00:00:00)" fullname="DateTimeExtensions.Tests.ViHolidaysTests.ShouldBeNewYearDay(01/01/2017 00:00:00)" methodname="ShouldBeNewYearDay" classname="DateTimeExtensions.Tests.ViHolidaysTests" runstate="Runnable" seed="160585117" result="Passed" start-time="2017-01-13 16:34:46Z" end-time="2017-01-13 16:34:46Z" duration="0.000256" asserts="1" />
            </test-suite>
            <test-case id="1164" name="ShouldGetViVnStrategy" fullname="DateTimeExtensions.Tests.ViHolidaysTests.ShouldGetViVnStrategy" methodname="ShouldGetViVnStrategy" classname="DateTimeExtensions.Tests.ViHolidaysTests" runstate="Runnable" seed="1263600676" result="Passed" start-time="2017-01-13 16:34:46Z" end-time="2017-01-13 16:34:46Z" duration="0.000832" asserts="1" />
            <test-case id="1195" name="VietNamPublicHolidaysShouldBe5" fullname="DateTimeExtensions.Tests.ViHolidaysTests.VietNamPublicHolidaysShouldBe5" methodname="VietNamPublicHolidaysShouldBe5" classname="DateTimeExtensions.Tests.ViHolidaysTests" runstate="Runnable" seed="1246793936" result="Passed" start-time="2017-01-13 16:34:46Z" end-time="2017-01-13 16:34:46Z" duration="0.000457" asserts="1" />
          </test-suite>
        </test-suite>
      </test-suite>
    </test-suite>
  </test-run>
</test-run>