<?xml version="1.0" encoding="utf-8"?>
<test-run id="0" testcasecount="175" total="175" passed="174" failed="0" inconclusive="0" skipped="1" asserts="757" result="Passed" portable-engine-version="3.3.0.0" start-time="2017-01-14 00:39:30Z" end-time="2017-01-14 00:39:32Z" duration="1.837778">
  <test-run id="0" testcasecount="175" total="175" passed="174" failed="0" inconclusive="0" skipped="1" asserts="757" result="Passed" portable-engine-version="3.3.0.0" start-time="2017-01-14 00:39:30Z" end-time="2017-01-14 00:39:32Z" duration="1.658954">
    <test-suite type="Assembly" id="1209" name="DateTimeExtensions.Tests.DLL" fullname="c:/JMS/Repository/DateTimeExtensions/tests/DateTimeExtensions.Tests/bin/Debug/net451/win7-x64/DateTimeExtensions.Tests.DLL" runstate="Runnable" testcasecount="175" result="Skipped" label="Ignored" start-time="2017-01-14 00:39:30Z" end-time="2017-01-14 00:39:32Z" duration="1.545835" total="175" passed="174" failed="0" warnings="0" inconclusive="0" skipped="1" asserts="757">
      <environment framework-version="3.6.0.0" clr-version="4.0.30319.42000" os-version="Microsoft Windows NT 6.2.9200.0" platform="Win32NT" cwd="c:\JMS\Repository\DateTimeExtensions\tests\DateTimeExtensions.Tests" machine-name="JMS-MINDBUS" user="João" user-domain="JMS-MINDBUS" culture="pt-PT" uiculture="en-US" os-architecture="x64" />
      <settings>
        <setting name="WorkDirectory" value="c:\JMS\Repository\DateTimeExtensions\tests\DateTimeExtensions.Tests" />
        <setting name="NumberOfTestWorkers" value="4" />
      </settings>
      <properties>
        <property name="_PID" value="10576" />
        <property name="_APPDOMAIN" value="dotnet-test-nunit.exe" />
      </properties>
      <reason>
        <message><![CDATA[One or more child tests were ignored]]></message>
      </reason>
      <test-suite type="TestSuite" id="1210" name="DateTimeExtensions" fullname="DateTimeExtensions" runstate="Runnable" testcasecount="175" result="Skipped" label="Ignored" start-time="2017-01-14 00:39:30Z" end-time="2017-01-14 00:39:32Z" duration="1.524896" total="175" passed="174" failed="0" warnings="0" inconclusive="0" skipped="1" asserts="757">
        <reason>
          <message><![CDATA[One or more child tests were ignored]]></message>
        </reason>
        <test-suite type="TestSuite" id="1211" name="Tests" fullname="DateTimeExtensions.Tests" runstate="Runnable" testcasecount="175" result="Skipped" label="Ignored" start-time="2017-01-14 00:39:30Z" end-time="2017-01-14 00:39:32Z" duration="1.521654" total="175" passed="174" failed="0" warnings="0" inconclusive="0" skipped="1" asserts="757">
          <reason>
            <message><![CDATA[One or more child tests were ignored]]></message>
          </reason>
          <test-suite type="TestFixture" id="1000" name="ARSAWorkingDays" fullname="DateTimeExtensions.Tests.ARSAWorkingDays" classname="DateTimeExtensions.Tests.ARSAWorkingDays" runstate="Runnable" testcasecount="4" result="Passed" start-time="2017-01-14 00:39:30Z" end-time="2017-01-14 00:39:31Z" duration="0.121148" total="4" passed="4" failed="0" warnings="0" inconclusive="0" skipped="0" asserts="37">
            <test-case id="1002" name="are_working_days_on_friday_and_saturday" fullname="DateTimeExtensions.Tests.ARSAWorkingDays.are_working_days_on_friday_and_saturday" methodname="are_working_days_on_friday_and_saturday" classname="DateTimeExtensions.Tests.ARSAWorkingDays" runstate="Runnable" seed="1856468868" result="Passed" start-time="2017-01-14 00:39:30Z" end-time="2017-01-14 00:39:30Z" duration="0.019548" asserts="2" />
            <test-case id="1004" name="can_generate_holidays" fullname="DateTimeExtensions.Tests.ARSAWorkingDays.can_generate_holidays" methodname="can_generate_holidays" classname="DateTimeExtensions.Tests.ARSAWorkingDays" runstate="Runnable" seed="1086927113" result="Passed" start-time="2017-01-14 00:39:30Z" end-time="2017-01-14 00:39:31Z" duration="0.054935" asserts="20" />
            <test-case id="1001" name="can_get_strateryies" fullname="DateTimeExtensions.Tests.ARSAWorkingDays.can_get_strateryies" methodname="can_get_strateryies" classname="DateTimeExtensions.Tests.ARSAWorkingDays" runstate="Runnable" seed="1388023149" result="Passed" start-time="2017-01-14 00:39:31Z" end-time="2017-01-14 00:39:31Z" duration="0.014690" asserts="2" />
            <test-case id="1003" name="holiday_days_span" fullname="DateTimeExtensions.Tests.ARSAWorkingDays.holiday_days_span" methodname="holiday_days_span" classname="DateTimeExtensions.Tests.ARSAWorkingDays" runstate="Runnable" seed="388990097" result="Passed" start-time="2017-01-14 00:39:31Z" end-time="2017-01-14 00:39:31Z" duration="0.003315" asserts="13" />
          </test-suite>
          <test-suite type="TestFixture" id="1005" name="ChineseHolidaysTests" fullname="DateTimeExtensions.Tests.ChineseHolidaysTests" classname="DateTimeExtensions.Tests.ChineseHolidaysTests" runstate="Runnable" testcasecount="2" result="Passed" start-time="2017-01-14 00:39:31Z" end-time="2017-01-14 00:39:31Z" duration="0.012105" total="2" passed="2" failed="0" warnings="0" inconclusive="0" skipped="0" asserts="6">
            <test-case id="1006" name="SpringFetivalTests" fullname="DateTimeExtensions.Tests.ChineseHolidaysTests.SpringFetivalTests" methodname="SpringFetivalTests" classname="DateTimeExtensions.Tests.ChineseHolidaysTests" runstate="Runnable" seed="838929172" result="Passed" start-time="2017-01-14 00:39:31Z" end-time="2017-01-14 00:39:31Z" duration="0.003659" asserts="3" />
            <test-case id="1007" name="TombSweepingDayTests" fullname="DateTimeExtensions.Tests.ChineseHolidaysTests.TombSweepingDayTests" methodname="TombSweepingDayTests" classname="DateTimeExtensions.Tests.ChineseHolidaysTests" runstate="Runnable" seed="755901825" result="Passed" start-time="2017-01-14 00:39:31Z" end-time="2017-01-14 00:39:31Z" duration="0.001734" asserts="3" />
          </test-suite>
          <test-suite type="TestFixture" id="1008" name="ChristianHolidaysTests" fullname="DateTimeExtensions.Tests.ChristianHolidaysTests" classname="DateTimeExtensions.Tests.ChristianHolidaysTests" runstate="Runnable" testcasecount="5" result="Passed" start-time="2017-01-14 00:39:31Z" end-time="2017-01-14 00:39:31Z" duration="0.037958" total="5" passed="5" failed="0" warnings="0" inconclusive="0" skipped="0" asserts="135">
            <test-case id="1011" name="ascencion_is_39_days_after_easter" fullname="DateTimeExtensions.Tests.ChristianHolidaysTests.ascencion_is_39_days_after_easter" methodname="ascencion_is_39_days_after_easter" classname="DateTimeExtensions.Tests.ChristianHolidaysTests" runstate="Runnable" seed="1324694022" result="Passed" start-time="2017-01-14 00:39:31Z" end-time="2017-01-14 00:39:31Z" duration="0.003032" asserts="27" />
            <test-case id="1009" name="can_calculate_easter" fullname="DateTimeExtensions.Tests.ChristianHolidaysTests.can_calculate_easter" methodname="can_calculate_easter" classname="DateTimeExtensions.Tests.ChristianHolidaysTests" runstate="Runnable" seed="1623606467" result="Passed" start-time="2017-01-14 00:39:31Z" end-time="2017-01-14 00:39:31Z" duration="0.001114" asserts="27" />
            <test-case id="1013" name="carnival_is_47_days_before_easter" fullname="DateTimeExtensions.Tests.ChristianHolidaysTests.carnival_is_47_days_before_easter" methodname="carnival_is_47_days_before_easter" classname="DateTimeExtensions.Tests.ChristianHolidaysTests" runstate="Runnable" seed="693679086" result="Passed" start-time="2017-01-14 00:39:31Z" end-time="2017-01-14 00:39:31Z" duration="0.001229" asserts="27" />
            <test-case id="1012" name="palmSunday_is_7_days_before_easter" fullname="DateTimeExtensions.Tests.ChristianHolidaysTests.palmSunday_is_7_days_before_easter" methodname="palmSunday_is_7_days_before_easter" classname="DateTimeExtensions.Tests.ChristianHolidaysTests" runstate="Runnable" seed="83914878" result="Passed" start-time="2017-01-14 00:39:31Z" end-time="2017-01-14 00:39:31Z" duration="0.010092" asserts="27" />
            <test-case id="1010" name="pentecost_is_49_days_after_easter" fullname="DateTimeExtensions.Tests.ChristianHolidaysTests.pentecost_is_49_days_after_easter" methodname="pentecost_is_49_days_after_easter" classname="DateTimeExtensions.Tests.ChristianHolidaysTests" runstate="Runnable" seed="1433148387" result="Passed" start-time="2017-01-14 00:39:31Z" end-time="2017-01-14 00:39:31Z" duration="0.001390" asserts="27" />
          </test-suite>
          <test-suite type="TestFixture" id="1196" name="DefaultNamesTest" fullname="DateTimeExtensions.Tests.DefaultNamesTest" classname="DateTimeExtensions.Tests.DefaultNamesTest" runstate="Runnable" testcasecount="1" result="Passed" start-time="2017-01-14 00:39:31Z" end-time="2017-01-14 00:39:31Z" duration="0.066212" total="1" passed="1" failed="0" warnings="0" inconclusive="0" skipped="0" asserts="13">
            <test-case id="1197" name="AssertDefaultGlobalHolidaysAreTranslated" fullname="DateTimeExtensions.Tests.DefaultNamesTest.AssertDefaultGlobalHolidaysAreTranslated" methodname="AssertDefaultGlobalHolidaysAreTranslated" classname="DateTimeExtensions.Tests.DefaultNamesTest" runstate="Runnable" seed="1911388090" result="Passed" start-time="2017-01-14 00:39:31Z" end-time="2017-01-14 00:39:31Z" duration="0.062388" asserts="13" />
          </test-suite>
          <test-suite type="TestFixture" id="1014" name="en_NZCalendarTest" fullname="DateTimeExtensions.Tests.en_NZCalendarTest" classname="DateTimeExtensions.Tests.en_NZCalendarTest" runstate="Runnable" testcasecount="4" result="Passed" start-time="2017-01-14 00:39:31Z" end-time="2017-01-14 00:39:31Z" duration="0.024035" total="4" passed="4" failed="0" warnings="0" inconclusive="0" skipped="0" asserts="32">
            <test-case id="1018" name="BoxingDay" fullname="DateTimeExtensions.Tests.en_NZCalendarTest.BoxingDay" methodname="BoxingDay" classname="DateTimeExtensions.Tests.en_NZCalendarTest" runstate="Runnable" seed="2114996142" result="Passed" start-time="2017-01-14 00:39:31Z" end-time="2017-01-14 00:39:31Z" duration="0.006380" asserts="8" />
            <test-case id="1017" name="Christmas" fullname="DateTimeExtensions.Tests.en_NZCalendarTest.Christmas" methodname="Christmas" classname="DateTimeExtensions.Tests.en_NZCalendarTest" runstate="Runnable" seed="44233223" result="Passed" start-time="2017-01-14 00:39:31Z" end-time="2017-01-14 00:39:31Z" duration="0.001168" asserts="8" />
            <test-case id="1016" name="DayAfterNewYearsDay" fullname="DateTimeExtensions.Tests.en_NZCalendarTest.DayAfterNewYearsDay" methodname="DayAfterNewYearsDay" classname="DateTimeExtensions.Tests.en_NZCalendarTest" runstate="Runnable" seed="1640667572" result="Passed" start-time="2017-01-14 00:39:31Z" end-time="2017-01-14 00:39:31Z" duration="0.001119" asserts="8" />
            <test-case id="1015" name="NewYearsDay" fullname="DateTimeExtensions.Tests.en_NZCalendarTest.NewYearsDay" methodname="NewYearsDay" classname="DateTimeExtensions.Tests.en_NZCalendarTest" runstate="Runnable" seed="1006551467" result="Passed" start-time="2017-01-14 00:39:31Z" end-time="2017-01-14 00:39:31Z" duration="0.000785" asserts="8" />
          </test-suite>
          <test-suite type="TestFixture" id="1019" name="ExampleTests" fullname="DateTimeExtensions.Tests.ExampleTests" classname="DateTimeExtensions.Tests.ExampleTests" runstate="Runnable" testcasecount="12" result="Skipped" label="Ignored" start-time="2017-01-14 00:39:31Z" end-time="2017-01-14 00:39:31Z" duration="0.098837" total="12" passed="11" failed="0" warnings="0" inconclusive="0" skipped="1" asserts="56">
            <reason>
              <message><![CDATA[One or more child tests were ignored]]></message>
            </reason>
            <test-case id="1024" name="check_working_day" fullname="DateTimeExtensions.Tests.ExampleTests.check_working_day" methodname="check_working_day" classname="DateTimeExtensions.Tests.ExampleTests" runstate="Runnable" seed="401440899" result="Passed" start-time="2017-01-14 00:39:31Z" end-time="2017-01-14 00:39:31Z" duration="0.021688" asserts="4" />
            <test-case id="1031" name="get_first_and_last_tuesday_of_august" fullname="DateTimeExtensions.Tests.ExampleTests.get_first_and_last_tuesday_of_august" methodname="get_first_and_last_tuesday_of_august" classname="DateTimeExtensions.Tests.ExampleTests" runstate="Runnable" seed="1538278650" result="Passed" start-time="2017-01-14 00:39:31Z" end-time="2017-01-14 00:39:31Z" duration="0.001263" asserts="2" />
            <test-case id="1030" name="get_next_and_last_tuesday" fullname="DateTimeExtensions.Tests.ExampleTests.get_next_and_last_tuesday" methodname="get_next_and_last_tuesday" classname="DateTimeExtensions.Tests.ExampleTests" runstate="Runnable" seed="427919281" result="Passed" start-time="2017-01-14 00:39:31Z" end-time="2017-01-14 00:39:31Z" duration="0.000396" asserts="2" />
            <test-case id="1029" name="get_us_holidays_in_2015_passes" fullname="DateTimeExtensions.Tests.ExampleTests.get_us_holidays_in_2015_passes" methodname="get_us_holidays_in_2015_passes" classname="DateTimeExtensions.Tests.ExampleTests" runstate="Runnable" seed="743988114" result="Passed" start-time="2017-01-14 00:39:31Z" end-time="2017-01-14 00:39:31Z" duration="0.022675" asserts="11" />
            <test-case id="1028" name="get_year_prior_2013_holidays_in_portugal" fullname="DateTimeExtensions.Tests.ExampleTests.get_year_prior_2013_holidays_in_portugal" methodname="get_year_prior_2013_holidays_in_portugal" classname="DateTimeExtensions.Tests.ExampleTests" runstate="Runnable" seed="20900108" result="Passed" start-time="2017-01-14 00:39:31Z" end-time="2017-01-14 00:39:31Z" duration="0.001352" asserts="14" />
            <test-case id="1027" name="get_year_since_2013_holidays_in_portugal" fullname="DateTimeExtensions.Tests.ExampleTests.get_year_since_2013_holidays_in_portugal" methodname="get_year_since_2013_holidays_in_portugal" classname="DateTimeExtensions.Tests.ExampleTests" runstate="Runnable" seed="1309911787" result="Passed" start-time="2017-01-14 00:39:31Z" end-time="2017-01-14 00:39:31Z" duration="0.001217" asserts="10" />
            <test-case id="1022" name="globally_recomended_calculation" fullname="DateTimeExtensions.Tests.ExampleTests.globally_recomended_calculation" methodname="globally_recomended_calculation" classname="DateTimeExtensions.Tests.ExampleTests" runstate="Runnable" seed="167126193" result="Passed" start-time="2017-01-14 00:39:31Z" end-time="2017-01-14 00:39:31Z" duration="0.001519" asserts="2" />
            <test-case id="1023" name="holidays" fullname="DateTimeExtensions.Tests.ExampleTests.holidays" methodname="holidays" classname="DateTimeExtensions.Tests.ExampleTests" runstate="Runnable" seed="1621818285" result="Passed" start-time="2017-01-14 00:39:31Z" end-time="2017-01-14 00:39:31Z" duration="0.001599" asserts="4" />
            <test-case id="1026" name="provide_custom_culture" fullname="DateTimeExtensions.Tests.ExampleTests.provide_custom_culture" methodname="provide_custom_culture" classname="DateTimeExtensions.Tests.ExampleTests" runstate="Runnable" seed="978927423" result="Passed" start-time="2017-01-14 00:39:31Z" end-time="2017-01-14 00:39:31Z" duration="0.002629" asserts="3" />
            <test-case id="1025" name="provide_custom_strategies" fullname="DateTimeExtensions.Tests.ExampleTests.provide_custom_strategies" methodname="provide_custom_strategies" classname="DateTimeExtensions.Tests.ExampleTests" runstate="Ignored" seed="940536455" result="Skipped" label="Ignored" start-time="2017-01-14 00:39:31Z" end-time="2017-01-14 00:39:31Z" duration="0.001300" asserts="0">
              <properties>
                <property name="_SKIPREASON" value="For now discovering Strategies outside of the own DateTimeExtensions library is not supported" />
              </properties>
              <reason>
                <message><![CDATA[For now discovering Strategies outside of the own DateTimeExtensions library is not supported]]></message>
              </reason>
            </test-case>
            <test-case id="1021" name="recomended_calculation" fullname="DateTimeExtensions.Tests.ExampleTests.recomended_calculation" methodname="recomended_calculation" classname="DateTimeExtensions.Tests.ExampleTests" runstate="Runnable" seed="1511505783" result="Passed" start-time="2017-01-14 00:39:31Z" end-time="2017-01-14 00:39:31Z" duration="0.001017" asserts="2" />
            <test-case id="1020" name="simple_calculation" fullname="DateTimeExtensions.Tests.ExampleTests.simple_calculation" methodname="simple_calculation" classname="DateTimeExtensions.Tests.ExampleTests" runstate="Runnable" seed="794545326" result="Passed" start-time="2017-01-14 00:39:31Z" end-time="2017-01-14 00:39:31Z" duration="0.000927" asserts="2" />
          </test-suite>
          <test-suite type="TestFixture" id="1032" name="FrCaHolidaysTests" fullname="DateTimeExtensions.Tests.FrCaHolidaysTests" classname="DateTimeExtensions.Tests.FrCaHolidaysTests" runstate="Runnable" testcasecount="4" result="Passed" start-time="2017-01-14 00:39:31Z" end-time="2017-01-14 00:39:31Z" duration="0.020008" total="4" passed="4" failed="0" warnings="0" inconclusive="0" skipped="0" asserts="5">
            <test-case id="1034" name="assert_holidays_count" fullname="DateTimeExtensions.Tests.FrCaHolidaysTests.assert_holidays_count" methodname="assert_holidays_count" classname="DateTimeExtensions.Tests.FrCaHolidaysTests" runstate="Runnable" seed="47500209" result="Passed" start-time="2017-01-14 00:39:31Z" end-time="2017-01-14 00:39:31Z" duration="0.004426" asserts="1" />
            <test-case id="1035" name="assert_holidays_on_weekend_observed_on_monday" fullname="DateTimeExtensions.Tests.FrCaHolidaysTests.assert_holidays_on_weekend_observed_on_monday" methodname="assert_holidays_on_weekend_observed_on_monday" classname="DateTimeExtensions.Tests.FrCaHolidaysTests" runstate="Runnable" seed="2114009599" result="Passed" start-time="2017-01-14 00:39:31Z" end-time="2017-01-14 00:39:31Z" duration="0.001428" asserts="2" />
            <test-case id="1033" name="can_get_stratery" fullname="DateTimeExtensions.Tests.FrCaHolidaysTests.can_get_stratery" methodname="can_get_stratery" classname="DateTimeExtensions.Tests.FrCaHolidaysTests" runstate="Runnable" seed="61355853" result="Passed" start-time="2017-01-14 00:39:31Z" end-time="2017-01-14 00:39:31Z" duration="0.001363" asserts="1" />
            <test-case id="1036" name="CanWorkOn2016" fullname="DateTimeExtensions.Tests.FrCaHolidaysTests.CanWorkOn2016" methodname="CanWorkOn2016" classname="DateTimeExtensions.Tests.FrCaHolidaysTests" runstate="Runnable" seed="594829208" result="Passed" start-time="2017-01-14 00:39:31Z" end-time="2017-01-14 00:39:31Z" duration="0.000837" asserts="1" />
          </test-suite>
          <test-suite type="TestFixture" id="1037" name="FRNaturalTimeTests" fullname="DateTimeExtensions.Tests.FRNaturalTimeTests" classname="DateTimeExtensions.Tests.FRNaturalTimeTests" runstate="Runnable" testcasecount="8" result="Passed" start-time="2017-01-14 00:39:31Z" end-time="2017-01-14 00:39:31Z" duration="0.051588" total="8" passed="8" failed="0" warnings="0" inconclusive="0" skipped="0" asserts="35">
            <test-case id="1042" name="are_orderless" fullname="DateTimeExtensions.Tests.FRNaturalTimeTests.are_orderless" methodname="are_orderless" classname="DateTimeExtensions.Tests.FRNaturalTimeTests" runstate="Runnable" seed="1216552977" result="Passed" start-time="2017-01-14 00:39:31Z" end-time="2017-01-14 00:39:31Z" duration="0.013674" asserts="5" />
            <test-case id="1045" name="can_pluralize" fullname="DateTimeExtensions.Tests.FRNaturalTimeTests.can_pluralize" methodname="can_pluralize" classname="DateTimeExtensions.Tests.FRNaturalTimeTests" runstate="Runnable" seed="1181807754" result="Passed" start-time="2017-01-14 00:39:31Z" end-time="2017-01-14 00:39:31Z" duration="0.000690" asserts="6" />
            <test-case id="1044" name="can_pluralize_months" fullname="DateTimeExtensions.Tests.FRNaturalTimeTests.can_pluralize_months" methodname="can_pluralize_months" classname="DateTimeExtensions.Tests.FRNaturalTimeTests" runstate="Runnable" seed="1721807239" result="Passed" start-time="2017-01-14 00:39:31Z" end-time="2017-01-14 00:39:31Z" duration="0.002766" asserts="6" />
            <test-case id="1043" name="can_pluralize_years" fullname="DateTimeExtensions.Tests.FRNaturalTimeTests.can_pluralize_years" methodname="can_pluralize_years" classname="DateTimeExtensions.Tests.FRNaturalTimeTests" runstate="Runnable" seed="836041889" result="Passed" start-time="2017-01-14 00:39:31Z" end-time="2017-01-14 00:39:31Z" duration="0.000768" asserts="6" />
            <test-case id="1040" name="can_tranlate_to_exact_natural_text" fullname="DateTimeExtensions.Tests.FRNaturalTimeTests.can_tranlate_to_exact_natural_text" methodname="can_tranlate_to_exact_natural_text" classname="DateTimeExtensions.Tests.FRNaturalTimeTests" runstate="Runnable" seed="370933331" result="Passed" start-time="2017-01-14 00:39:31Z" end-time="2017-01-14 00:39:31Z" duration="0.000968" asserts="3" />
            <test-case id="1041" name="can_tranlate_to_exact_natural_text_full" fullname="DateTimeExtensions.Tests.FRNaturalTimeTests.can_tranlate_to_exact_natural_text_full" methodname="can_tranlate_to_exact_natural_text_full" classname="DateTimeExtensions.Tests.FRNaturalTimeTests" runstate="Runnable" seed="839543033" result="Passed" start-time="2017-01-14 00:39:31Z" end-time="2017-01-14 00:39:31Z" duration="0.000615" asserts="3" />
            <test-case id="1038" name="can_tranlate_to_natural_text" fullname="DateTimeExtensions.Tests.FRNaturalTimeTests.can_tranlate_to_natural_text" methodname="can_tranlate_to_natural_text" classname="DateTimeExtensions.Tests.FRNaturalTimeTests" runstate="Runnable" seed="1483884230" result="Passed" start-time="2017-01-14 00:39:31Z" end-time="2017-01-14 00:39:31Z" duration="0.000520" asserts="3" />
            <test-case id="1039" name="can_tranlate_to_natural_text_rounded" fullname="DateTimeExtensions.Tests.FRNaturalTimeTests.can_tranlate_to_natural_text_rounded" methodname="can_tranlate_to_natural_text_rounded" classname="DateTimeExtensions.Tests.FRNaturalTimeTests" runstate="Runnable" seed="1930741945" result="Passed" start-time="2017-01-14 00:39:31Z" end-time="2017-01-14 00:39:31Z" duration="0.001914" asserts="3" />
          </test-suite>
          <test-suite type="TestFixture" id="1046" name="GenericCalendarTests" fullname="DateTimeExtensions.Tests.GenericCalendarTests" classname="DateTimeExtensions.Tests.GenericCalendarTests" runstate="Runnable" testcasecount="8" result="Passed" start-time="2017-01-14 00:39:31Z" end-time="2017-01-14 00:39:31Z" duration="0.040158" total="8" passed="8" failed="0" warnings="0" inconclusive="0" skipped="0" asserts="28">
            <test-case id="1051" name="adding_large_number_of_days" fullname="DateTimeExtensions.Tests.GenericCalendarTests.adding_large_number_of_days" methodname="adding_large_number_of_days" classname="DateTimeExtensions.Tests.GenericCalendarTests" runstate="Runnable" seed="1637217396" result="Passed" start-time="2017-01-14 00:39:31Z" end-time="2017-01-14 00:39:31Z" duration="0.000442" asserts="2" />
            <test-case id="1048" name="adding_working_days_should_not_count_weekends" fullname="DateTimeExtensions.Tests.GenericCalendarTests.adding_working_days_should_not_count_weekends" methodname="adding_working_days_should_not_count_weekends" classname="DateTimeExtensions.Tests.GenericCalendarTests" runstate="Runnable" seed="1410692105" result="Passed" start-time="2017-01-14 00:39:31Z" end-time="2017-01-14 00:39:31Z" duration="0.000794" asserts="5" />
            <test-case id="1050" name="adding_zero_working_days_should_return_same_day" fullname="DateTimeExtensions.Tests.GenericCalendarTests.adding_zero_working_days_should_return_same_day" methodname="adding_zero_working_days_should_return_same_day" classname="DateTimeExtensions.Tests.GenericCalendarTests" runstate="Runnable" seed="789230521" result="Passed" start-time="2017-01-14 00:39:31Z" end-time="2017-01-14 00:39:31Z" duration="0.000666" asserts="3" />
            <test-case id="1047" name="default_working_days" fullname="DateTimeExtensions.Tests.GenericCalendarTests.default_working_days" methodname="default_working_days" classname="DateTimeExtensions.Tests.GenericCalendarTests" runstate="Runnable" seed="1877232731" result="Passed" start-time="2017-01-14 00:39:31Z" end-time="2017-01-14 00:39:31Z" duration="0.000774" asserts="10" />
            <test-case id="1052" name="get_working_days" fullname="DateTimeExtensions.Tests.GenericCalendarTests.get_working_days" methodname="get_working_days" classname="DateTimeExtensions.Tests.GenericCalendarTests" runstate="Runnable" seed="250982003" result="Passed" start-time="2017-01-14 00:39:31Z" end-time="2017-01-14 00:39:31Z" duration="0.007129" asserts="1" />
            <test-case id="1053" name="get_working_days_reverse" fullname="DateTimeExtensions.Tests.GenericCalendarTests.get_working_days_reverse" methodname="get_working_days_reverse" classname="DateTimeExtensions.Tests.GenericCalendarTests" runstate="Runnable" seed="22887497" result="Passed" start-time="2017-01-14 00:39:31Z" end-time="2017-01-14 00:39:31Z" duration="0.000588" asserts="1" />
            <test-case id="1054" name="get_working_days_same_day" fullname="DateTimeExtensions.Tests.GenericCalendarTests.get_working_days_same_day" methodname="get_working_days_same_day" classname="DateTimeExtensions.Tests.GenericCalendarTests" runstate="Runnable" seed="1858008616" result="Passed" start-time="2017-01-14 00:39:31Z" end-time="2017-01-14 00:39:31Z" duration="0.000503" asserts="1" />
            <test-case id="1049" name="subtracting_working_days_should_not_count_weekends" fullname="DateTimeExtensions.Tests.GenericCalendarTests.subtracting_working_days_should_not_count_weekends" methodname="subtracting_working_days_should_not_count_weekends" classname="DateTimeExtensions.Tests.GenericCalendarTests" runstate="Runnable" seed="936244894" result="Passed" start-time="2017-01-14 00:39:31Z" end-time="2017-01-14 00:39:31Z" duration="0.000519" asserts="5" />
          </test-suite>
          <test-suite type="TestFixture" id="1055" name="GenericNaturalTimeTests" fullname="DateTimeExtensions.Tests.GenericNaturalTimeTests" classname="DateTimeExtensions.Tests.GenericNaturalTimeTests" runstate="Runnable" testcasecount="13" result="Passed" start-time="2017-01-14 00:39:31Z" end-time="2017-01-14 00:39:31Z" duration="0.062693" total="13" passed="13" failed="0" warnings="0" inconclusive="0" skipped="0" asserts="66">
            <test-case id="1064" name="are_orderless" fullname="DateTimeExtensions.Tests.GenericNaturalTimeTests.are_orderless" methodname="are_orderless" classname="DateTimeExtensions.Tests.GenericNaturalTimeTests" runstate="Runnable" seed="901212354" result="Passed" start-time="2017-01-14 00:39:31Z" end-time="2017-01-14 00:39:31Z" duration="0.001141" asserts="5" />
            <test-case id="1067" name="can_pluralize" fullname="DateTimeExtensions.Tests.GenericNaturalTimeTests.can_pluralize" methodname="can_pluralize" classname="DateTimeExtensions.Tests.GenericNaturalTimeTests" runstate="Runnable" seed="1213651310" result="Passed" start-time="2017-01-14 00:39:31Z" end-time="2017-01-14 00:39:31Z" duration="0.000951" asserts="6" />
            <test-case id="1066" name="can_pluralize_months" fullname="DateTimeExtensions.Tests.GenericNaturalTimeTests.can_pluralize_months" methodname="can_pluralize_months" classname="DateTimeExtensions.Tests.GenericNaturalTimeTests" runstate="Runnable" seed="742382893" result="Passed" start-time="2017-01-14 00:39:31Z" end-time="2017-01-14 00:39:31Z" duration="0.001259" asserts="6" />
            <test-case id="1065" name="can_pluralize_years" fullname="DateTimeExtensions.Tests.GenericNaturalTimeTests.can_pluralize_years" methodname="can_pluralize_years" classname="DateTimeExtensions.Tests.GenericNaturalTimeTests" runstate="Runnable" seed="1175788729" result="Passed" start-time="2017-01-14 00:39:31Z" end-time="2017-01-14 00:39:31Z" duration="0.000550" asserts="6" />
            <test-case id="1068" name="can_round" fullname="DateTimeExtensions.Tests.GenericNaturalTimeTests.can_round" methodname="can_round" classname="DateTimeExtensions.Tests.GenericNaturalTimeTests" runstate="Runnable" seed="1650284187" result="Passed" start-time="2017-01-14 00:39:31Z" end-time="2017-01-14 00:39:31Z" duration="0.002861" asserts="19" />
            <test-case id="1058" name="can_tranlate_to_exact_natural_text" fullname="DateTimeExtensions.Tests.GenericNaturalTimeTests.can_tranlate_to_exact_natural_text" methodname="can_tranlate_to_exact_natural_text" classname="DateTimeExtensions.Tests.GenericNaturalTimeTests" runstate="Runnable" seed="368350350" result="Passed" start-time="2017-01-14 00:39:31Z" end-time="2017-01-14 00:39:31Z" duration="0.000479" asserts="3" />
            <test-case id="1059" name="can_tranlate_to_exact_natural_text_full" fullname="DateTimeExtensions.Tests.GenericNaturalTimeTests.can_tranlate_to_exact_natural_text_full" methodname="can_tranlate_to_exact_natural_text_full" classname="DateTimeExtensions.Tests.GenericNaturalTimeTests" runstate="Runnable" seed="517008279" result="Passed" start-time="2017-01-14 00:39:31Z" end-time="2017-01-14 00:39:31Z" duration="0.000623" asserts="3" />
            <test-case id="1063" name="can_tranlate_to_exact_natural_text_full_on_april" fullname="DateTimeExtensions.Tests.GenericNaturalTimeTests.can_tranlate_to_exact_natural_text_full_on_april" methodname="can_tranlate_to_exact_natural_text_full_on_april" classname="DateTimeExtensions.Tests.GenericNaturalTimeTests" runstate="Runnable" seed="1560124999" result="Passed" start-time="2017-01-14 00:39:31Z" end-time="2017-01-14 00:39:31Z" duration="0.000980" asserts="3" />
            <test-case id="1060" name="can_tranlate_to_exact_natural_text_full_on_february_with_leap" fullname="DateTimeExtensions.Tests.GenericNaturalTimeTests.can_tranlate_to_exact_natural_text_full_on_february_with_leap" methodname="can_tranlate_to_exact_natural_text_full_on_february_with_leap" classname="DateTimeExtensions.Tests.GenericNaturalTimeTests" runstate="Runnable" seed="127337274" result="Passed" start-time="2017-01-14 00:39:31Z" end-time="2017-01-14 00:39:31Z" duration="0.000560" asserts="3" />
            <test-case id="1061" name="can_tranlate_to_exact_natural_text_full_on_february_without_leap" fullname="DateTimeExtensions.Tests.GenericNaturalTimeTests.can_tranlate_to_exact_natural_text_full_on_february_without_leap" methodname="can_tranlate_to_exact_natural_text_full_on_february_without_leap" classname="DateTimeExtensions.Tests.GenericNaturalTimeTests" runstate="Runnable" seed="158760243" result="Passed" start-time="2017-01-14 00:39:31Z" end-time="2017-01-14 00:39:31Z" duration="0.000855" asserts="3" />
            <test-case id="1062" name="can_tranlate_to_exact_natural_text_full_on_march" fullname="DateTimeExtensions.Tests.GenericNaturalTimeTests.can_tranlate_to_exact_natural_text_full_on_march" methodname="can_tranlate_to_exact_natural_text_full_on_march" classname="DateTimeExtensions.Tests.GenericNaturalTimeTests" runstate="Runnable" seed="340257185" result="Passed" start-time="2017-01-14 00:39:31Z" end-time="2017-01-14 00:39:31Z" duration="0.000928" asserts="3" />
            <test-case id="1056" name="can_tranlate_to_natural_text" fullname="DateTimeExtensions.Tests.GenericNaturalTimeTests.can_tranlate_to_natural_text" methodname="can_tranlate_to_natural_text" classname="DateTimeExtensions.Tests.GenericNaturalTimeTests" runstate="Runnable" seed="220089208" result="Passed" start-time="2017-01-14 00:39:31Z" end-time="2017-01-14 00:39:31Z" duration="0.000479" asserts="3" />
            <test-case id="1057" name="can_tranlate_to_natural_text_rounded" fullname="DateTimeExtensions.Tests.GenericNaturalTimeTests.can_tranlate_to_natural_text_rounded" methodname="can_tranlate_to_natural_text_rounded" classname="DateTimeExtensions.Tests.GenericNaturalTimeTests" runstate="Runnable" seed="587130216" result="Passed" start-time="2017-01-14 00:39:31Z" end-time="2017-01-14 00:39:31Z" duration="0.000473" asserts="3" />
          </test-suite>
          <test-suite type="TestFixture" id="1069" name="GenericWorkingDayCultureInfoTests" fullname="DateTimeExtensions.Tests.GenericWorkingDayCultureInfoTests" classname="DateTimeExtensions.Tests.GenericWorkingDayCultureInfoTests" runstate="Runnable" testcasecount="4" result="Passed" start-time="2017-01-14 00:39:31Z" end-time="2017-01-14 00:39:31Z" duration="0.345338" total="4" passed="4" failed="0" warnings="0" inconclusive="0" skipped="0" asserts="8">
            <test-case id="1070" name="can_locate_default_strategies" fullname="DateTimeExtensions.Tests.GenericWorkingDayCultureInfoTests.can_locate_default_strategies" methodname="can_locate_default_strategies" classname="DateTimeExtensions.Tests.GenericWorkingDayCultureInfoTests" runstate="Runnable" seed="865043673" result="Passed" start-time="2017-01-14 00:39:31Z" end-time="2017-01-14 00:39:31Z" duration="0.002678" asserts="3" />
            <test-case id="1072" name="can_provide_custom_locator_dayOfWeek_strategy" fullname="DateTimeExtensions.Tests.GenericWorkingDayCultureInfoTests.can_provide_custom_locator_dayOfWeek_strategy" methodname="can_provide_custom_locator_dayOfWeek_strategy" classname="DateTimeExtensions.Tests.GenericWorkingDayCultureInfoTests" runstate="Runnable" seed="1845640607" result="Passed" start-time="2017-01-14 00:39:31Z" end-time="2017-01-14 00:39:31Z" duration="0.305904" asserts="2" />
            <test-case id="1071" name="can_provide_custom_locator_holiday_dayOfWeek_strategy" fullname="DateTimeExtensions.Tests.GenericWorkingDayCultureInfoTests.can_provide_custom_locator_holiday_dayOfWeek_strategy" methodname="can_provide_custom_locator_holiday_dayOfWeek_strategy" classname="DateTimeExtensions.Tests.GenericWorkingDayCultureInfoTests" runstate="Runnable" seed="221836054" result="Passed" start-time="2017-01-14 00:39:31Z" end-time="2017-01-14 00:39:31Z" duration="0.020435" asserts="2" />
            <test-case id="1073" name="picks_a_holiday_when_two_holidays_occur_on_the_same_date" fullname="DateTimeExtensions.Tests.GenericWorkingDayCultureInfoTests.picks_a_holiday_when_two_holidays_occur_on_the_same_date" methodname="picks_a_holiday_when_two_holidays_occur_on_the_same_date" classname="DateTimeExtensions.Tests.GenericWorkingDayCultureInfoTests" runstate="Runnable" seed="1158109401" result="Passed" start-time="2017-01-14 00:39:31Z" end-time="2017-01-14 00:39:31Z" duration="0.003304" asserts="1" />
          </test-suite>
          <test-suite type="TestFixture" id="1074" name="HolidaysTest" fullname="DateTimeExtensions.Tests.HolidaysTest" classname="DateTimeExtensions.Tests.HolidaysTest" runstate="Runnable" testcasecount="3" result="Passed" start-time="2017-01-14 00:39:31Z" end-time="2017-01-14 00:39:31Z" duration="0.014051" total="3" passed="3" failed="0" warnings="0" inconclusive="0" skipped="0" asserts="9">
            <test-case id="1076" name="easter" fullname="DateTimeExtensions.Tests.HolidaysTest.easter" methodname="easter" classname="DateTimeExtensions.Tests.HolidaysTest" runstate="Runnable" seed="1116713540" result="Passed" start-time="2017-01-14 00:39:31Z" end-time="2017-01-14 00:39:31Z" duration="0.001002" asserts="3" />
            <test-case id="1077" name="fixedHolidays" fullname="DateTimeExtensions.Tests.HolidaysTest.fixedHolidays" methodname="fixedHolidays" classname="DateTimeExtensions.Tests.HolidaysTest" runstate="Runnable" seed="68397840" result="Passed" start-time="2017-01-14 00:39:31Z" end-time="2017-01-14 00:39:31Z" duration="0.001410" asserts="2" />
            <test-case id="1075" name="nth_day_of_the_week" fullname="DateTimeExtensions.Tests.HolidaysTest.nth_day_of_the_week" methodname="nth_day_of_the_week" classname="DateTimeExtensions.Tests.HolidaysTest" runstate="Runnable" seed="599811677" result="Passed" start-time="2017-01-14 00:39:31Z" end-time="2017-01-14 00:39:31Z" duration="0.000919" asserts="4" />
          </test-suite>
          <test-suite type="TestSuite" id="1212" name="HolidaysTranslations" fullname="DateTimeExtensions.Tests.HolidaysTranslations" runstate="Runnable" testcasecount="2" result="Passed" start-time="2017-01-14 00:39:30Z" end-time="2017-01-14 00:39:31Z" duration="0.963094" total="2" passed="2" failed="0" warnings="0" inconclusive="0" skipped="0" asserts="22">
            <test-suite type="TestFixture" id="1205" name="GermanHolidayNamesTest" fullname="DateTimeExtensions.Tests.HolidaysTranslations.GermanHolidayNamesTest" classname="DateTimeExtensions.Tests.HolidaysTranslations.GermanHolidayNamesTest" runstate="Runnable" testcasecount="1" result="Passed" start-time="2017-01-14 00:39:31Z" end-time="2017-01-14 00:39:31Z" duration="0.008985" total="1" passed="1" failed="0" warnings="0" inconclusive="0" skipped="0" asserts="17">
              <test-case id="1206" name="AssertGermanHolidaysAreTranslated" fullname="DateTimeExtensions.Tests.HolidaysTranslations.GermanHolidayNamesTest.AssertGermanHolidaysAreTranslated" methodname="AssertGermanHolidaysAreTranslated" classname="DateTimeExtensions.Tests.HolidaysTranslations.GermanHolidayNamesTest" runstate="Runnable" seed="1053580174" result="Passed" start-time="2017-01-14 00:39:31Z" end-time="2017-01-14 00:39:31Z" duration="0.004026" asserts="17" />
            </test-suite>
            <test-suite type="TestFixture" id="1207" name="ViHolidaysNamesTest" fullname="DateTimeExtensions.Tests.HolidaysTranslations.ViHolidaysNamesTest" classname="DateTimeExtensions.Tests.HolidaysTranslations.ViHolidaysNamesTest" runstate="Runnable" testcasecount="1" result="Passed" start-time="2017-01-14 00:39:31Z" end-time="2017-01-14 00:39:31Z" duration="0.007001" total="1" passed="1" failed="0" warnings="0" inconclusive="0" skipped="0" asserts="5">
              <test-case id="1208" name="AssertVietNamHolidaysAreTranslated" fullname="DateTimeExtensions.Tests.HolidaysTranslations.ViHolidaysNamesTest.AssertVietNamHolidaysAreTranslated" methodname="AssertVietNamHolidaysAreTranslated" classname="DateTimeExtensions.Tests.HolidaysTranslations.ViHolidaysNamesTest" runstate="Runnable" seed="516638128" result="Passed" start-time="2017-01-14 00:39:31Z" end-time="2017-01-14 00:39:31Z" duration="0.003469" asserts="5" />
            </test-suite>
          </test-suite>
          <test-suite type="TestFixture" id="1078" name="JewishHolidaysTests" fullname="DateTimeExtensions.Tests.JewishHolidaysTests" classname="DateTimeExtensions.Tests.JewishHolidaysTests" runstate="Runnable" testcasecount="10" result="Passed" start-time="2017-01-14 00:39:31Z" end-time="2017-01-14 00:39:31Z" duration="0.043667" total="10" passed="10" failed="0" warnings="0" inconclusive="0" skipped="0" asserts="30">
            <test-case id="1085" name="can_identify_Pesach" fullname="DateTimeExtensions.Tests.JewishHolidaysTests.can_identify_Pesach" methodname="can_identify_Pesach" classname="DateTimeExtensions.Tests.JewishHolidaysTests" runstate="Runnable" seed="1348114580" result="Passed" start-time="2017-01-14 00:39:31Z" end-time="2017-01-14 00:39:31Z" duration="0.001974" asserts="3" />
            <test-case id="1079" name="can_identify_RoshHashanah" fullname="DateTimeExtensions.Tests.JewishHolidaysTests.can_identify_RoshHashanah" methodname="can_identify_RoshHashanah" classname="DateTimeExtensions.Tests.JewishHolidaysTests" runstate="Runnable" seed="130097420" result="Passed" start-time="2017-01-14 00:39:31Z" end-time="2017-01-14 00:39:31Z" duration="0.001249" asserts="3" />
            <test-case id="1080" name="can_identify_RoshHashanahSecondDay" fullname="DateTimeExtensions.Tests.JewishHolidaysTests.can_identify_RoshHashanahSecondDay" methodname="can_identify_RoshHashanahSecondDay" classname="DateTimeExtensions.Tests.JewishHolidaysTests" runstate="Runnable" seed="1595764227" result="Passed" start-time="2017-01-14 00:39:31Z" end-time="2017-01-14 00:39:31Z" duration="0.000591" asserts="3" />
            <test-case id="1087" name="can_identify_Shavuot" fullname="DateTimeExtensions.Tests.JewishHolidaysTests.can_identify_Shavuot" methodname="can_identify_Shavuot" classname="DateTimeExtensions.Tests.JewishHolidaysTests" runstate="Runnable" seed="233109351" result="Passed" start-time="2017-01-14 00:39:31Z" end-time="2017-01-14 00:39:31Z" duration="0.000610" asserts="3" />
            <test-case id="1083" name="can_identify_ShminiAtzeret" fullname="DateTimeExtensions.Tests.JewishHolidaysTests.can_identify_ShminiAtzeret" methodname="can_identify_ShminiAtzeret" classname="DateTimeExtensions.Tests.JewishHolidaysTests" runstate="Runnable" seed="1615137455" result="Passed" start-time="2017-01-14 00:39:31Z" end-time="2017-01-14 00:39:31Z" duration="0.001180" asserts="3" />
            <test-case id="1084" name="can_identify_ShminiTorah" fullname="DateTimeExtensions.Tests.JewishHolidaysTests.can_identify_ShminiTorah" methodname="can_identify_ShminiTorah" classname="DateTimeExtensions.Tests.JewishHolidaysTests" runstate="Runnable" seed="164477561" result="Passed" start-time="2017-01-14 00:39:31Z" end-time="2017-01-14 00:39:31Z" duration="0.000659" asserts="3" />
            <test-case id="1086" name="can_identify_ShviiShelPesach" fullname="DateTimeExtensions.Tests.JewishHolidaysTests.can_identify_ShviiShelPesach" methodname="can_identify_ShviiShelPesach" classname="DateTimeExtensions.Tests.JewishHolidaysTests" runstate="Runnable" seed="1140633211" result="Passed" start-time="2017-01-14 00:39:31Z" end-time="2017-01-14 00:39:31Z" duration="0.000766" asserts="3" />
            <test-case id="1082" name="can_identify_Sukkot" fullname="DateTimeExtensions.Tests.JewishHolidaysTests.can_identify_Sukkot" methodname="can_identify_Sukkot" classname="DateTimeExtensions.Tests.JewishHolidaysTests" runstate="Runnable" seed="456337832" result="Passed" start-time="2017-01-14 00:39:31Z" end-time="2017-01-14 00:39:31Z" duration="0.000559" asserts="3" />
            <test-case id="1088" name="can_identify_TuBishvat" fullname="DateTimeExtensions.Tests.JewishHolidaysTests.can_identify_TuBishvat" methodname="can_identify_TuBishvat" classname="DateTimeExtensions.Tests.JewishHolidaysTests" runstate="Runnable" seed="664258082" result="Passed" start-time="2017-01-14 00:39:31Z" end-time="2017-01-14 00:39:31Z" duration="0.000591" asserts="3" />
            <test-case id="1081" name="can_identify_YomKippur" fullname="DateTimeExtensions.Tests.JewishHolidaysTests.can_identify_YomKippur" methodname="can_identify_YomKippur" classname="DateTimeExtensions.Tests.JewishHolidaysTests" runstate="Runnable" seed="366064574" result="Passed" start-time="2017-01-14 00:39:31Z" end-time="2017-01-14 00:39:31Z" duration="0.000776" asserts="3" />
          </test-suite>
          <test-suite type="TestFixture" id="1198" name="KRHolidaysNamesTest" fullname="DateTimeExtensions.Tests.KRHolidaysNamesTest" classname="DateTimeExtensions.Tests.KRHolidaysNamesTest" runstate="Runnable" testcasecount="1" result="Passed" start-time="2017-01-14 00:39:31Z" end-time="2017-01-14 00:39:31Z" duration="0.008027" total="1" passed="1" failed="0" warnings="0" inconclusive="0" skipped="0" asserts="14">
            <test-case id="1199" name="AssertKoreanHolidaysAreTranslated" fullname="DateTimeExtensions.Tests.KRHolidaysNamesTest.AssertKoreanHolidaysAreTranslated" methodname="AssertKoreanHolidaysAreTranslated" classname="DateTimeExtensions.Tests.KRHolidaysNamesTest" runstate="Runnable" seed="1868342788" result="Passed" start-time="2017-01-14 00:39:31Z" end-time="2017-01-14 00:39:31Z" duration="0.004268" asserts="14" />
          </test-suite>
          <test-suite type="TestFixture" id="1089" name="KRHolidaysTests" fullname="DateTimeExtensions.Tests.KRHolidaysTests" classname="DateTimeExtensions.Tests.KRHolidaysTests" runstate="Runnable" testcasecount="5" result="Passed" start-time="2017-01-14 00:39:31Z" end-time="2017-01-14 00:39:32Z" duration="0.025007" total="5" passed="5" failed="0" warnings="0" inconclusive="0" skipped="0" asserts="19">
            <test-case id="1090" name="can_get_strateryies" fullname="DateTimeExtensions.Tests.KRHolidaysTests.can_get_strateryies" methodname="can_get_strateryies" classname="DateTimeExtensions.Tests.KRHolidaysTests" runstate="Runnable" seed="1910002248" result="Passed" start-time="2017-01-14 00:39:31Z" end-time="2017-01-14 00:39:31Z" duration="0.001550" asserts="2" />
            <test-case id="1094" name="can_identify_Chuseok" fullname="DateTimeExtensions.Tests.KRHolidaysTests.can_identify_Chuseok" methodname="can_identify_Chuseok" classname="DateTimeExtensions.Tests.KRHolidaysTests" runstate="Runnable" seed="1017174193" result="Passed" start-time="2017-01-14 00:39:31Z" end-time="2017-01-14 00:39:31Z" duration="0.001810" asserts="3" />
            <test-case id="1093" name="can_identify_SeokgaTansilil" fullname="DateTimeExtensions.Tests.KRHolidaysTests.can_identify_SeokgaTansilil" methodname="can_identify_SeokgaTansilil" classname="DateTimeExtensions.Tests.KRHolidaysTests" runstate="Runnable" seed="1989374530" result="Passed" start-time="2017-01-14 00:39:31Z" end-time="2017-01-14 00:39:31Z" duration="0.000721" asserts="3" />
            <test-case id="1092" name="can_identify_Seolnal" fullname="DateTimeExtensions.Tests.KRHolidaysTests.can_identify_Seolnal" methodname="can_identify_Seolnal" classname="DateTimeExtensions.Tests.KRHolidaysTests" runstate="Runnable" seed="213760505" result="Passed" start-time="2017-01-14 00:39:31Z" end-time="2017-01-14 00:39:31Z" duration="0.000509" asserts="3" />
            <test-case id="1091" name="holiday_days_span" fullname="DateTimeExtensions.Tests.KRHolidaysTests.holiday_days_span" methodname="holiday_days_span" classname="DateTimeExtensions.Tests.KRHolidaysTests" runstate="Runnable" seed="511000259" result="Passed" start-time="2017-01-14 00:39:32Z" end-time="2017-01-14 00:39:32Z" duration="0.003898" asserts="8" />
          </test-suite>
          <test-suite type="TestFixture" id="1095" name="KRNaturalTimeTests" fullname="DateTimeExtensions.Tests.KRNaturalTimeTests" classname="DateTimeExtensions.Tests.KRNaturalTimeTests" runstate="Runnable" testcasecount="5" result="Passed" start-time="2017-01-14 00:39:32Z" end-time="2017-01-14 00:39:32Z" duration="0.023050" total="5" passed="5" failed="0" warnings="0" inconclusive="0" skipped="0" asserts="17">
            <test-case id="1100" name="are_orderless" fullname="DateTimeExtensions.Tests.KRNaturalTimeTests.are_orderless" methodname="are_orderless" classname="DateTimeExtensions.Tests.KRNaturalTimeTests" runstate="Runnable" seed="1175844858" result="Passed" start-time="2017-01-14 00:39:32Z" end-time="2017-01-14 00:39:32Z" duration="0.001197" asserts="5" />
            <test-case id="1098" name="can_tranlate_to_exact_natural_text" fullname="DateTimeExtensions.Tests.KRNaturalTimeTests.can_tranlate_to_exact_natural_text" methodname="can_tranlate_to_exact_natural_text" classname="DateTimeExtensions.Tests.KRNaturalTimeTests" runstate="Runnable" seed="1101519432" result="Passed" start-time="2017-01-14 00:39:32Z" end-time="2017-01-14 00:39:32Z" duration="0.000621" asserts="3" />
            <test-case id="1099" name="can_tranlate_to_exact_natural_text_full" fullname="DateTimeExtensions.Tests.KRNaturalTimeTests.can_tranlate_to_exact_natural_text_full" methodname="can_tranlate_to_exact_natural_text_full" classname="DateTimeExtensions.Tests.KRNaturalTimeTests" runstate="Runnable" seed="1530165024" result="Passed" start-time="2017-01-14 00:39:32Z" end-time="2017-01-14 00:39:32Z" duration="0.000501" asserts="3" />
            <test-case id="1096" name="can_tranlate_to_natural_text" fullname="DateTimeExtensions.Tests.KRNaturalTimeTests.can_tranlate_to_natural_text" methodname="can_tranlate_to_natural_text" classname="DateTimeExtensions.Tests.KRNaturalTimeTests" runstate="Runnable" seed="966474158" result="Passed" start-time="2017-01-14 00:39:32Z" end-time="2017-01-14 00:39:32Z" duration="0.000611" asserts="3" />
            <test-case id="1097" name="can_tranlate_to_natural_text_rounded" fullname="DateTimeExtensions.Tests.KRNaturalTimeTests.can_tranlate_to_natural_text_rounded" methodname="can_tranlate_to_natural_text_rounded" classname="DateTimeExtensions.Tests.KRNaturalTimeTests" runstate="Runnable" seed="522108217" result="Passed" start-time="2017-01-14 00:39:32Z" end-time="2017-01-14 00:39:32Z" duration="0.001307" asserts="3" />
          </test-suite>
          <test-suite type="TestFixture" id="1108" name="NL_BENaturalTimeTests" fullname="DateTimeExtensions.Tests.NL_BENaturalTimeTests" classname="DateTimeExtensions.Tests.NL_BENaturalTimeTests" runstate="Runnable" testcasecount="8" result="Passed" start-time="2017-01-14 00:39:32Z" end-time="2017-01-14 00:39:32Z" duration="0.034184" total="8" passed="8" failed="0" warnings="0" inconclusive="0" skipped="0" asserts="35">
            <test-case id="1113" name="are_orderless" fullname="DateTimeExtensions.Tests.NL_BENaturalTimeTests.are_orderless" methodname="are_orderless" classname="DateTimeExtensions.Tests.NLNaturalTimeTests" runstate="Runnable" seed="381432255" result="Passed" start-time="2017-01-14 00:39:32Z" end-time="2017-01-14 00:39:32Z" duration="0.002579" asserts="5" />
            <test-case id="1116" name="can_pluralize" fullname="DateTimeExtensions.Tests.NL_BENaturalTimeTests.can_pluralize" methodname="can_pluralize" classname="DateTimeExtensions.Tests.NLNaturalTimeTests" runstate="Runnable" seed="1263092393" result="Passed" start-time="2017-01-14 00:39:32Z" end-time="2017-01-14 00:39:32Z" duration="0.001258" asserts="6" />
            <test-case id="1115" name="can_pluralize_months" fullname="DateTimeExtensions.Tests.NL_BENaturalTimeTests.can_pluralize_months" methodname="can_pluralize_months" classname="DateTimeExtensions.Tests.NLNaturalTimeTests" runstate="Runnable" seed="819388235" result="Passed" start-time="2017-01-14 00:39:32Z" end-time="2017-01-14 00:39:32Z" duration="0.000645" asserts="6" />
            <test-case id="1114" name="can_pluralize_years" fullname="DateTimeExtensions.Tests.NL_BENaturalTimeTests.can_pluralize_years" methodname="can_pluralize_years" classname="DateTimeExtensions.Tests.NLNaturalTimeTests" runstate="Runnable" seed="1547933450" result="Passed" start-time="2017-01-14 00:39:32Z" end-time="2017-01-14 00:39:32Z" duration="0.000739" asserts="6" />
            <test-case id="1111" name="can_tranlate_to_exact_natural_text" fullname="DateTimeExtensions.Tests.NL_BENaturalTimeTests.can_tranlate_to_exact_natural_text" methodname="can_tranlate_to_exact_natural_text" classname="DateTimeExtensions.Tests.NLNaturalTimeTests" runstate="Runnable" seed="734529497" result="Passed" start-time="2017-01-14 00:39:32Z" end-time="2017-01-14 00:39:32Z" duration="0.000934" asserts="3" />
            <test-case id="1112" name="can_tranlate_to_exact_natural_text_full" fullname="DateTimeExtensions.Tests.NL_BENaturalTimeTests.can_tranlate_to_exact_natural_text_full" methodname="can_tranlate_to_exact_natural_text_full" classname="DateTimeExtensions.Tests.NLNaturalTimeTests" runstate="Runnable" seed="496994333" result="Passed" start-time="2017-01-14 00:39:32Z" end-time="2017-01-14 00:39:32Z" duration="0.000594" asserts="3" />
            <test-case id="1109" name="can_tranlate_to_natural_text" fullname="DateTimeExtensions.Tests.NL_BENaturalTimeTests.can_tranlate_to_natural_text" methodname="can_tranlate_to_natural_text" classname="DateTimeExtensions.Tests.NLNaturalTimeTests" runstate="Runnable" seed="2018805052" result="Passed" start-time="2017-01-14 00:39:32Z" end-time="2017-01-14 00:39:32Z" duration="0.000622" asserts="3" />
            <test-case id="1110" name="can_tranlate_to_natural_text_rounded" fullname="DateTimeExtensions.Tests.NL_BENaturalTimeTests.can_tranlate_to_natural_text_rounded" methodname="can_tranlate_to_natural_text_rounded" classname="DateTimeExtensions.Tests.NLNaturalTimeTests" runstate="Runnable" seed="1400924881" result="Passed" start-time="2017-01-14 00:39:32Z" end-time="2017-01-14 00:39:32Z" duration="0.000570" asserts="3" />
          </test-suite>
          <test-suite type="TestFixture" id="1101" name="NLHolidaysTests" fullname="DateTimeExtensions.Tests.NLHolidaysTests" classname="DateTimeExtensions.Tests.NLHolidaysTests" runstate="Runnable" testcasecount="6" result="Passed" start-time="2017-01-14 00:39:32Z" end-time="2017-01-14 00:39:32Z" duration="0.026142" total="6" passed="6" failed="0" warnings="0" inconclusive="0" skipped="0" asserts="6">
            <test-case id="1104" name="Kingsday_is_a_national_holiday_in_1949" fullname="DateTimeExtensions.Tests.NLHolidaysTests.Kingsday_is_a_national_holiday_in_1949" methodname="Kingsday_is_a_national_holiday_in_1949" classname="DateTimeExtensions.Tests.NLHolidaysTests" runstate="Runnable" seed="1206679435" result="Passed" start-time="2017-01-14 00:39:32Z" end-time="2017-01-14 00:39:32Z" duration="0.001138" asserts="1" />
            <test-case id="1105" name="Kingsday_is_a_national_holiday_in_2014" fullname="DateTimeExtensions.Tests.NLHolidaysTests.Kingsday_is_a_national_holiday_in_2014" methodname="Kingsday_is_a_national_holiday_in_2014" classname="DateTimeExtensions.Tests.NLHolidaysTests" runstate="Runnable" seed="1394914530" result="Passed" start-time="2017-01-14 00:39:32Z" end-time="2017-01-14 00:39:32Z" duration="0.000313" asserts="1" />
            <test-case id="1103" name="Kingsday_is_a_national_holiday_since_1885" fullname="DateTimeExtensions.Tests.NLHolidaysTests.Kingsday_is_a_national_holiday_since_1885" methodname="Kingsday_is_a_national_holiday_since_1885" classname="DateTimeExtensions.Tests.NLHolidaysTests" runstate="Runnable" seed="1950814014" result="Passed" start-time="2017-01-14 00:39:32Z" end-time="2017-01-14 00:39:32Z" duration="0.000286" asserts="1" />
            <test-case id="1106" name="Liberation_Day_is_a_national_holiday_in_2005" fullname="DateTimeExtensions.Tests.NLHolidaysTests.Liberation_Day_is_a_national_holiday_in_2005" methodname="Liberation_Day_is_a_national_holiday_in_2005" classname="DateTimeExtensions.Tests.NLHolidaysTests" runstate="Runnable" seed="1818671106" result="Passed" start-time="2017-01-14 00:39:32Z" end-time="2017-01-14 00:39:32Z" duration="0.000937" asserts="1" />
            <test-case id="1107" name="Liberation_Day_is_a_regular_day_in_2006" fullname="DateTimeExtensions.Tests.NLHolidaysTests.Liberation_Day_is_a_regular_day_in_2006" methodname="Liberation_Day_is_a_regular_day_in_2006" classname="DateTimeExtensions.Tests.NLHolidaysTests" runstate="Runnable" seed="1078433309" result="Passed" start-time="2017-01-14 00:39:32Z" end-time="2017-01-14 00:39:32Z" duration="0.000416" asserts="1" />
            <test-case id="1102" name="The_Netherlands_has_11_main_holidays" fullname="DateTimeExtensions.Tests.NLHolidaysTests.The_Netherlands_has_11_main_holidays" methodname="The_Netherlands_has_11_main_holidays" classname="DateTimeExtensions.Tests.NLHolidaysTests" runstate="Runnable" seed="338984605" result="Passed" start-time="2017-01-14 00:39:32Z" end-time="2017-01-14 00:39:32Z" duration="0.001477" asserts="1" />
          </test-suite>
          <test-suite type="TestFixture" id="1117" name="NLNaturalTimeTests" fullname="DateTimeExtensions.Tests.NLNaturalTimeTests" classname="DateTimeExtensions.Tests.NLNaturalTimeTests" runstate="Runnable" testcasecount="8" result="Passed" start-time="2017-01-14 00:39:32Z" end-time="2017-01-14 00:39:32Z" duration="0.033070" total="8" passed="8" failed="0" warnings="0" inconclusive="0" skipped="0" asserts="35">
            <test-case id="1122" name="are_orderless" fullname="DateTimeExtensions.Tests.NLNaturalTimeTests.are_orderless" methodname="are_orderless" classname="DateTimeExtensions.Tests.NLNaturalTimeTests" runstate="Runnable" seed="1806489156" result="Passed" start-time="2017-01-14 00:39:32Z" end-time="2017-01-14 00:39:32Z" duration="0.000153" asserts="5" />
            <test-case id="1125" name="can_pluralize" fullname="DateTimeExtensions.Tests.NLNaturalTimeTests.can_pluralize" methodname="can_pluralize" classname="DateTimeExtensions.Tests.NLNaturalTimeTests" runstate="Runnable" seed="832511756" result="Passed" start-time="2017-01-14 00:39:32Z" end-time="2017-01-14 00:39:32Z" duration="0.000157" asserts="6" />
            <test-case id="1124" name="can_pluralize_months" fullname="DateTimeExtensions.Tests.NLNaturalTimeTests.can_pluralize_months" methodname="can_pluralize_months" classname="DateTimeExtensions.Tests.NLNaturalTimeTests" runstate="Runnable" seed="1451324512" result="Passed" start-time="2017-01-14 00:39:32Z" end-time="2017-01-14 00:39:32Z" duration="0.000148" asserts="6" />
            <test-case id="1123" name="can_pluralize_years" fullname="DateTimeExtensions.Tests.NLNaturalTimeTests.can_pluralize_years" methodname="can_pluralize_years" classname="DateTimeExtensions.Tests.NLNaturalTimeTests" runstate="Runnable" seed="758561324" result="Passed" start-time="2017-01-14 00:39:32Z" end-time="2017-01-14 00:39:32Z" duration="0.000136" asserts="6" />
            <test-case id="1120" name="can_tranlate_to_exact_natural_text" fullname="DateTimeExtensions.Tests.NLNaturalTimeTests.can_tranlate_to_exact_natural_text" methodname="can_tranlate_to_exact_natural_text" classname="DateTimeExtensions.Tests.NLNaturalTimeTests" runstate="Runnable" seed="1860444123" result="Passed" start-time="2017-01-14 00:39:32Z" end-time="2017-01-14 00:39:32Z" duration="0.000257" asserts="3" />
            <test-case id="1121" name="can_tranlate_to_exact_natural_text_full" fullname="DateTimeExtensions.Tests.NLNaturalTimeTests.can_tranlate_to_exact_natural_text_full" methodname="can_tranlate_to_exact_natural_text_full" classname="DateTimeExtensions.Tests.NLNaturalTimeTests" runstate="Runnable" seed="509942952" result="Passed" start-time="2017-01-14 00:39:32Z" end-time="2017-01-14 00:39:32Z" duration="0.000314" asserts="3" />
            <test-case id="1118" name="can_tranlate_to_natural_text" fullname="DateTimeExtensions.Tests.NLNaturalTimeTests.can_tranlate_to_natural_text" methodname="can_tranlate_to_natural_text" classname="DateTimeExtensions.Tests.NLNaturalTimeTests" runstate="Runnable" seed="464483229" result="Passed" start-time="2017-01-14 00:39:32Z" end-time="2017-01-14 00:39:32Z" duration="0.000098" asserts="3" />
            <test-case id="1119" name="can_tranlate_to_natural_text_rounded" fullname="DateTimeExtensions.Tests.NLNaturalTimeTests.can_tranlate_to_natural_text_rounded" methodname="can_tranlate_to_natural_text_rounded" classname="DateTimeExtensions.Tests.NLNaturalTimeTests" runstate="Runnable" seed="1030544498" result="Passed" start-time="2017-01-14 00:39:32Z" end-time="2017-01-14 00:39:32Z" duration="0.000073" asserts="3" />
          </test-suite>
          <test-suite type="TestFixture" id="1126" name="OfficeHolidayExportHolidaysFormatTests" fullname="DateTimeExtensions.Tests.OfficeHolidayExportHolidaysFormatTests" classname="DateTimeExtensions.Tests.OfficeHolidayExportHolidaysFormatTests" runstate="Runnable" testcasecount="2" result="Passed" start-time="2017-01-14 00:39:32Z" end-time="2017-01-14 00:39:32Z" duration="0.013073" total="2" passed="2" failed="0" warnings="0" inconclusive="0" skipped="0" asserts="2">
            <test-case id="1127" name="can_export_office_format" fullname="DateTimeExtensions.Tests.OfficeHolidayExportHolidaysFormatTests.can_export_office_format" methodname="can_export_office_format" classname="DateTimeExtensions.Tests.OfficeHolidayExportHolidaysFormatTests" runstate="Runnable" seed="1223552325" result="Passed" start-time="2017-01-14 00:39:32Z" end-time="2017-01-14 00:39:32Z" duration="0.003007" asserts="1" />
            <test-case id="1128" name="can_save_to_file" fullname="DateTimeExtensions.Tests.OfficeHolidayExportHolidaysFormatTests.can_save_to_file" methodname="can_save_to_file" classname="DateTimeExtensions.Tests.OfficeHolidayExportHolidaysFormatTests" runstate="Runnable" seed="501494765" result="Passed" start-time="2017-01-14 00:39:32Z" end-time="2017-01-14 00:39:32Z" duration="0.003421" asserts="1" />
          </test-suite>
          <test-suite type="TestFixture" id="1200" name="PortugueseHolidaysNamesTest" fullname="DateTimeExtensions.Tests.PortugueseHolidaysNamesTest" classname="DateTimeExtensions.Tests.PortugueseHolidaysNamesTest" runstate="Runnable" testcasecount="2" result="Passed" start-time="2017-01-14 00:39:32Z" end-time="2017-01-14 00:39:32Z" duration="0.013510" total="2" passed="2" failed="0" warnings="0" inconclusive="0" skipped="0" asserts="39">
            <test-case id="1202" name="AssertBrazilianHolidaysAreTranslated" fullname="DateTimeExtensions.Tests.PortugueseHolidaysNamesTest.AssertBrazilianHolidaysAreTranslated" methodname="AssertBrazilianHolidaysAreTranslated" classname="DateTimeExtensions.Tests.PortugueseHolidaysNamesTest" runstate="Runnable" seed="1927451445" result="Passed" start-time="2017-01-14 00:39:32Z" end-time="2017-01-14 00:39:32Z" duration="0.004290" asserts="18" />
            <test-case id="1201" name="AssertPortugueseHolidaysAreTranslated" fullname="DateTimeExtensions.Tests.PortugueseHolidaysNamesTest.AssertPortugueseHolidaysAreTranslated" methodname="AssertPortugueseHolidaysAreTranslated" classname="DateTimeExtensions.Tests.PortugueseHolidaysNamesTest" runstate="Runnable" seed="290022409" result="Passed" start-time="2017-01-14 00:39:32Z" end-time="2017-01-14 00:39:32Z" duration="0.002585" asserts="21" />
          </test-suite>
          <test-suite type="TestFixture" id="1129" name="PTCalendarTests" fullname="DateTimeExtensions.Tests.PTCalendarTests" classname="DateTimeExtensions.Tests.PTCalendarTests" runstate="Runnable" testcasecount="8" result="Passed" start-time="2017-01-14 00:39:32Z" end-time="2017-01-14 00:39:32Z" duration="0.035074" total="8" passed="8" failed="0" warnings="0" inconclusive="0" skipped="0" asserts="30">
            <test-case id="1134" name="adding_large_number_of_days" fullname="DateTimeExtensions.Tests.PTCalendarTests.adding_large_number_of_days" methodname="adding_large_number_of_days" classname="DateTimeExtensions.Tests.PTCalendarTests" runstate="Runnable" seed="1990187675" result="Passed" start-time="2017-01-14 00:39:32Z" end-time="2017-01-14 00:39:32Z" duration="0.001042" asserts="2" />
            <test-case id="1131" name="adding_working_days_should_not_count_weekends" fullname="DateTimeExtensions.Tests.PTCalendarTests.adding_working_days_should_not_count_weekends" methodname="adding_working_days_should_not_count_weekends" classname="DateTimeExtensions.Tests.PTCalendarTests" runstate="Runnable" seed="1802047592" result="Passed" start-time="2017-01-14 00:39:32Z" end-time="2017-01-14 00:39:32Z" duration="0.000488" asserts="5" />
            <test-case id="1133" name="adding_zero_working_days_should_return_same_day" fullname="DateTimeExtensions.Tests.PTCalendarTests.adding_zero_working_days_should_return_same_day" methodname="adding_zero_working_days_should_return_same_day" classname="DateTimeExtensions.Tests.PTCalendarTests" runstate="Runnable" seed="2031861182" result="Passed" start-time="2017-01-14 00:39:32Z" end-time="2017-01-14 00:39:32Z" duration="0.000609" asserts="3" />
            <test-case id="1136" name="can_use_christian_holidays_in_calulations" fullname="DateTimeExtensions.Tests.PTCalendarTests.can_use_christian_holidays_in_calulations" methodname="can_use_christian_holidays_in_calulations" classname="DateTimeExtensions.Tests.PTCalendarTests" runstate="Runnable" seed="915292516" result="Passed" start-time="2017-01-14 00:39:32Z" end-time="2017-01-14 00:39:32Z" duration="0.000390" asserts="2" />
            <test-case id="1137" name="can_use_national_holidays_in_calulations" fullname="DateTimeExtensions.Tests.PTCalendarTests.can_use_national_holidays_in_calulations" methodname="can_use_national_holidays_in_calulations" classname="DateTimeExtensions.Tests.PTCalendarTests" runstate="Runnable" seed="42940850" result="Passed" start-time="2017-01-14 00:39:32Z" end-time="2017-01-14 00:39:32Z" duration="0.000428" asserts="2" />
            <test-case id="1130" name="default_working_days" fullname="DateTimeExtensions.Tests.PTCalendarTests.default_working_days" methodname="default_working_days" classname="DateTimeExtensions.Tests.PTCalendarTests" runstate="Runnable" seed="1665724165" result="Passed" start-time="2017-01-14 00:39:32Z" end-time="2017-01-14 00:39:32Z" duration="0.001162" asserts="10" />
            <test-case id="1132" name="subtracting_working_days_should_not_count_weekends" fullname="DateTimeExtensions.Tests.PTCalendarTests.subtracting_working_days_should_not_count_weekends" methodname="subtracting_working_days_should_not_count_weekends" classname="DateTimeExtensions.Tests.PTCalendarTests" runstate="Runnable" seed="1384070186" result="Passed" start-time="2017-01-14 00:39:32Z" end-time="2017-01-14 00:39:32Z" duration="0.000423" asserts="5" />
            <test-case id="1135" name="use_holidays_in_calulations" fullname="DateTimeExtensions.Tests.PTCalendarTests.use_holidays_in_calulations" methodname="use_holidays_in_calulations" classname="DateTimeExtensions.Tests.PTCalendarTests" runstate="Runnable" seed="789027181" result="Passed" start-time="2017-01-14 00:39:32Z" end-time="2017-01-14 00:39:32Z" duration="0.000497" asserts="1" />
          </test-suite>
          <test-suite type="TestFixture" id="1138" name="PTWorkingDayCultureInfoTests" fullname="DateTimeExtensions.Tests.PTWorkingDayCultureInfoTests" classname="DateTimeExtensions.Tests.PTWorkingDayCultureInfoTests" runstate="Runnable" testcasecount="2" result="Passed" start-time="2017-01-14 00:39:32Z" end-time="2017-01-14 00:39:32Z" duration="0.009043" total="2" passed="2" failed="0" warnings="0" inconclusive="0" skipped="0" asserts="4">
            <test-case id="1140" name="can_locate_by_culture_info" fullname="DateTimeExtensions.Tests.PTWorkingDayCultureInfoTests.can_locate_by_culture_info" methodname="can_locate_by_culture_info" classname="DateTimeExtensions.Tests.PTWorkingDayCultureInfoTests" runstate="Runnable" seed="250688751" result="Passed" start-time="2017-01-14 00:39:32Z" end-time="2017-01-14 00:39:32Z" duration="0.001664" asserts="2" />
            <test-case id="1139" name="can_locate_by_name" fullname="DateTimeExtensions.Tests.PTWorkingDayCultureInfoTests.can_locate_by_name" methodname="can_locate_by_name" classname="DateTimeExtensions.Tests.PTWorkingDayCultureInfoTests" runstate="Runnable" seed="1449454595" result="Passed" start-time="2017-01-14 00:39:32Z" end-time="2017-01-14 00:39:32Z" duration="0.000790" asserts="2" />
          </test-suite>
          <test-suite type="TestFixture" id="1141" name="RoundCeilingFloorDatesTests" fullname="DateTimeExtensions.Tests.RoundCeilingFloorDatesTests" classname="DateTimeExtensions.Tests.RoundCeilingFloorDatesTests" runstate="Runnable" testcasecount="12" result="Passed" start-time="2017-01-14 00:39:32Z" end-time="2017-01-14 00:39:32Z" duration="0.052904" total="12" passed="12" failed="0" warnings="0" inconclusive="0" skipped="0" asserts="12">
            <test-case id="1150" name="hours_ceiling_test" fullname="DateTimeExtensions.Tests.RoundCeilingFloorDatesTests.hours_ceiling_test" methodname="hours_ceiling_test" classname="DateTimeExtensions.Tests.RoundCeilingFloorDatesTests" runstate="Runnable" seed="580019560" result="Passed" start-time="2017-01-14 00:39:32Z" end-time="2017-01-14 00:39:32Z" duration="0.000733" asserts="1" />
            <test-case id="1153" name="hours_floor_test" fullname="DateTimeExtensions.Tests.RoundCeilingFloorDatesTests.hours_floor_test" methodname="hours_floor_test" classname="DateTimeExtensions.Tests.RoundCeilingFloorDatesTests" runstate="Runnable" seed="885824087" result="Passed" start-time="2017-01-14 00:39:32Z" end-time="2017-01-14 00:39:32Z" duration="0.000690" asserts="1" />
            <test-case id="1146" name="hours_round_down_test" fullname="DateTimeExtensions.Tests.RoundCeilingFloorDatesTests.hours_round_down_test" methodname="hours_round_down_test" classname="DateTimeExtensions.Tests.RoundCeilingFloorDatesTests" runstate="Runnable" seed="1346290909" result="Passed" start-time="2017-01-14 00:39:32Z" end-time="2017-01-14 00:39:32Z" duration="0.000655" asserts="1" />
            <test-case id="1147" name="hours_round_up_test" fullname="DateTimeExtensions.Tests.RoundCeilingFloorDatesTests.hours_round_up_test" methodname="hours_round_up_test" classname="DateTimeExtensions.Tests.RoundCeilingFloorDatesTests" runstate="Runnable" seed="359391035" result="Passed" start-time="2017-01-14 00:39:32Z" end-time="2017-01-14 00:39:32Z" duration="0.000678" asserts="1" />
            <test-case id="1149" name="minutes_ceiling_test" fullname="DateTimeExtensions.Tests.RoundCeilingFloorDatesTests.minutes_ceiling_test" methodname="minutes_ceiling_test" classname="DateTimeExtensions.Tests.RoundCeilingFloorDatesTests" runstate="Runnable" seed="318551945" result="Passed" start-time="2017-01-14 00:39:32Z" end-time="2017-01-14 00:39:32Z" duration="0.000760" asserts="1" />
            <test-case id="1152" name="minutes_floor_test" fullname="DateTimeExtensions.Tests.RoundCeilingFloorDatesTests.minutes_floor_test" methodname="minutes_floor_test" classname="DateTimeExtensions.Tests.RoundCeilingFloorDatesTests" runstate="Runnable" seed="446079358" result="Passed" start-time="2017-01-14 00:39:32Z" end-time="2017-01-14 00:39:32Z" duration="0.000425" asserts="1" />
            <test-case id="1144" name="minutes_round_down_test" fullname="DateTimeExtensions.Tests.RoundCeilingFloorDatesTests.minutes_round_down_test" methodname="minutes_round_down_test" classname="DateTimeExtensions.Tests.RoundCeilingFloorDatesTests" runstate="Runnable" seed="70902636" result="Passed" start-time="2017-01-14 00:39:32Z" end-time="2017-01-14 00:39:32Z" duration="0.000385" asserts="1" />
            <test-case id="1145" name="minutes_round_up_test" fullname="DateTimeExtensions.Tests.RoundCeilingFloorDatesTests.minutes_round_up_test" methodname="minutes_round_up_test" classname="DateTimeExtensions.Tests.RoundCeilingFloorDatesTests" runstate="Runnable" seed="1404419079" result="Passed" start-time="2017-01-14 00:39:32Z" end-time="2017-01-14 00:39:32Z" duration="0.001226" asserts="1" />
            <test-case id="1148" name="seconds_ceiling_test" fullname="DateTimeExtensions.Tests.RoundCeilingFloorDatesTests.seconds_ceiling_test" methodname="seconds_ceiling_test" classname="DateTimeExtensions.Tests.RoundCeilingFloorDatesTests" runstate="Runnable" seed="733543176" result="Passed" start-time="2017-01-14 00:39:32Z" end-time="2017-01-14 00:39:32Z" duration="0.000636" asserts="1" />
            <test-case id="1151" name="seconds_floor_test" fullname="DateTimeExtensions.Tests.RoundCeilingFloorDatesTests.seconds_floor_test" methodname="seconds_floor_test" classname="DateTimeExtensions.Tests.RoundCeilingFloorDatesTests" runstate="Runnable" seed="1141033848" result="Passed" start-time="2017-01-14 00:39:32Z" end-time="2017-01-14 00:39:32Z" duration="0.000694" asserts="1" />
            <test-case id="1142" name="seconds_round_down_test" fullname="DateTimeExtensions.Tests.RoundCeilingFloorDatesTests.seconds_round_down_test" methodname="seconds_round_down_test" classname="DateTimeExtensions.Tests.RoundCeilingFloorDatesTests" runstate="Runnable" seed="1008037116" result="Passed" start-time="2017-01-14 00:39:32Z" end-time="2017-01-14 00:39:32Z" duration="0.000597" asserts="1" />
            <test-case id="1143" name="seconds_round_up_test" fullname="DateTimeExtensions.Tests.RoundCeilingFloorDatesTests.seconds_round_up_test" methodname="seconds_round_up_test" classname="DateTimeExtensions.Tests.RoundCeilingFloorDatesTests" runstate="Runnable" seed="751286689" result="Passed" start-time="2017-01-14 00:39:32Z" end-time="2017-01-14 00:39:32Z" duration="0.002871" asserts="1" />
          </test-suite>
          <test-suite type="TestFixture" id="1203" name="SpanishHolidaysNamesTest" fullname="DateTimeExtensions.Tests.SpanishHolidaysNamesTest" classname="DateTimeExtensions.Tests.SpanishHolidaysNamesTest" runstate="Runnable" testcasecount="1" result="Passed" start-time="2017-01-14 00:39:32Z" end-time="2017-01-14 00:39:32Z" duration="0.011740" total="1" passed="1" failed="0" warnings="0" inconclusive="0" skipped="0" asserts="19">
            <test-case id="1204" name="AssertSpanishHolidaysAreTranslated" fullname="DateTimeExtensions.Tests.SpanishHolidaysNamesTest.AssertSpanishHolidaysAreTranslated" methodname="AssertSpanishHolidaysAreTranslated" classname="DateTimeExtensions.Tests.SpanishHolidaysNamesTest" runstate="Runnable" seed="848524281" result="Passed" start-time="2017-01-14 00:39:32Z" end-time="2017-01-14 00:39:32Z" duration="0.004555" asserts="19" />
          </test-suite>
          <test-suite type="TestFixture" id="1154" name="TimeTests" fullname="DateTimeExtensions.Tests.TimeTests" classname="DateTimeExtensions.Tests.TimeTests" runstate="Runnable" testcasecount="8" result="Passed" start-time="2017-01-14 00:39:32Z" end-time="2017-01-14 00:39:32Z" duration="0.039772" total="8" passed="8" failed="0" warnings="0" inconclusive="0" skipped="0" asserts="16">
            <test-case id="1162" name="can_compare_inverted_between" fullname="DateTimeExtensions.Tests.TimeTests.can_compare_inverted_between" methodname="can_compare_inverted_between" classname="DateTimeExtensions.Tests.TimeTests" runstate="Runnable" seed="1354835778" result="Passed" start-time="2017-01-14 00:39:32Z" end-time="2017-01-14 00:39:32Z" duration="0.002820" asserts="4" />
            <test-case id="1161" name="can_compare_times" fullname="DateTimeExtensions.Tests.TimeTests.can_compare_times" methodname="can_compare_times" classname="DateTimeExtensions.Tests.TimeTests" runstate="Runnable" seed="713945707" result="Passed" start-time="2017-01-14 00:39:32Z" end-time="2017-01-14 00:39:32Z" duration="0.000958" asserts="6" />
            <test-case id="1160" name="can_extract_time_from_datetime" fullname="DateTimeExtensions.Tests.TimeTests.can_extract_time_from_datetime" methodname="can_extract_time_from_datetime" classname="DateTimeExtensions.Tests.TimeTests" runstate="Runnable" seed="1282846697" result="Passed" start-time="2017-01-14 00:39:32Z" end-time="2017-01-14 00:39:32Z" duration="0.000608" asserts="1" />
            <test-case id="1156" name="can_format_12hour_time" fullname="DateTimeExtensions.Tests.TimeTests.can_format_12hour_time" methodname="can_format_12hour_time" classname="DateTimeExtensions.Tests.TimeTests" runstate="Runnable" seed="819471899" result="Passed" start-time="2017-01-14 00:39:32Z" end-time="2017-01-14 00:39:32Z" duration="0.001173" asserts="1" />
            <test-case id="1155" name="can_format_24hour_time" fullname="DateTimeExtensions.Tests.TimeTests.can_format_24hour_time" methodname="can_format_24hour_time" classname="DateTimeExtensions.Tests.TimeTests" runstate="Runnable" seed="162776048" result="Passed" start-time="2017-01-14 00:39:32Z" end-time="2017-01-14 00:39:32Z" duration="0.000419" asserts="1" />
            <test-case id="1157" name="can_parse_time" fullname="DateTimeExtensions.Tests.TimeTests.can_parse_time" methodname="can_parse_time" classname="DateTimeExtensions.Tests.TimeTests" runstate="Runnable" seed="1211755383" result="Passed" start-time="2017-01-14 00:39:32Z" end-time="2017-01-14 00:39:32Z" duration="0.002534" asserts="1" />
            <test-case id="1158" name="can_parse_time_leading_zero" fullname="DateTimeExtensions.Tests.TimeTests.can_parse_time_leading_zero" methodname="can_parse_time_leading_zero" classname="DateTimeExtensions.Tests.TimeTests" runstate="Runnable" seed="1477566324" result="Passed" start-time="2017-01-14 00:39:32Z" end-time="2017-01-14 00:39:32Z" duration="0.000419" asserts="1" />
            <test-case id="1159" name="can_parse_time_two_digit_hours" fullname="DateTimeExtensions.Tests.TimeTests.can_parse_time_two_digit_hours" methodname="can_parse_time_two_digit_hours" classname="DateTimeExtensions.Tests.TimeTests" runstate="Runnable" seed="1636527028" result="Passed" start-time="2017-01-14 00:39:32Z" end-time="2017-01-14 00:39:32Z" duration="0.000504" asserts="1" />
          </test-suite>
          <test-suite type="TestFixture" id="1163" name="ViHolidaysTests" fullname="DateTimeExtensions.Tests.ViHolidaysTests" classname="DateTimeExtensions.Tests.ViHolidaysTests" runstate="Runnable" testcasecount="27" result="Passed" start-time="2017-01-14 00:39:32Z" end-time="2017-01-14 00:39:32Z" duration="0.127733" total="27" passed="27" failed="0" warnings="0" inconclusive="0" skipped="0" asserts="27">
            <test-suite type="ParameterizedMethod" id="1170" name="ShouldBeHungKingsCommemorationsDay" fullname="DateTimeExtensions.Tests.ViHolidaysTests.ShouldBeHungKingsCommemorationsDay" classname="DateTimeExtensions.Tests.ViHolidaysTests" runstate="Runnable" testcasecount="5" result="Passed" start-time="2017-01-14 00:39:32Z" end-time="2017-01-14 00:39:32Z" duration="0.019038" total="5" passed="5" failed="0" warnings="0" inconclusive="0" skipped="0" asserts="5">
              <test-case id="1165" name="ShouldBeHungKingsCommemorationsDay(03/10/2015 00:00:00)" fullname="DateTimeExtensions.Tests.ViHolidaysTests.ShouldBeHungKingsCommemorationsDay(03/10/2015 00:00:00)" methodname="ShouldBeHungKingsCommemorationsDay" classname="DateTimeExtensions.Tests.ViHolidaysTests" runstate="Runnable" seed="744940280" result="Passed" start-time="2017-01-14 00:39:32Z" end-time="2017-01-14 00:39:32Z" duration="0.001374" asserts="1" />
              <test-case id="1166" name="ShouldBeHungKingsCommemorationsDay(03/10/2112 00:00:00)" fullname="DateTimeExtensions.Tests.ViHolidaysTests.ShouldBeHungKingsCommemorationsDay(03/10/2112 00:00:00)" methodname="ShouldBeHungKingsCommemorationsDay" classname="DateTimeExtensions.Tests.ViHolidaysTests" runstate="Runnable" seed="1494953950" result="Passed" start-time="2017-01-14 00:39:32Z" end-time="2017-01-14 00:39:32Z" duration="0.000342" asserts="1" />
              <test-case id="1167" name="ShouldBeHungKingsCommemorationsDay(03/10/2014 00:00:00)" fullname="DateTimeExtensions.Tests.ViHolidaysTests.ShouldBeHungKingsCommemorationsDay(03/10/2014 00:00:00)" methodname="ShouldBeHungKingsCommemorationsDay" classname="DateTimeExtensions.Tests.ViHolidaysTests" runstate="Runnable" seed="1309536208" result="Passed" start-time="2017-01-14 00:39:32Z" end-time="2017-01-14 00:39:32Z" duration="0.000473" asserts="1" />
              <test-case id="1168" name="ShouldBeHungKingsCommemorationsDay(03/10/2022 00:00:00)" fullname="DateTimeExtensions.Tests.ViHolidaysTests.ShouldBeHungKingsCommemorationsDay(03/10/2022 00:00:00)" methodname="ShouldBeHungKingsCommemorationsDay" classname="DateTimeExtensions.Tests.ViHolidaysTests" runstate="Runnable" seed="2100913274" result="Passed" start-time="2017-01-14 00:39:32Z" end-time="2017-01-14 00:39:32Z" duration="0.000734" asserts="1" />
              <test-case id="1169" name="ShouldBeHungKingsCommemorationsDay(03/10/2017 00:00:00)" fullname="DateTimeExtensions.Tests.ViHolidaysTests.ShouldBeHungKingsCommemorationsDay(03/10/2017 00:00:00)" methodname="ShouldBeHungKingsCommemorationsDay" classname="DateTimeExtensions.Tests.ViHolidaysTests" runstate="Runnable" seed="58116322" result="Passed" start-time="2017-01-14 00:39:32Z" end-time="2017-01-14 00:39:32Z" duration="0.000329" asserts="1" />
            </test-suite>
            <test-suite type="ParameterizedMethod" id="1182" name="ShouldBeInternationalWorkersDay" fullname="DateTimeExtensions.Tests.ViHolidaysTests.ShouldBeInternationalWorkersDay" classname="DateTimeExtensions.Tests.ViHolidaysTests" runstate="Runnable" testcasecount="5" result="Passed" start-time="2017-01-14 00:39:32Z" end-time="2017-01-14 00:39:32Z" duration="0.021035" total="5" passed="5" failed="0" warnings="0" inconclusive="0" skipped="0" asserts="5">
              <test-case id="1177" name="ShouldBeInternationalWorkersDay(05/01/2015 00:00:00)" fullname="DateTimeExtensions.Tests.ViHolidaysTests.ShouldBeInternationalWorkersDay(05/01/2015 00:00:00)" methodname="ShouldBeInternationalWorkersDay" classname="DateTimeExtensions.Tests.ViHolidaysTests" runstate="Runnable" seed="351815001" result="Passed" start-time="2017-01-14 00:39:32Z" end-time="2017-01-14 00:39:32Z" duration="0.000552" asserts="1" />
              <test-case id="1178" name="ShouldBeInternationalWorkersDay(05/01/2112 00:00:00)" fullname="DateTimeExtensions.Tests.ViHolidaysTests.ShouldBeInternationalWorkersDay(05/01/2112 00:00:00)" methodname="ShouldBeInternationalWorkersDay" classname="DateTimeExtensions.Tests.ViHolidaysTests" runstate="Runnable" seed="2111643129" result="Passed" start-time="2017-01-14 00:39:32Z" end-time="2017-01-14 00:39:32Z" duration="0.000441" asserts="1" />
              <test-case id="1179" name="ShouldBeInternationalWorkersDay(05/01/2014 00:00:00)" fullname="DateTimeExtensions.Tests.ViHolidaysTests.ShouldBeInternationalWorkersDay(05/01/2014 00:00:00)" methodname="ShouldBeInternationalWorkersDay" classname="DateTimeExtensions.Tests.ViHolidaysTests" runstate="Runnable" seed="469999218" result="Passed" start-time="2017-01-14 00:39:32Z" end-time="2017-01-14 00:39:32Z" duration="0.000888" asserts="1" />
              <test-case id="1180" name="ShouldBeInternationalWorkersDay(05/01/2022 00:00:00)" fullname="DateTimeExtensions.Tests.ViHolidaysTests.ShouldBeInternationalWorkersDay(05/01/2022 00:00:00)" methodname="ShouldBeInternationalWorkersDay" classname="DateTimeExtensions.Tests.ViHolidaysTests" runstate="Runnable" seed="493632331" result="Passed" start-time="2017-01-14 00:39:32Z" end-time="2017-01-14 00:39:32Z" duration="0.000996" asserts="1" />
              <test-case id="1181" name="ShouldBeInternationalWorkersDay(05/01/2017 00:00:00)" fullname="DateTimeExtensions.Tests.ViHolidaysTests.ShouldBeInternationalWorkersDay(05/01/2017 00:00:00)" methodname="ShouldBeInternationalWorkersDay" classname="DateTimeExtensions.Tests.ViHolidaysTests" runstate="Runnable" seed="1278748009" result="Passed" start-time="2017-01-14 00:39:32Z" end-time="2017-01-14 00:39:32Z" duration="0.000438" asserts="1" />
            </test-suite>
            <test-suite type="ParameterizedMethod" id="1176" name="ShouldBeLiberationDay" fullname="DateTimeExtensions.Tests.ViHolidaysTests.ShouldBeLiberationDay" classname="DateTimeExtensions.Tests.ViHolidaysTests" runstate="Runnable" testcasecount="5" result="Passed" start-time="2017-01-14 00:39:32Z" end-time="2017-01-14 00:39:32Z" duration="0.021174" total="5" passed="5" failed="0" warnings="0" inconclusive="0" skipped="0" asserts="5">
              <test-case id="1171" name="ShouldBeLiberationDay(04/30/2015 00:00:00)" fullname="DateTimeExtensions.Tests.ViHolidaysTests.ShouldBeLiberationDay(04/30/2015 00:00:00)" methodname="ShouldBeLiberationDay" classname="DateTimeExtensions.Tests.ViHolidaysTests" runstate="Runnable" seed="1293043186" result="Passed" start-time="2017-01-14 00:39:32Z" end-time="2017-01-14 00:39:32Z" duration="0.000551" asserts="1" />
              <test-case id="1172" name="ShouldBeLiberationDay(04/30/2112 00:00:00)" fullname="DateTimeExtensions.Tests.ViHolidaysTests.ShouldBeLiberationDay(04/30/2112 00:00:00)" methodname="ShouldBeLiberationDay" classname="DateTimeExtensions.Tests.ViHolidaysTests" runstate="Runnable" seed="1957625393" result="Passed" start-time="2017-01-14 00:39:32Z" end-time="2017-01-14 00:39:32Z" duration="0.000310" asserts="1" />
              <test-case id="1173" name="ShouldBeLiberationDay(04/30/2014 00:00:00)" fullname="DateTimeExtensions.Tests.ViHolidaysTests.ShouldBeLiberationDay(04/30/2014 00:00:00)" methodname="ShouldBeLiberationDay" classname="DateTimeExtensions.Tests.ViHolidaysTests" runstate="Runnable" seed="660016650" result="Passed" start-time="2017-01-14 00:39:32Z" end-time="2017-01-14 00:39:32Z" duration="0.000574" asserts="1" />
              <test-case id="1174" name="ShouldBeLiberationDay(04/30/2022 00:00:00)" fullname="DateTimeExtensions.Tests.ViHolidaysTests.ShouldBeLiberationDay(04/30/2022 00:00:00)" methodname="ShouldBeLiberationDay" classname="DateTimeExtensions.Tests.ViHolidaysTests" runstate="Runnable" seed="134500781" result="Passed" start-time="2017-01-14 00:39:32Z" end-time="2017-01-14 00:39:32Z" duration="0.000760" asserts="1" />
              <test-case id="1175" name="ShouldBeLiberationDay(04/30/2017 00:00:00)" fullname="DateTimeExtensions.Tests.ViHolidaysTests.ShouldBeLiberationDay(04/30/2017 00:00:00)" methodname="ShouldBeLiberationDay" classname="DateTimeExtensions.Tests.ViHolidaysTests" runstate="Runnable" seed="1228915815" result="Passed" start-time="2017-01-14 00:39:32Z" end-time="2017-01-14 00:39:32Z" duration="0.001032" asserts="1" />
            </test-suite>
            <test-suite type="ParameterizedMethod" id="1188" name="ShouldBeNationalDay" fullname="DateTimeExtensions.Tests.ViHolidaysTests.ShouldBeNationalDay" classname="DateTimeExtensions.Tests.ViHolidaysTests" runstate="Runnable" testcasecount="5" result="Passed" start-time="2017-01-14 00:39:32Z" end-time="2017-01-14 00:39:32Z" duration="0.020006" total="5" passed="5" failed="0" warnings="0" inconclusive="0" skipped="0" asserts="5">
              <test-case id="1183" name="ShouldBeNationalDay(09/02/2015 00:00:00)" fullname="DateTimeExtensions.Tests.ViHolidaysTests.ShouldBeNationalDay(09/02/2015 00:00:00)" methodname="ShouldBeNationalDay" classname="DateTimeExtensions.Tests.ViHolidaysTests" runstate="Runnable" seed="1607218478" result="Passed" start-time="2017-01-14 00:39:32Z" end-time="2017-01-14 00:39:32Z" duration="0.000458" asserts="1" />
              <test-case id="1184" name="ShouldBeNationalDay(09/02/2112 00:00:00)" fullname="DateTimeExtensions.Tests.ViHolidaysTests.ShouldBeNationalDay(09/02/2112 00:00:00)" methodname="ShouldBeNationalDay" classname="DateTimeExtensions.Tests.ViHolidaysTests" runstate="Runnable" seed="259378857" result="Passed" start-time="2017-01-14 00:39:32Z" end-time="2017-01-14 00:39:32Z" duration="0.000555" asserts="1" />
              <test-case id="1185" name="ShouldBeNationalDay(09/02/2014 00:00:00)" fullname="DateTimeExtensions.Tests.ViHolidaysTests.ShouldBeNationalDay(09/02/2014 00:00:00)" methodname="ShouldBeNationalDay" classname="DateTimeExtensions.Tests.ViHolidaysTests" runstate="Runnable" seed="657339163" result="Passed" start-time="2017-01-14 00:39:32Z" end-time="2017-01-14 00:39:32Z" duration="0.000336" asserts="1" />
              <test-case id="1186" name="ShouldBeNationalDay(09/02/2022 00:00:00)" fullname="DateTimeExtensions.Tests.ViHolidaysTests.ShouldBeNationalDay(09/02/2022 00:00:00)" methodname="ShouldBeNationalDay" classname="DateTimeExtensions.Tests.ViHolidaysTests" runstate="Runnable" seed="1052847448" result="Passed" start-time="2017-01-14 00:39:32Z" end-time="2017-01-14 00:39:32Z" duration="0.000303" asserts="1" />
              <test-case id="1187" name="ShouldBeNationalDay(09/02/2017 00:00:00)" fullname="DateTimeExtensions.Tests.ViHolidaysTests.ShouldBeNationalDay(09/02/2017 00:00:00)" methodname="ShouldBeNationalDay" classname="DateTimeExtensions.Tests.ViHolidaysTests" runstate="Runnable" seed="321320599" result="Passed" start-time="2017-01-14 00:39:32Z" end-time="2017-01-14 00:39:32Z" duration="0.000299" asserts="1" />
            </test-suite>
            <test-suite type="ParameterizedMethod" id="1194" name="ShouldBeNewYearDay" fullname="DateTimeExtensions.Tests.ViHolidaysTests.ShouldBeNewYearDay" classname="DateTimeExtensions.Tests.ViHolidaysTests" runstate="Runnable" testcasecount="5" result="Passed" start-time="2017-01-14 00:39:32Z" end-time="2017-01-14 00:39:32Z" duration="0.019029" total="5" passed="5" failed="0" warnings="0" inconclusive="0" skipped="0" asserts="5">
              <test-case id="1189" name="ShouldBeNewYearDay(01/01/2015 00:00:00)" fullname="DateTimeExtensions.Tests.ViHolidaysTests.ShouldBeNewYearDay(01/01/2015 00:00:00)" methodname="ShouldBeNewYearDay" classname="DateTimeExtensions.Tests.ViHolidaysTests" runstate="Runnable" seed="860064966" result="Passed" start-time="2017-01-14 00:39:32Z" end-time="2017-01-14 00:39:32Z" duration="0.000922" asserts="1" />
              <test-case id="1190" name="ShouldBeNewYearDay(01/01/2112 00:00:00)" fullname="DateTimeExtensions.Tests.ViHolidaysTests.ShouldBeNewYearDay(01/01/2112 00:00:00)" methodname="ShouldBeNewYearDay" classname="DateTimeExtensions.Tests.ViHolidaysTests" runstate="Runnable" seed="123593374" result="Passed" start-time="2017-01-14 00:39:32Z" end-time="2017-01-14 00:39:32Z" duration="0.000875" asserts="1" />
              <test-case id="1191" name="ShouldBeNewYearDay(01/01/2014 00:00:00)" fullname="DateTimeExtensions.Tests.ViHolidaysTests.ShouldBeNewYearDay(01/01/2014 00:00:00)" methodname="ShouldBeNewYearDay" classname="DateTimeExtensions.Tests.ViHolidaysTests" runstate="Runnable" seed="1272753197" result="Passed" start-time="2017-01-14 00:39:32Z" end-time="2017-01-14 00:39:32Z" duration="0.000494" asserts="1" />
              <test-case id="1192" name="ShouldBeNewYearDay(01/01/2022 00:00:00)" fullname="DateTimeExtensions.Tests.ViHolidaysTests.ShouldBeNewYearDay(01/01/2022 00:00:00)" methodname="ShouldBeNewYearDay" classname="DateTimeExtensions.Tests.ViHolidaysTests" runstate="Runnable" seed="2045174138" result="Passed" start-time="2017-01-14 00:39:32Z" end-time="2017-01-14 00:39:32Z" duration="0.000462" asserts="1" />
              <test-case id="1193" name="ShouldBeNewYearDay(01/01/2017 00:00:00)" fullname="DateTimeExtensions.Tests.ViHolidaysTests.ShouldBeNewYearDay(01/01/2017 00:00:00)" methodname="ShouldBeNewYearDay" classname="DateTimeExtensions.Tests.ViHolidaysTests" runstate="Runnable" seed="664447605" result="Passed" start-time="2017-01-14 00:39:32Z" end-time="2017-01-14 00:39:32Z" duration="0.000334" asserts="1" />
            </test-suite>
            <test-case id="1164" name="ShouldGetViVnStrategy" fullname="DateTimeExtensions.Tests.ViHolidaysTests.ShouldGetViVnStrategy" methodname="ShouldGetViVnStrategy" classname="DateTimeExtensions.Tests.ViHolidaysTests" runstate="Runnable" seed="443076573" result="Passed" start-time="2017-01-14 00:39:32Z" end-time="2017-01-14 00:39:32Z" duration="0.000911" asserts="1" />
            <test-case id="1195" name="VietNamPublicHolidaysShouldBe5" fullname="DateTimeExtensions.Tests.ViHolidaysTests.VietNamPublicHolidaysShouldBe5" methodname="VietNamPublicHolidaysShouldBe5" classname="DateTimeExtensions.Tests.ViHolidaysTests" runstate="Runnable" seed="622923672" result="Passed" start-time="2017-01-14 00:39:32Z" end-time="2017-01-14 00:39:32Z" duration="0.000927" asserts="1" />
          </test-suite>
        </test-suite>
      </test-suite>
    </test-suite>
  </test-run>
</test-run>